#
# There is insufficient memory for the Java Runtime Environment to continue.
# Native memory allocation (malloc) failed to allocate 1414736 bytes for Chunk::new
# Possible reasons:
#   The system is out of physical RAM or swap space
#   The process is running with CompressedOops enabled, and the Java Heap may be blocking the growth of the native heap
# Possible solutions:
#   Reduce memory load on the system
#   Increase physical memory or swap space
#   Check if swap backing store is full
#   Decrease Java heap size (-Xmx/-Xms)
#   Decrease number of Java threads
#   Decrease Java thread stack sizes (-Xss)
#   Set larger code cache with -XX:ReservedCodeCacheSize=
#   JVM is running with Unscaled Compressed Oops mode in which the Java heap is
#     placed in the first 4GB address space. The Java Heap base address is the
#     maximum limit for the native heap growth. Please use -XX:HeapBaseMinAddress
#     to set the Java Heap base and to place the Java Heap above 4GB virtual address.
# This output file may be truncated or incomplete.
#
#  Out of Memory Error (arena.cpp:195), pid=32260, tid=8132
#
# JRE version: Java(TM) SE Runtime Environment (16.0.2+7) (build 16.0.2+7-67)
# Java VM: Java HotSpot(TM) 64-Bit Server VM (16.0.2+7-67, mixed mode, sharing, tiered, compressed oops, compressed class ptrs, g1 gc, windows-amd64)
# No core dump will be written. Minidumps are not enabled by default on client versions of Windows
#

---------------  S U M M A R Y ------------

Command Line: -XX:MaxMetaspaceSize=512m --add-opens=java.base/java.util=ALL-UNNAMED --add-opens=java.base/java.lang=ALL-UNNAMED --add-opens=java.base/java.lang.invoke=ALL-UNNAMED --add-opens=java.prefs/java.util.prefs=ALL-UNNAMED --add-opens=java.base/java.nio.charset=ALL-UNNAMED --add-opens=java.base/java.net=ALL-UNNAMED --add-opens=java.base/java.util.concurrent.atomic=ALL-UNNAMED -Xmx2048m -Dfile.encoding=utf8 -Duser.country=ID -Duser.language=en -Duser.variant -javaagent:C:\Users\DAFI\.gradle\wrapper\dists\gradle-8.3-all\6en3ugtfdg5xnpx44z4qbwgas\gradle-8.3\lib\agents\gradle-instrumentation-agent-8.3.jar org.gradle.launcher.daemon.bootstrap.GradleDaemon 8.3

Host: AMD Ryzen 7 5700U with Radeon Graphics         , 16 cores, 5G,  Windows 10 , 64 bit Build 26100 (10.0.26100.4484)
Time: Thu Apr 30 10:04:53 2026 SE Asia Standard Time elapsed time: 9.238203 seconds (0d 0h 0m 9s)

---------------  T H R E A D  ---------------

Current thread (0x000001c7792a3380):  JavaThread "C2 CompilerThread0" daemon [_thread_in_native, id=8132, stack(0x0000005254100000,0x0000005254200000)]


Current CompileTask:
C2:   9238 4481       4       groovy.lang.MetaClassImpl$1MOPIter::methodNameAction (325 bytes)

Stack: [0x0000005254100000,0x0000005254200000]
Native frames: (J=compiled Java code, j=interpreted, Vv=VM code, C=native code)
V  [jvm.dll+0x6681ca]
V  [jvm.dll+0x7c9e69]
V  [jvm.dll+0x7cb61e]
V  [jvm.dll+0x7cbc73]
V  [jvm.dll+0x242c55]
V  [jvm.dll+0xadeba]
V  [jvm.dll+0xae45c]
V  [jvm.dll+0x35a882]
V  [jvm.dll+0x324de1]
V  [jvm.dll+0x32428a]
V  [jvm.dll+0x215cec]
V  [jvm.dll+0x215100]
V  [jvm.dll+0x1a1beb]
V  [jvm.dll+0x225158]
V  [jvm.dll+0x22319c]
V  [jvm.dll+0x77fa62]
V  [jvm.dll+0x7795aa]
V  [jvm.dll+0x667066]
C  [ucrtbase.dll+0x37b0]
C  [KERNEL32.DLL+0x2e8d7]
C  [ntdll.dll+0x3c34c]


---------------  P R O C E S S  ---------------

Threads class SMR info:
_java_thread_list=0x000001c77abe7d20, length=51, elements={
0x000001c7589643e0, 0x000001c779285f90, 0x000001c779286aa0, 0x000001c779297710,
0x000001c77929a030, 0x000001c77929ed60, 0x000001c77929f670, 0x000001c7792a3380,
0x000001c7792b3d90, 0x000001c7792c8460, 0x000001c779dc0150, 0x000001c779dc10d0,
0x000001c779dc4650, 0x000001c779ea0880, 0x000001c77c792890, 0x000001c77b78aaa0,
0x000001c77b21b210, 0x000001c77b41c810, 0x000001c77bb076f0, 0x000001c77a7ab3e0,
0x000001c77a7ab930, 0x000001c77a7abe80, 0x000001c77a7ace70, 0x000001c77a7ac3d0,
0x000001c77a7ac920, 0x000001c77a7a9ea0, 0x000001c77c2a3110, 0x000001c77c2a3bb0,
0x000001c77c2a4100, 0x000001c77c2a2670, 0x000001c77c2a1130, 0x000001c77c2a1bd0,
0x000001c77c2a0be0, 0x000001c77c2a1680, 0x000001c77c2a2120, 0x000001c77a2368e0,
0x000001c77a2358f0, 0x000001c77a2343b0, 0x000001c77a236e30, 0x000001c77a234e50,
0x000001c77a233e60, 0x000001c77a237e20, 0x000001c77a238370, 0x000001c77a234900,
0x000001c77a2388c0, 0x000001c77a2398b0, 0x000001c77a23a350, 0x000001c77a238e10,
0x000001c77a239360, 0x000001c77a23a8a0, 0x000001c77a23adf0
}

Java Threads: ( => current thread )
  0x000001c7589643e0 JavaThread "main" [_thread_blocked, id=16896, stack(0x0000005253400000,0x0000005253500000)]
  0x000001c779285f90 JavaThread "Reference Handler" daemon [_thread_blocked, id=26364, stack(0x0000005253b00000,0x0000005253c00000)]
  0x000001c779286aa0 JavaThread "Finalizer" daemon [_thread_blocked, id=33776, stack(0x0000005253c00000,0x0000005253d00000)]
  0x000001c779297710 JavaThread "Signal Dispatcher" daemon [_thread_blocked, id=28004, stack(0x0000005253d00000,0x0000005253e00000)]
  0x000001c77929a030 JavaThread "Attach Listener" daemon [_thread_blocked, id=23936, stack(0x0000005253e00000,0x0000005253f00000)]
  0x000001c77929ed60 JavaThread "Service Thread" daemon [_thread_blocked, id=1428, stack(0x0000005253f00000,0x0000005254000000)]
  0x000001c77929f670 JavaThread "Monitor Deflation Thread" daemon [_thread_blocked, id=9688, stack(0x0000005254000000,0x0000005254100000)]
=>0x000001c7792a3380 JavaThread "C2 CompilerThread0" daemon [_thread_in_native, id=8132, stack(0x0000005254100000,0x0000005254200000)]
  0x000001c7792b3d90 JavaThread "C1 CompilerThread0" daemon [_thread_blocked, id=17380, stack(0x0000005254200000,0x0000005254300000)]
  0x000001c7792c8460 JavaThread "Sweeper thread" daemon [_thread_blocked, id=14944, stack(0x0000005254300000,0x0000005254400000)]
  0x000001c779dc0150 JavaThread "Common-Cleaner" daemon [_thread_blocked, id=15560, stack(0x0000005254400000,0x0000005254500000)]
  0x000001c779dc10d0 JavaThread "C1 CompilerThread1" daemon [_thread_blocked, id=14796, stack(0x0000005254500000,0x0000005254600000)]
  0x000001c779dc4650 JavaThread "C1 CompilerThread2" daemon [_thread_blocked, id=10168, stack(0x0000005254600000,0x0000005254700000)]
  0x000001c779ea0880 JavaThread "Notification Thread" daemon [_thread_blocked, id=11948, stack(0x0000005254700000,0x0000005254800000)]
  0x000001c77c792890 JavaThread "Daemon health stats" [_thread_blocked, id=33276, stack(0x0000005254a00000,0x0000005254b00000)]
  0x000001c77b78aaa0 JavaThread "Incoming local TCP Connector on port 56150" [_thread_in_native, id=9448, stack(0x0000005254900000,0x0000005254a00000)]
  0x000001c77b21b210 JavaThread "Daemon periodic checks" [_thread_blocked, id=9536, stack(0x0000005255100000,0x0000005255200000)]
  0x000001c77b41c810 JavaThread "Daemon" [_thread_blocked, id=3932, stack(0x0000005255300000,0x0000005255400000)]
  0x000001c77bb076f0 JavaThread "Handler for socket connection from /127.0.0.1:56150 to /127.0.0.1:56151" [_thread_in_native, id=10868, stack(0x0000005255400000,0x0000005255500000)]
  0x000001c77a7ab3e0 JavaThread "Cancel handler" [_thread_blocked, id=24184, stack(0x0000005255500000,0x0000005255600000)]
  0x000001c77a7ab930 JavaThread "Daemon worker" [_thread_in_native, id=30276, stack(0x0000005255600000,0x0000005255700000)]
  0x000001c77a7abe80 JavaThread "Asynchronous log dispatcher for DefaultDaemonConnection: socket connection from /127.0.0.1:56150 to /127.0.0.1:56151" [_thread_blocked, id=21800, stack(0x0000005255700000,0x0000005255800000)]
  0x000001c77a7ace70 JavaThread "Stdin handler" [_thread_blocked, id=20896, stack(0x0000005255800000,0x0000005255900000)]
  0x000001c77a7ac3d0 JavaThread "Daemon client event forwarder" [_thread_blocked, id=31548, stack(0x0000005255900000,0x0000005255a00000)]
  0x000001c77a7ac920 JavaThread "Cache worker for journal cache (C:\Users\DAFI\.gradle\caches\journal-1)" [_thread_blocked, id=9952, stack(0x0000005256100000,0x0000005256200000)]
  0x000001c77a7a9ea0 JavaThread "File lock request listener" [_thread_in_native, id=6988, stack(0x0000005256200000,0x0000005256300000)]
  0x000001c77c2a3110 JavaThread "Cache worker for file hash cache (C:\Users\DAFI\.gradle\caches\8.3\fileHashes)" [_thread_blocked, id=26600, stack(0x0000005256300000,0x0000005256400000)]
  0x000001c77c2a3bb0 JavaThread "File watcher server" daemon [_thread_in_native, id=27544, stack(0x0000005256400000,0x0000005256500000)]
  0x000001c77c2a4100 JavaThread "File watcher consumer" daemon [_thread_blocked, id=33712, stack(0x0000005256500000,0x0000005256600000)]
  0x000001c77c2a2670 JavaThread "jar transforms" [_thread_blocked, id=28128, stack(0x0000005256600000,0x0000005256700000)]
  0x000001c77c2a1130 JavaThread "jar transforms Thread 2" [_thread_blocked, id=17960, stack(0x0000005256700000,0x0000005256800000)]
  0x000001c77c2a1bd0 JavaThread "jar transforms Thread 3" [_thread_blocked, id=7976, stack(0x0000005256800000,0x0000005256900000)]
  0x000001c77c2a0be0 JavaThread "Cache worker for checksums cache (D:\branch_performance_monitoring\branch-performance-mobile-v2\branch-performance-mobile-fe-v2\android\.gradle\8.3\checksums)" [_thread_blocked, id=19312, stack(0x0000005256b00000,0x0000005256c00000)]
  0x000001c77c2a1680 JavaThread "Cache worker for file hash cache (D:\branch_performance_monitoring\branch-performance-mobile-v2\branch-performance-mobile-fe-v2\android\.gradle\8.3\fileHashes)" [_thread_blocked, id=23000, stack(0x0000005255200000,0x0000005255300000)]
  0x000001c77c2a2120 JavaThread "Cache worker for cache directory md-supplier (C:\Users\DAFI\.gradle\caches\8.3\md-supplier)" [_thread_blocked, id=29796, stack(0x0000005256c00000,0x0000005256d00000)]
  0x000001c77a2368e0 JavaThread "Cache worker for file content cache (C:\Users\DAFI\.gradle\caches\8.3\fileContent)" [_thread_blocked, id=33460, stack(0x0000005256d00000,0x0000005256e00000)]
  0x000001c77a2358f0 JavaThread "Cache worker for cache directory md-rule (C:\Users\DAFI\.gradle\caches\8.3\md-rule)" [_thread_blocked, id=30496, stack(0x0000005256e00000,0x0000005256f00000)]
  0x000001c77a2343b0 JavaThread "Cache worker for execution history cache (C:\Users\DAFI\.gradle\caches\8.3\executionHistory)" [_thread_blocked, id=15084, stack(0x0000005256f00000,0x0000005257000000)]
  0x000001c77a236e30 JavaThread "jar transforms Thread 4" [_thread_blocked, id=29568, stack(0x0000005257000000,0x0000005257100000)]
  0x000001c77a234e50 JavaThread "jar transforms Thread 5" [_thread_blocked, id=29556, stack(0x0000005257100000,0x0000005257200000)]
  0x000001c77a233e60 JavaThread "jar transforms Thread 6" [_thread_blocked, id=28904, stack(0x0000005257200000,0x0000005257300000)]
  0x000001c77a237e20 JavaThread "jar transforms Thread 7" [_thread_blocked, id=10584, stack(0x0000005257300000,0x0000005257400000)]
  0x000001c77a238370 JavaThread "jar transforms Thread 8" [_thread_blocked, id=21912, stack(0x0000005257400000,0x0000005257500000)]
  0x000001c77a234900 JavaThread "jar transforms Thread 9" [_thread_blocked, id=32372, stack(0x0000005257500000,0x0000005257600000)]
  0x000001c77a2388c0 JavaThread "jar transforms Thread 10" [_thread_blocked, id=22076, stack(0x0000005257600000,0x0000005257700000)]
  0x000001c77a2398b0 JavaThread "jar transforms Thread 11" [_thread_blocked, id=25532, stack(0x0000005257700000,0x0000005257800000)]
  0x000001c77a23a350 JavaThread "jar transforms Thread 12" [_thread_blocked, id=19768, stack(0x0000005257800000,0x0000005257900000)]
  0x000001c77a238e10 JavaThread "jar transforms Thread 13" [_thread_blocked, id=26244, stack(0x0000005257900000,0x0000005257a00000)]
  0x000001c77a239360 JavaThread "jar transforms Thread 14" [_thread_blocked, id=24548, stack(0x0000005257a00000,0x0000005257b00000)]
  0x000001c77a23a8a0 JavaThread "jar transforms Thread 15" [_thread_blocked, id=6404, stack(0x0000005257b00000,0x0000005257c00000)]
  0x000001c77a23adf0 JavaThread "jar transforms Thread 16" [_thread_blocked, id=6136, stack(0x0000005257c00000,0x0000005257d00000)]

Other Threads:
  0x000001c77927e8d0 VMThread "VM Thread" [stack: 0x0000005253a00000,0x0000005253b00000] [id=19968]
  0x000001c779eccdc0 WatcherThread [stack: 0x0000005254800000,0x0000005254900000] [id=11516]
  0x000001c7589a5dd0 GCTaskThread "GC Thread#0" [stack: 0x0000005253500000,0x0000005253600000] [id=10408]
  0x000001c77ad42060 GCTaskThread "GC Thread#1" [stack: 0x0000005254b00000,0x0000005254c00000] [id=12696]
  0x000001c77a2b0f60 GCTaskThread "GC Thread#2" [stack: 0x0000005254c00000,0x0000005254d00000] [id=10148]
  0x000001c77a825030 GCTaskThread "GC Thread#3" [stack: 0x0000005254d00000,0x0000005254e00000] [id=2452]
  0x000001c77a097d00 GCTaskThread "GC Thread#4" [stack: 0x0000005254e00000,0x0000005254f00000] [id=1716]
  0x000001c77a098220 GCTaskThread "GC Thread#5" [stack: 0x0000005254f00000,0x0000005255000000] [id=13372]
  0x000001c77c8bcc10 GCTaskThread "GC Thread#6" [stack: 0x0000005255a00000,0x0000005255b00000] [id=21432]
  0x000001c77c8bb6a0 GCTaskThread "GC Thread#7" [stack: 0x0000005255b00000,0x0000005255c00000] [id=13368]
  0x000001c77c8bb9b0 GCTaskThread "GC Thread#8" [stack: 0x0000005255c00000,0x0000005255d00000] [id=22960]
  0x000001c77c8bc900 GCTaskThread "GC Thread#9" [stack: 0x0000005255d00000,0x0000005255e00000] [id=21304]
  0x000001c77c8bc2e0 GCTaskThread "GC Thread#10" [stack: 0x0000005255e00000,0x0000005255f00000] [id=19268]
  0x000001c77c8bbcc0 GCTaskThread "GC Thread#11" [stack: 0x0000005255f00000,0x0000005256000000] [id=10664]
  0x000001c77c8bb080 GCTaskThread "GC Thread#12" [stack: 0x0000005256000000,0x0000005256100000] [id=28104]
  0x000001c7589b6bc0 ConcurrentGCThread "G1 Main Marker" [stack: 0x0000005253600000,0x0000005253700000] [id=8584]
  0x000001c7589b8f60 ConcurrentGCThread "G1 Conc#0" [stack: 0x0000005253700000,0x0000005253800000] [id=25932]
  0x000001c77d839860 ConcurrentGCThread "G1 Conc#1" [stack: 0x0000005256900000,0x0000005256a00000] [id=6528]
  0x000001c77d839b70 ConcurrentGCThread "G1 Conc#2" [stack: 0x0000005256a00000,0x0000005256b00000] [id=26072]
  0x000001c758a2e8f0 ConcurrentGCThread "G1 Refine#0" [stack: 0x0000005253800000,0x0000005253900000] [id=32420]
  0x000001c7791324a0 ConcurrentGCThread "G1 Service" [stack: 0x0000005253900000,0x0000005253a00000] [id=23100]

Threads with active compile tasks:
C2 CompilerThread0     9287 4481       4       groovy.lang.MetaClassImpl$1MOPIter::methodNameAction (325 bytes)

VM state: not at safepoint (normal execution)

VM Mutex/Monitor currently owned by a thread: None

Heap address: 0x0000000080000000, size: 2048 MB, Compressed Oops mode: 32-bit

CDS archive(s) mapped at: [0x0000000800000000-0x0000000800bb0000-0x0000000800bb0000), size 12255232, SharedBaseAddress: 0x0000000800000000, ArchiveRelocationMode: 0.
Compressed class space mapped at: 0x0000000800c00000-0x000000081a800000, reserved size: 432013312
Narrow klass base: 0x0000000800000000, Narrow klass shift: 3, Narrow klass range: 0x100000000

GC Precious Log:
 CPUs: 16 total, 16 available
 Memory: 6005M
 Large Page Support: Disabled
 NUMA Support: Disabled
 Compressed Oops: Enabled (32-bit)
 Heap Region Size: 1M
 Heap Min Capacity: 8M
 Heap Initial Capacity: 94M
 Heap Max Capacity: 2G
 Pre-touch: Disabled
 Parallel Workers: 13
 Concurrent Workers: 3
 Concurrent Refinement Workers: 13
 Periodic GC: Disabled

Heap:
 garbage-first heap   total 92160K, used 62089K [0x0000000080000000, 0x0000000100000000)
  region size 1024K, 31 young (31744K), 3 survivors (3072K)
 Metaspace       used 36449K, committed 36928K, reserved 454656K
  class space    used 4952K, committed 5184K, reserved 421888K

Heap Regions: E=young(eden), S=young(survivor), O=old, HS=humongous(starts), HC=humongous(continues), CS=collection set, F=free, OA=open archive, CA=closed archive, TAMS=top-at-mark-start (previous, next)
|   0|0x0000000080000000, 0x0000000080100000, 0x0000000080100000|100%|HS|  |TAMS 0x0000000080100000, 0x0000000080000000| Complete 
|   1|0x0000000080100000, 0x0000000080200000, 0x0000000080200000|100%|HC|  |TAMS 0x0000000080200000, 0x0000000080100000| Complete 
|   2|0x0000000080200000, 0x0000000080300000, 0x0000000080300000|100%|HC|  |TAMS 0x0000000080300000, 0x0000000080200000| Complete 
|   3|0x0000000080300000, 0x0000000080400000, 0x0000000080400000|100%|HC|  |TAMS 0x0000000080400000, 0x0000000080300000| Complete 
|   4|0x0000000080400000, 0x0000000080500000, 0x0000000080500000|100%| O|  |TAMS 0x0000000080500000, 0x0000000080400000| Untracked 
|   5|0x0000000080500000, 0x0000000080600000, 0x0000000080600000|100%| O|  |TAMS 0x0000000080600000, 0x0000000080500000| Untracked 
|   6|0x0000000080600000, 0x0000000080700000, 0x0000000080700000|100%| O|  |TAMS 0x0000000080700000, 0x0000000080600000| Untracked 
|   7|0x0000000080700000, 0x0000000080800000, 0x0000000080800000|100%| O|  |TAMS 0x0000000080800000, 0x0000000080700000| Untracked 
|   8|0x0000000080800000, 0x0000000080900000, 0x0000000080900000|100%| O|  |TAMS 0x0000000080900000, 0x0000000080800000| Untracked 
|   9|0x0000000080900000, 0x0000000080a00000, 0x0000000080a00000|100%| O|  |TAMS 0x0000000080a00000, 0x0000000080900000| Untracked 
|  10|0x0000000080a00000, 0x0000000080b00000, 0x0000000080b00000|100%| O|  |TAMS 0x0000000080b00000, 0x0000000080a00000| Untracked 
|  11|0x0000000080b00000, 0x0000000080c00000, 0x0000000080c00000|100%| O|  |TAMS 0x0000000080c00000, 0x0000000080b00000| Untracked 
|  12|0x0000000080c00000, 0x0000000080d00000, 0x0000000080d00000|100%| O|  |TAMS 0x0000000080d00000, 0x0000000080c00000| Untracked 
|  13|0x0000000080d00000, 0x0000000080e00000, 0x0000000080e00000|100%| O|  |TAMS 0x0000000080e00000, 0x0000000080d00000| Untracked 
|  14|0x0000000080e00000, 0x0000000080f00000, 0x0000000080f00000|100%| O|  |TAMS 0x0000000080f00000, 0x0000000080e00000| Untracked 
|  15|0x0000000080f00000, 0x0000000081000000, 0x0000000081000000|100%| O|  |TAMS 0x0000000081000000, 0x0000000080f00000| Untracked 
|  16|0x0000000081000000, 0x0000000081100000, 0x0000000081100000|100%| O|  |TAMS 0x0000000081100000, 0x0000000081000000| Untracked 
|  17|0x0000000081100000, 0x0000000081200000, 0x0000000081200000|100%| O|  |TAMS 0x0000000081200000, 0x0000000081100000| Untracked 
|  18|0x0000000081200000, 0x0000000081300000, 0x0000000081300000|100%| O|  |TAMS 0x0000000081300000, 0x0000000081200000| Untracked 
|  19|0x0000000081300000, 0x000000008135e400, 0x0000000081400000| 36%| O|  |TAMS 0x000000008135e400, 0x0000000081300000| Untracked 
|  20|0x0000000081400000, 0x0000000081500000, 0x0000000081500000|100%| O|  |TAMS 0x0000000081500000, 0x0000000081400000| Untracked 
|  21|0x0000000081500000, 0x0000000081600000, 0x0000000081600000|100%| O|  |TAMS 0x0000000081600000, 0x0000000081500000| Untracked 
|  22|0x0000000081600000, 0x0000000081700000, 0x0000000081700000|100%| O|  |TAMS 0x0000000081700000, 0x0000000081600000| Untracked 
|  23|0x0000000081700000, 0x0000000081800000, 0x0000000081800000|100%| O|  |TAMS 0x0000000081800000, 0x0000000081700000| Untracked 
|  24|0x0000000081800000, 0x0000000081900000, 0x0000000081900000|100%| O|  |TAMS 0x0000000081900000, 0x0000000081800000| Untracked 
|  25|0x0000000081900000, 0x0000000081a00000, 0x0000000081a00000|100%| O|  |TAMS 0x0000000081a00000, 0x0000000081900000| Untracked 
|  26|0x0000000081a00000, 0x0000000081b00000, 0x0000000081b00000|100%| O|  |TAMS 0x0000000081a76200, 0x0000000081a00000| Untracked 
|  27|0x0000000081b00000, 0x0000000081b00000, 0x0000000081c00000|  0%| F|  |TAMS 0x0000000081b00000, 0x0000000081b00000| Untracked 
|  28|0x0000000081c00000, 0x0000000081c00000, 0x0000000081d00000|  0%| F|  |TAMS 0x0000000081c00000, 0x0000000081c00000| Untracked 
|  29|0x0000000081d00000, 0x0000000081d00000, 0x0000000081e00000|  0%| F|  |TAMS 0x0000000081d00000, 0x0000000081d00000| Untracked 
|  30|0x0000000081e00000, 0x0000000081e00000, 0x0000000081f00000|  0%| F|  |TAMS 0x0000000081e00000, 0x0000000081e00000| Untracked 
|  31|0x0000000081f00000, 0x0000000081f00000, 0x0000000082000000|  0%| F|  |TAMS 0x0000000081f00000, 0x0000000081f00000| Untracked 
|  32|0x0000000082000000, 0x0000000082100000, 0x0000000082100000|100%| O|  |TAMS 0x0000000082000000, 0x0000000082000000| Untracked 
|  33|0x0000000082100000, 0x0000000082200000, 0x0000000082200000|100%| O|  |TAMS 0x0000000082100000, 0x0000000082100000| Untracked 
|  34|0x0000000082200000, 0x0000000082300000, 0x0000000082300000|100%| O|  |TAMS 0x0000000082200000, 0x0000000082200000| Untracked 
|  35|0x0000000082300000, 0x0000000082400000, 0x0000000082400000|100%| O|  |TAMS 0x0000000082300000, 0x0000000082300000| Untracked 
|  36|0x0000000082400000, 0x000000008245dc00, 0x0000000082500000| 36%| O|  |TAMS 0x0000000082400000, 0x0000000082400000| Untracked 
|  37|0x0000000082500000, 0x0000000082500000, 0x0000000082600000|  0%| F|  |TAMS 0x0000000082500000, 0x0000000082500000| Untracked 
|  38|0x0000000082600000, 0x0000000082600000, 0x0000000082700000|  0%| F|  |TAMS 0x0000000082600000, 0x0000000082600000| Untracked 
|  39|0x0000000082700000, 0x0000000082700000, 0x0000000082800000|  0%| F|  |TAMS 0x0000000082700000, 0x0000000082700000| Untracked 
|  40|0x0000000082800000, 0x0000000082800000, 0x0000000082900000|  0%| F|  |TAMS 0x0000000082800000, 0x0000000082800000| Untracked 
|  41|0x0000000082900000, 0x0000000082900000, 0x0000000082a00000|  0%| F|  |TAMS 0x0000000082900000, 0x0000000082900000| Untracked 
|  42|0x0000000082a00000, 0x0000000082a00000, 0x0000000082b00000|  0%| F|  |TAMS 0x0000000082a00000, 0x0000000082a00000| Untracked 
|  43|0x0000000082b00000, 0x0000000082b00000, 0x0000000082c00000|  0%| F|  |TAMS 0x0000000082b00000, 0x0000000082b00000| Untracked 
|  44|0x0000000082c00000, 0x0000000082c00000, 0x0000000082d00000|  0%| F|  |TAMS 0x0000000082c00000, 0x0000000082c00000| Untracked 
|  45|0x0000000082d00000, 0x0000000082d00000, 0x0000000082e00000|  0%| F|  |TAMS 0x0000000082d00000, 0x0000000082d00000| Untracked 
|  46|0x0000000082e00000, 0x0000000082e00000, 0x0000000082f00000|  0%| F|  |TAMS 0x0000000082e00000, 0x0000000082e00000| Untracked 
|  47|0x0000000082f00000, 0x0000000082f00000, 0x0000000083000000|  0%| F|  |TAMS 0x0000000082f00000, 0x0000000082f00000| Untracked 
|  48|0x0000000083000000, 0x0000000083000000, 0x0000000083100000|  0%| F|  |TAMS 0x0000000083000000, 0x0000000083000000| Untracked 
|  49|0x0000000083100000, 0x0000000083100000, 0x0000000083200000|  0%| F|  |TAMS 0x0000000083100000, 0x0000000083100000| Untracked 
|  50|0x0000000083200000, 0x0000000083200000, 0x0000000083300000|  0%| F|  |TAMS 0x0000000083200000, 0x0000000083200000| Untracked 
|  51|0x0000000083300000, 0x0000000083300000, 0x0000000083400000|  0%| F|  |TAMS 0x0000000083300000, 0x0000000083300000| Untracked 
|  52|0x0000000083400000, 0x0000000083400000, 0x0000000083500000|  0%| F|  |TAMS 0x0000000083400000, 0x0000000083400000| Untracked 
|  53|0x0000000083500000, 0x0000000083500000, 0x0000000083600000|  0%| F|  |TAMS 0x0000000083500000, 0x0000000083500000| Untracked 
|  54|0x0000000083600000, 0x0000000083600000, 0x0000000083700000|  0%| F|  |TAMS 0x0000000083600000, 0x0000000083600000| Untracked 
|  55|0x0000000083700000, 0x0000000083700000, 0x0000000083800000|  0%| F|  |TAMS 0x0000000083700000, 0x0000000083700000| Untracked 
|  56|0x0000000083800000, 0x00000000838e6510, 0x0000000083900000| 89%| S|CS|TAMS 0x0000000083800000, 0x0000000083800000| Complete 
|  57|0x0000000083900000, 0x0000000083a00000, 0x0000000083a00000|100%| S|CS|TAMS 0x0000000083900000, 0x0000000083900000| Complete 
|  58|0x0000000083a00000, 0x0000000083b00000, 0x0000000083b00000|100%| S|CS|TAMS 0x0000000083a00000, 0x0000000083a00000| Complete 
|  59|0x0000000083b00000, 0x0000000083b00000, 0x0000000083c00000|  0%| F|  |TAMS 0x0000000083b00000, 0x0000000083b00000| Untracked 
|  60|0x0000000083c00000, 0x0000000083c00000, 0x0000000083d00000|  0%| F|  |TAMS 0x0000000083c00000, 0x0000000083c00000| Untracked 
|  61|0x0000000083d00000, 0x0000000083d00000, 0x0000000083e00000|  0%| F|  |TAMS 0x0000000083d00000, 0x0000000083d00000| Untracked 
|  62|0x0000000083e00000, 0x0000000083e85a30, 0x0000000083f00000| 52%| E|  |TAMS 0x0000000083e00000, 0x0000000083e00000| Complete 
|  63|0x0000000083f00000, 0x0000000084000000, 0x0000000084000000|100%| E|CS|TAMS 0x0000000083f00000, 0x0000000083f00000| Complete 
|  64|0x0000000084000000, 0x0000000084100000, 0x0000000084100000|100%| E|CS|TAMS 0x0000000084000000, 0x0000000084000000| Complete 
|  65|0x0000000084100000, 0x0000000084200000, 0x0000000084200000|100%| E|CS|TAMS 0x0000000084100000, 0x0000000084100000| Complete 
|  66|0x0000000084200000, 0x0000000084300000, 0x0000000084300000|100%| E|CS|TAMS 0x0000000084200000, 0x0000000084200000| Complete 
|  67|0x0000000084300000, 0x0000000084400000, 0x0000000084400000|100%| E|CS|TAMS 0x0000000084300000, 0x0000000084300000| Complete 
|  68|0x0000000084400000, 0x0000000084500000, 0x0000000084500000|100%| E|CS|TAMS 0x0000000084400000, 0x0000000084400000| Complete 
|  69|0x0000000084500000, 0x0000000084600000, 0x0000000084600000|100%| E|CS|TAMS 0x0000000084500000, 0x0000000084500000| Complete 
|  70|0x0000000084600000, 0x0000000084700000, 0x0000000084700000|100%| E|CS|TAMS 0x0000000084600000, 0x0000000084600000| Complete 
|  71|0x0000000084700000, 0x0000000084800000, 0x0000000084800000|100%| E|CS|TAMS 0x0000000084700000, 0x0000000084700000| Complete 
|  72|0x0000000084800000, 0x0000000084900000, 0x0000000084900000|100%| E|CS|TAMS 0x0000000084800000, 0x0000000084800000| Complete 
|  73|0x0000000084900000, 0x0000000084a00000, 0x0000000084a00000|100%| E|CS|TAMS 0x0000000084900000, 0x0000000084900000| Complete 
|  74|0x0000000084a00000, 0x0000000084b00000, 0x0000000084b00000|100%| E|CS|TAMS 0x0000000084a00000, 0x0000000084a00000| Complete 
|  75|0x0000000084b00000, 0x0000000084c00000, 0x0000000084c00000|100%| E|CS|TAMS 0x0000000084b00000, 0x0000000084b00000| Complete 
|  76|0x0000000084c00000, 0x0000000084d00000, 0x0000000084d00000|100%| E|CS|TAMS 0x0000000084c00000, 0x0000000084c00000| Complete 
|  77|0x0000000084d00000, 0x0000000084e00000, 0x0000000084e00000|100%| E|CS|TAMS 0x0000000084d00000, 0x0000000084d00000| Complete 
|  78|0x0000000084e00000, 0x0000000084f00000, 0x0000000084f00000|100%| E|CS|TAMS 0x0000000084e00000, 0x0000000084e00000| Complete 
|  79|0x0000000084f00000, 0x0000000085000000, 0x0000000085000000|100%| E|CS|TAMS 0x0000000084f00000, 0x0000000084f00000| Complete 
|  80|0x0000000085000000, 0x0000000085100000, 0x0000000085100000|100%| E|CS|TAMS 0x0000000085000000, 0x0000000085000000| Complete 
|  81|0x0000000085100000, 0x0000000085200000, 0x0000000085200000|100%| E|CS|TAMS 0x0000000085100000, 0x0000000085100000| Complete 
|  82|0x0000000085200000, 0x0000000085300000, 0x0000000085300000|100%| E|CS|TAMS 0x0000000085200000, 0x0000000085200000| Complete 
|  83|0x0000000085300000, 0x0000000085400000, 0x0000000085400000|100%| E|CS|TAMS 0x0000000085300000, 0x0000000085300000| Complete 
|  84|0x0000000085400000, 0x0000000085500000, 0x0000000085500000|100%| E|CS|TAMS 0x0000000085400000, 0x0000000085400000| Complete 
|  85|0x0000000085500000, 0x0000000085600000, 0x0000000085600000|100%| E|CS|TAMS 0x0000000085500000, 0x0000000085500000| Complete 
|  86|0x0000000085600000, 0x0000000085700000, 0x0000000085700000|100%| E|CS|TAMS 0x0000000085600000, 0x0000000085600000| Complete 
|  87|0x0000000085700000, 0x0000000085800000, 0x0000000085800000|100%| E|CS|TAMS 0x0000000085700000, 0x0000000085700000| Complete 
|  88|0x0000000085800000, 0x0000000085900000, 0x0000000085900000|100%| E|CS|TAMS 0x0000000085800000, 0x0000000085800000| Complete 
|  93|0x0000000085d00000, 0x0000000085e00000, 0x0000000085e00000|100%| E|CS|TAMS 0x0000000085d00000, 0x0000000085d00000| Complete 

Card table byte_map: [0x000001c771a60000,0x000001c771e60000] _byte_map_base: 0x000001c771660000

Marking Bits (Prev, Next): (CMBitMap*) 0x000001c7589a61f0, (CMBitMap*) 0x000001c7589a6230
 Prev Bits: [0x000001c772260000, 0x000001c774260000)
 Next Bits: [0x000001c774260000, 0x000001c776260000)

Polling page: 0x000001c758700000

Metaspace:

Usage:
  Non-class:     30.76 MB used.
      Class:      4.84 MB used.
       Both:     35.60 MB used.

Virtual space:
  Non-class space:       32.00 MB reserved,      31.00 MB ( 97%) committed,  4 nodes.
      Class space:      412.00 MB reserved,       5.06 MB (  1%) committed,  1 nodes.
              Both:      444.00 MB reserved,      36.06 MB (  8%) committed. 

Chunk freelists:
   Non-Class:  652.00 KB
       Class:  2.81 MB
        Both:  3.45 MB

MaxMetaspaceSize: 512.00 MB
CompressedClassSpaceSize: 412.00 MB
 - commit_granule_bytes: 65536.
 - commit_granule_words: 8192.
 - virtual_space_node_default_size: 1048576.
 - enlarge_chunks_in_place: 1.
 - new_chunks_are_fully_committed: 0.
 - uncommit_free_chunks: 1.
 - use_allocation_guard: 0.
 - handle_deallocations: 1.


Internal statistics:

num_allocs_failed_limit: 6.
num_arena_births: 434.
num_arena_deaths: 0.
num_vsnodes_births: 5.
num_vsnodes_deaths: 0.
num_space_committed: 577.
num_space_uncommitted: 0.
num_chunks_returned_to_freelist: 6.
num_chunks_taken_from_freelist: 1717.
num_chunk_merges: 6.
num_chunk_splits: 1142.
num_chunks_enlarged: 787.
num_purges: 0.

CodeHeap 'non-profiled nmethods': size=119168Kb used=2059Kb max_used=2059Kb free=117109Kb
 bounds [0x000001c769230000, 0x000001c7694a0000, 0x000001c770690000]
CodeHeap 'profiled nmethods': size=119104Kb used=9233Kb max_used=9233Kb free=109870Kb
 bounds [0x000001c761de0000, 0x000001c7626f0000, 0x000001c769230000]
CodeHeap 'non-nmethods': size=7488Kb used=3434Kb max_used=4052Kb free=4053Kb
 bounds [0x000001c761690000, 0x000001c761a90000, 0x000001c761de0000]
 total_blobs=5307 nmethods=4494 adapters=723
 compilation: enabled
              stopped_count=0, restarted_count=0
 full_count=0

Compilation events (20 events):
Event: 8.611 Thread 0x000001c779dc4650 nmethod 4584 0x000001c7626dc290 code [0x000001c7626dc440, 0x000001c7626dc668]
Event: 8.611 Thread 0x000001c7792b3d90 nmethod 4581 0x000001c7626dc790 code [0x000001c7626dc9e0, 0x000001c7626dd278]
Event: 8.615 Thread 0x000001c779dc10d0 4585       3       org.codehaus.groovy.reflection.stdclasses.CachedSAMClass::isAssignableFrom (30 bytes)
Event: 8.615 Thread 0x000001c779dc10d0 nmethod 4585 0x000001c7626dd590 code [0x000001c7626dd760, 0x000001c7626dda78]
Event: 8.624 Thread 0x000001c779dc4650 4587       3       java.beans.FeatureDescriptor::<init> (137 bytes)
Event: 8.625 Thread 0x000001c7792b3d90 4588       3       java.beans.MethodDescriptor::resolve (32 bytes)
Event: 8.625 Thread 0x000001c779dc10d0 4589       3       java.beans.PropertyDescriptor::setWriteMethod0 (49 bytes)
Event: 8.625 Thread 0x000001c779dc4650 nmethod 4587 0x000001c7626ddb90 code [0x000001c7626dde40, 0x000001c7626dec98]
Event: 8.625 Thread 0x000001c7792b3d90 nmethod 4588 0x000001c7626df010 code [0x000001c7626df200, 0x000001c7626df778]
Event: 8.625 Thread 0x000001c7792b3d90 4590       3       jdk.internal.loader.ClassLoaders::bootLoader (4 bytes)
Event: 8.626 Thread 0x000001c7792b3d90 nmethod 4590 0x000001c7626df910 code [0x000001c7626dfaa0, 0x000001c7626dfb98]
Event: 8.626 Thread 0x000001c7792b3d90 4591       3       groovyjarjarasm.asm.MethodWriter::visitVarInsn (302 bytes)
Event: 8.626 Thread 0x000001c77acef310 4592       3       groovyjarjarasm.asm.Label::getCanonicalInstance (19 bytes)
Event: 8.627 Thread 0x000001c779dc4650 4593       3       groovyjarjarasm.asm.ByteVector::put12 (64 bytes)
Event: 8.627 Thread 0x000001c77acef310 nmethod 4592 0x000001c7626dfc10 code [0x000001c7626dfda0, 0x000001c7626dff18]
Event: 8.627 Thread 0x000001c779dc4650 nmethod 4593 0x000001c7626e0010 code [0x000001c7626e01c0, 0x000001c7626e03e8]
Event: 8.627 Thread 0x000001c779dc10d0 nmethod 4589 0x000001c7626e0590 code [0x000001c7626e0940, 0x000001c7626e2668]
Event: 8.627 Thread 0x000001c7792b3d90 nmethod 4591 0x000001c7626e2d90 code [0x000001c7626e2fe0, 0x000001c7626e3a08]
Event: 9.140 Thread 0x000001c779dc10d0 4594       3       java.util.concurrent.locks.AbstractQueuedSynchronizer$ConditionObject::unlinkCancelledWaiters (91 bytes)
Event: 9.141 Thread 0x000001c779dc10d0 nmethod 4594 0x000001c7626e3c90 code [0x000001c7626e3e60, 0x000001c7626e4318]

GC Heap History (16 events):
Event: 1.234 GC heap before
{Heap before GC invocations=0 (full 0):
 garbage-first heap   total 96256K, used 26624K [0x0000000080000000, 0x0000000100000000)
  region size 1024K, 23 young (23552K), 0 survivors (0K)
 Metaspace       used 3136K, committed 3264K, reserved 430080K
  class space    used 378K, committed 448K, reserved 421888K
}
Event: 1.243 GC heap after
{Heap after GC invocations=1 (full 0):
 garbage-first heap   total 96256K, used 10904K [0x0000000080000000, 0x0000000100000000)
  region size 1024K, 3 young (3072K), 3 survivors (3072K)
 Metaspace       used 3136K, committed 3264K, reserved 430080K
  class space    used 378K, committed 448K, reserved 421888K
}
Event: 1.857 GC heap before
{Heap before GC invocations=1 (full 0):
 garbage-first heap   total 96256K, used 37528K [0x0000000080000000, 0x0000000100000000)
  region size 1024K, 29 young (29696K), 3 survivors (3072K)
 Metaspace       used 4314K, committed 4480K, reserved 430080K
  class space    used 505K, committed 576K, reserved 421888K
}
Event: 1.861 GC heap after
{Heap after GC invocations=2 (full 0):
 garbage-first heap   total 96256K, used 11714K [0x0000000080000000, 0x0000000100000000)
  region size 1024K, 1 young (1024K), 1 survivors (1024K)
 Metaspace       used 4314K, committed 4480K, reserved 430080K
  class space    used 505K, committed 576K, reserved 421888K
}
Event: 3.406 GC heap before
{Heap before GC invocations=2 (full 0):
 garbage-first heap   total 96256K, used 56770K [0x0000000080000000, 0x0000000100000000)
  region size 1024K, 45 young (46080K), 1 survivors (1024K)
 Metaspace       used 10209K, committed 10432K, reserved 438272K
  class space    used 1341K, committed 1472K, reserved 421888K
}
Event: 3.412 GC heap after
{Heap after GC invocations=3 (full 0):
 garbage-first heap   total 96256K, used 18772K [0x0000000080000000, 0x0000000100000000)
  region size 1024K, 6 young (6144K), 6 survivors (6144K)
 Metaspace       used 10209K, committed 10432K, reserved 438272K
  class space    used 1341K, committed 1472K, reserved 421888K
}
Event: 4.439 GC heap before
{Heap before GC invocations=3 (full 0):
 garbage-first heap   total 96256K, used 56660K [0x0000000080000000, 0x0000000100000000)
  region size 1024K, 43 young (44032K), 6 survivors (6144K)
 Metaspace       used 16236K, committed 16512K, reserved 438272K
  class space    used 2273K, committed 2368K, reserved 421888K
}
Event: 4.444 GC heap after
{Heap after GC invocations=4 (full 0):
 garbage-first heap   total 96256K, used 20984K [0x0000000080000000, 0x0000000100000000)
  region size 1024K, 2 young (2048K), 2 survivors (2048K)
 Metaspace       used 16236K, committed 16512K, reserved 438272K
  class space    used 2273K, committed 2368K, reserved 421888K
}
Event: 5.454 GC heap before
{Heap before GC invocations=4 (full 0):
 garbage-first heap   total 96256K, used 59896K [0x0000000080000000, 0x0000000100000000)
  region size 1024K, 42 young (43008K), 2 survivors (2048K)
 Metaspace       used 20977K, committed 21248K, reserved 446464K
  class space    used 3038K, committed 3200K, reserved 421888K
}
Event: 5.459 GC heap after
{Heap after GC invocations=5 (full 0):
 garbage-first heap   total 96256K, used 25977K [0x0000000080000000, 0x0000000100000000)
  region size 1024K, 6 young (6144K), 6 survivors (6144K)
 Metaspace       used 20977K, committed 21248K, reserved 446464K
  class space    used 3038K, committed 3200K, reserved 421888K
}
Event: 6.582 GC heap before
{Heap before GC invocations=6 (full 0):
 garbage-first heap   total 92160K, used 65913K [0x0000000080000000, 0x0000000100000000)
  region size 1024K, 45 young (46080K), 6 survivors (6144K)
 Metaspace       used 26066K, committed 26496K, reserved 446464K
  class space    used 3787K, committed 4032K, reserved 421888K
}
Event: 6.587 GC heap after
{Heap after GC invocations=7 (full 0):
 garbage-first heap   total 92160K, used 27464K [0x0000000080000000, 0x0000000100000000)
  region size 1024K, 3 young (3072K), 3 survivors (3072K)
 Metaspace       used 26066K, committed 26496K, reserved 446464K
  class space    used 3787K, committed 4032K, reserved 421888K
}
Event: 7.636 GC heap before
{Heap before GC invocations=7 (full 0):
 garbage-first heap   total 92160K, used 64328K [0x0000000080000000, 0x0000000100000000)
  region size 1024K, 40 young (40960K), 3 survivors (3072K)
 Metaspace       used 33472K, committed 33856K, reserved 454656K
  class space    used 4651K, committed 4864K, reserved 421888K
}
Event: 7.640 GC heap after
{Heap after GC invocations=8 (full 0):
 garbage-first heap   total 92160K, used 31569K [0x0000000080000000, 0x0000000100000000)
  region size 1024K, 5 young (5120K), 5 survivors (5120K)
 Metaspace       used 33472K, committed 33856K, reserved 454656K
  class space    used 4651K, committed 4864K, reserved 421888K
}
Event: 8.059 GC heap before
{Heap before GC invocations=8 (full 0):
 garbage-first heap   total 92160K, used 66385K [0x0000000080000000, 0x0000000100000000)
  region size 1024K, 36 young (36864K), 5 survivors (5120K)
 Metaspace       used 35274K, committed 35648K, reserved 454656K
  class space    used 4787K, committed 4992K, reserved 421888K
}
Event: 8.066 GC heap after
{Heap after GC invocations=9 (full 0):
 garbage-first heap   total 92160K, used 34441K [0x0000000080000000, 0x0000000100000000)
  region size 1024K, 3 young (3072K), 3 survivors (3072K)
 Metaspace       used 35274K, committed 35648K, reserved 454656K
  class space    used 4787K, committed 4992K, reserved 421888K
}

Deoptimization events (20 events):
Event: 7.528 Thread 0x000001c77a7ab930 Uncommon trap: trap_request=0xffffff45 fr.pc=0x000001c7693e38f0 relative=0x0000000000004e10
Event: 7.528 Thread 0x000001c77a7ab930 Uncommon trap: reason=unstable_if action=reinterpret pc=0x000001c7693e38f0 method=java.lang.ClassLoader.getClassLoadingLock(Ljava/lang/String;)Ljava/lang/Object; @ 6 c2
Event: 7.528 Thread 0x000001c77a7ab930 DEOPT PACKING pc=0x000001c7693e38f0 sp=0x00000052556f76f0
Event: 7.528 Thread 0x000001c77a7ab930 DEOPT UNPACKING pc=0x000001c7616dd72e sp=0x00000052556f7710 mode 2
Event: 7.550 Thread 0x000001c77a7ab930 Uncommon trap: trap_request=0xffffffc6 fr.pc=0x000001c7693d26ec relative=0x00000000000051ec
Event: 7.550 Thread 0x000001c77a7ab930 Uncommon trap: reason=bimorphic_or_optimized_type_check action=maybe_recompile pc=0x000001c7693d26ec method=java.net.URL.<init>(Ljava/net/URL;Ljava/lang/String;Ljava/net/URLStreamHandler;)V @ 504 c2
Event: 7.550 Thread 0x000001c77a7ab930 DEOPT PACKING pc=0x000001c7693d26ec sp=0x00000052556f6e50
Event: 7.550 Thread 0x000001c77a7ab930 DEOPT UNPACKING pc=0x000001c7616dd72e sp=0x00000052556f6e00 mode 2
Event: 7.680 Thread 0x000001c77a7ab930 DEOPT PACKING pc=0x000001c7625d0b40 sp=0x00000052556f7240
Event: 7.680 Thread 0x000001c77a7ab930 DEOPT UNPACKING pc=0x000001c7616ddece sp=0x00000052556f6750 mode 0
Event: 8.255 Thread 0x000001c77a7ab930 DEOPT PACKING pc=0x000001c76228df74 sp=0x00000052556f8ef0
Event: 8.255 Thread 0x000001c77a7ab930 DEOPT UNPACKING pc=0x000001c7616ddece sp=0x00000052556f8470 mode 0
Event: 8.259 Thread 0x000001c77a7ab930 Uncommon trap: trap_request=0xffffffde fr.pc=0x000001c769365218 relative=0x0000000000000078
Event: 8.259 Thread 0x000001c77a7ab930 Uncommon trap: reason=class_check action=maybe_recompile pc=0x000001c769365218 method=java.util.Collections$SetFromMap.remove(Ljava/lang/Object;)Z @ 5 c2
Event: 8.259 Thread 0x000001c77a7ab930 DEOPT PACKING pc=0x000001c769365218 sp=0x00000052556fa9e0
Event: 8.259 Thread 0x000001c77a7ab930 DEOPT UNPACKING pc=0x000001c7616dd72e sp=0x00000052556fa978 mode 2
Event: 8.628 Thread 0x000001c77a7ab930 Uncommon trap: trap_request=0xffffffde fr.pc=0x000001c769417260 relative=0x0000000000000a40
Event: 8.628 Thread 0x000001c77a7ab930 Uncommon trap: reason=class_check action=maybe_recompile pc=0x000001c769417260 method=java.io.BufferedInputStream.read1([BII)I @ 39 c2
Event: 8.628 Thread 0x000001c77a7ab930 DEOPT PACKING pc=0x000001c769417260 sp=0x00000052556f7570
Event: 8.628 Thread 0x000001c77a7ab930 DEOPT UNPACKING pc=0x000001c7616dd72e sp=0x00000052556f74a8 mode 2

Classes unloaded (0 events):
No events

Classes redefined (0 events):
No events

Internal exceptions (20 events):
Event: 8.561 Thread 0x000001c77a7ab930 Exception <a 'java/lang/ClassNotFoundException'{0x00000000842b1090}: java/lang/RuntimeBeanInfo> (0x00000000842b1090) 
thrown [t:\workspace\open\src\hotspot\share\classfile\systemDictionary.cpp, line 256]
Event: 8.562 Thread 0x000001c77a7ab930 Exception <a 'java/lang/ClassNotFoundException'{0x00000000842b6c60}: java/lang/RuntimeCustomizer> (0x00000000842b6c60) 
thrown [t:\workspace\open\src\hotspot\share\classfile\systemDictionary.cpp, line 256]
Event: 8.582 Thread 0x000001c77a7ab930 Exception <a 'java/lang/NoSuchMethodError'{0x00000000842e4848}: 'void java.lang.invoke.DirectMethodHandle$Holder.invokeStatic(java.lang.Object, long)'> (0x00000000842e4848) 
thrown [t:\workspace\open\src\hotspot\share\interpreter\linkResolver.cpp, line 790]
Event: 8.583 Thread 0x000001c77a7ab930 Exception <a 'java/lang/NoSuchMethodError'{0x00000000842eb0b8}: 'java.lang.Object java.lang.invoke.DirectMethodHandle$Holder.newInvokeSpecial(java.lang.Object, long)'> (0x00000000842eb0b8) 
thrown [t:\workspace\open\src\hotspot\share\interpreter\linkResolver.cpp, line 790]
Event: 8.586 Thread 0x000001c77a7ab930 Exception <a 'java/lang/NoSuchMethodError'{0x00000000842f5d08}: 'java.lang.Object java.lang.invoke.DirectMethodHandle$Holder.invokeStatic(java.lang.Object, java.lang.Object, long, java.lang.Object)'> (0x00000000842f5d08) 
thrown [t:\workspace\open\src\hotspot\share\interpreter\linkResolver.cpp, line 790]
Event: 8.587 Thread 0x000001c77a7ab930 Exception <a 'java/lang/NoSuchMethodError'{0x00000000842fa958}: 'java.lang.Object java.lang.invoke.DirectMethodHandle$Holder.invokeStaticInit(java.lang.Object, java.lang.Object, long, java.lang.Object)'> (0x00000000842fa958) 
thrown [t:\workspace\open\src\hotspot\share\interpreter\linkResolver.cpp, line 790]
Event: 8.595 Thread 0x000001c77a7ab930 Exception <a 'java/lang/ClassNotFoundException'{0x00000000841219a8}: java/lang/ProcessImplBeanInfo> (0x00000000841219a8) 
thrown [t:\workspace\open\src\hotspot\share\classfile\systemDictionary.cpp, line 256]
Event: 8.595 Thread 0x000001c77a7ab930 Exception <a 'java/lang/ClassNotFoundException'{0x0000000084127b00}: java/lang/ProcessBeanInfo> (0x0000000084127b00) 
thrown [t:\workspace\open\src\hotspot\share\classfile\systemDictionary.cpp, line 256]
Event: 8.595 Thread 0x000001c77a7ab930 Exception <a 'java/lang/ClassNotFoundException'{0x000000008412dec8}: java/lang/ProcessCustomizer> (0x000000008412dec8) 
thrown [t:\workspace\open\src\hotspot\share\classfile\systemDictionary.cpp, line 256]
Event: 8.597 Thread 0x000001c77a7ab930 Exception <a 'java/lang/ClassNotFoundException'{0x000000008413e940}: java/lang/ProcessImplCustomizer> (0x000000008413e940) 
thrown [t:\workspace\open\src\hotspot\share\classfile\systemDictionary.cpp, line 256]
Event: 8.608 Thread 0x000001c77a7ab930 Exception <a 'java/lang/ClassNotFoundException'{0x000000008418b7f8}: java/io/InputStreamReaderBeanInfo> (0x000000008418b7f8) 
thrown [t:\workspace\open\src\hotspot\share\classfile\systemDictionary.cpp, line 256]
Event: 8.608 Thread 0x000001c77a7ab930 Exception <a 'java/lang/ClassNotFoundException'{0x00000000841918d8}: java/io/ReaderBeanInfo> (0x00000000841918d8) 
thrown [t:\workspace\open\src\hotspot\share\classfile\systemDictionary.cpp, line 256]
Event: 8.608 Thread 0x000001c77a7ab930 Exception <a 'java/lang/ClassNotFoundException'{0x0000000084197c78}: java/io/ReaderCustomizer> (0x0000000084197c78) 
thrown [t:\workspace\open\src\hotspot\share\classfile\systemDictionary.cpp, line 256]
Event: 8.609 Thread 0x000001c77a7ab930 Exception <a 'java/lang/ClassNotFoundException'{0x00000000841a3f88}: java/io/InputStreamReaderCustomizer> (0x00000000841a3f88) 
thrown [t:\workspace\open\src\hotspot\share\classfile\systemDictionary.cpp, line 256]
Event: 8.612 Thread 0x000001c77a7ab930 Exception <a 'java/lang/ClassNotFoundException'{0x00000000841c2520}: java/io/BufferedReaderBeanInfo> (0x00000000841c2520) 
thrown [t:\workspace\open\src\hotspot\share\classfile\systemDictionary.cpp, line 256]
Event: 8.612 Thread 0x000001c77a7ab930 Exception <a 'java/lang/ClassNotFoundException'{0x00000000841c8968}: java/io/BufferedReaderCustomizer> (0x00000000841c8968) 
thrown [t:\workspace\open\src\hotspot\share\classfile\systemDictionary.cpp, line 256]
Event: 8.619 Thread 0x000001c77a7ab930 Exception <a 'java/lang/ClassNotFoundException'{0x00000000840ff0c0}: java/lang/StringBufferBeanInfo> (0x00000000840ff0c0) 
thrown [t:\workspace\open\src\hotspot\share\classfile\systemDictionary.cpp, line 256]
Event: 8.619 Thread 0x000001c77a7ab930 Exception <a 'java/lang/ClassNotFoundException'{0x0000000083f057e0}: java/lang/AbstractStringBuilderBeanInfo> (0x0000000083f057e0) 
thrown [t:\workspace\open\src\hotspot\share\classfile\systemDictionary.cpp, line 256]
Event: 8.619 Thread 0x000001c77a7ab930 Exception <a 'java/lang/ClassNotFoundException'{0x0000000083f0bc20}: java/lang/AbstractStringBuilderCustomizer> (0x0000000083f0bc20) 
thrown [t:\workspace\open\src\hotspot\share\classfile\systemDictionary.cpp, line 256]
Event: 8.624 Thread 0x000001c77a7ab930 Exception <a 'java/lang/ClassNotFoundException'{0x0000000083e0edb8}: java/lang/StringBufferCustomizer> (0x0000000083e0edb8) 
thrown [t:\workspace\open\src\hotspot\share\classfile\systemDictionary.cpp, line 256]

Events (20 events):
Event: 8.612 loading class java/io/BufferedReaderCustomizer done
Event: 8.612 loading class java/io/BufferedReaderCustomizer
Event: 8.612 loading class java/io/BufferedReaderCustomizer done
Event: 8.618 loading class java/lang/StringBufferBeanInfo
Event: 8.618 loading class java/lang/StringBufferBeanInfo done
Event: 8.619 loading class java/lang/StringBufferBeanInfo
Event: 8.619 loading class java/lang/StringBufferBeanInfo done
Event: 8.619 loading class java/lang/AbstractStringBuilderBeanInfo
Event: 8.619 loading class java/lang/AbstractStringBuilderBeanInfo done
Event: 8.619 loading class java/lang/AbstractStringBuilderBeanInfo
Event: 8.619 loading class java/lang/AbstractStringBuilderBeanInfo done
Event: 8.619 loading class java/lang/AbstractStringBuilderCustomizer
Event: 8.619 loading class java/lang/AbstractStringBuilderCustomizer done
Event: 8.619 loading class java/lang/AbstractStringBuilderCustomizer
Event: 8.619 loading class java/lang/AbstractStringBuilderCustomizer done
Event: 8.624 loading class java/lang/StringBufferCustomizer
Event: 8.624 loading class java/lang/StringBufferCustomizer done
Event: 8.624 loading class java/lang/StringBufferCustomizer
Event: 8.624 loading class java/lang/StringBufferCustomizer done
Event: 9.234 Thread 0x000001c77acef310 Thread exited: 0x000001c77acef310


Dynamic libraries:
0x00007ff6be4f0000 - 0x00007ff6be500000 	C:\Program Files\Java\jdk-16.0.2\bin\java.exe
0x00007ffb4a2e0000 - 0x00007ffb4a548000 	C:\WINDOWS\SYSTEM32\ntdll.dll
0x00007ffb49570000 - 0x00007ffb49639000 	C:\WINDOWS\System32\KERNEL32.DLL
0x00007ffb47a80000 - 0x00007ffb47e6d000 	C:\WINDOWS\System32\KERNELBASE.dll
0x00007ffb475b0000 - 0x00007ffb476fb000 	C:\WINDOWS\System32\ucrtbase.dll
0x00007ffb20370000 - 0x00007ffb20389000 	C:\Program Files\Java\jdk-16.0.2\bin\VCRUNTIME140.dll
0x00007ffb203b0000 - 0x00007ffb203c8000 	C:\Program Files\Java\jdk-16.0.2\bin\jli.dll
0x00007ffb48080000 - 0x00007ffb48134000 	C:\WINDOWS\System32\ADVAPI32.dll
0x00007ffb49370000 - 0x00007ffb49419000 	C:\WINDOWS\System32\msvcrt.dll
0x00007ffb49a50000 - 0x00007ffb49af6000 	C:\WINDOWS\System32\sechost.dll
0x00007ffb49040000 - 0x00007ffb49158000 	C:\WINDOWS\System32\RPCRT4.dll
0x00007ffb49ba0000 - 0x00007ffb49d6c000 	C:\WINDOWS\System32\USER32.dll
0x00007ffb35580000 - 0x00007ffb3581a000 	C:\WINDOWS\WinSxS\amd64_microsoft.windows.common-controls_6595b64144ccf1df_6.0.26100.4484_none_3e0e6d4ce32ef3b3\COMCTL32.dll
0x00007ffb48050000 - 0x00007ffb48077000 	C:\WINDOWS\System32\win32u.dll
0x00007ffb49730000 - 0x00007ffb4975b000 	C:\WINDOWS\System32\GDI32.dll
0x00007ffb47940000 - 0x00007ffb47a77000 	C:\WINDOWS\System32\gdi32full.dll
0x00007ffb47fa0000 - 0x00007ffb48043000 	C:\WINDOWS\System32\msvcp_win.dll
0x00007ffb3fd60000 - 0x00007ffb3fd6b000 	C:\WINDOWS\SYSTEM32\VERSION.dll
0x00007ffb49a10000 - 0x00007ffb49a3f000 	C:\WINDOWS\System32\IMM32.DLL
0x00007ffb20bc0000 - 0x00007ffb20bcc000 	C:\Program Files\Java\jdk-16.0.2\bin\vcruntime140_1.dll
0x00007ffa71b90000 - 0x00007ffa71c21000 	C:\Program Files\Java\jdk-16.0.2\bin\msvcp140.dll
0x00007ffa46200000 - 0x00007ffa46dab000 	C:\Program Files\Java\jdk-16.0.2\bin\server\jvm.dll
0x00007ffb49d70000 - 0x00007ffb49d78000 	C:\WINDOWS\System32\PSAPI.DLL
0x00007ffb3c6c0000 - 0x00007ffb3c6f5000 	C:\WINDOWS\SYSTEM32\WINMM.dll
0x00007ffb28230000 - 0x00007ffb2823a000 	C:\WINDOWS\SYSTEM32\WSOCK32.dll
0x00007ffb49b20000 - 0x00007ffb49b94000 	C:\WINDOWS\System32\WS2_32.dll
0x00007ffb461d0000 - 0x00007ffb461eb000 	C:\WINDOWS\SYSTEM32\kernel.appcore.dll
0x00007ffb20850000 - 0x00007ffb2085a000 	C:\Program Files\Java\jdk-16.0.2\bin\jimage.dll
0x00007ffb44de0000 - 0x00007ffb45021000 	C:\WINDOWS\SYSTEM32\DBGHELP.DLL
0x00007ffb48170000 - 0x00007ffb484f6000 	C:\WINDOWS\System32\combase.dll
0x00007ffb49640000 - 0x00007ffb49720000 	C:\WINDOWS\System32\OLEAUT32.dll
0x00007ffb32700000 - 0x00007ffb32743000 	C:\WINDOWS\SYSTEM32\dbgcore.DLL
0x00007ffb47f00000 - 0x00007ffb47f99000 	C:\WINDOWS\System32\bcryptPrimitives.dll
0x00007ffb40ae0000 - 0x00007ffb40aee000 	C:\Program Files\Java\jdk-16.0.2\bin\instrument.dll
0x00007ffb1f830000 - 0x00007ffb1f855000 	C:\Program Files\Java\jdk-16.0.2\bin\java.dll
0x00007ffb48740000 - 0x00007ffb48e8a000 	C:\WINDOWS\System32\SHELL32.dll
0x00007ffb47700000 - 0x00007ffb47874000 	C:\WINDOWS\System32\wintypes.dll
0x00007ffb45060000 - 0x00007ffb458bb000 	C:\WINDOWS\SYSTEM32\windows.storage.dll
0x00007ffb48f40000 - 0x00007ffb49035000 	C:\WINDOWS\System32\SHCORE.dll
0x00007ffb49760000 - 0x00007ffb497ca000 	C:\WINDOWS\System32\shlwapi.dll
0x00007ffb47340000 - 0x00007ffb4736f000 	C:\WINDOWS\SYSTEM32\profapi.dll
0x00007ffb161c0000 - 0x00007ffb161d8000 	C:\Program Files\Java\jdk-16.0.2\bin\zip.dll
0x00007ffb161a0000 - 0x00007ffb161b9000 	C:\Program Files\Java\jdk-16.0.2\bin\net.dll
0x00007ffb3f9d0000 - 0x00007ffb3faee000 	C:\WINDOWS\SYSTEM32\WINHTTP.dll
0x00007ffb46760000 - 0x00007ffb467ca000 	C:\WINDOWS\system32\mswsock.dll
0x00007ffb028c0000 - 0x00007ffb028d3000 	C:\Program Files\Java\jdk-16.0.2\bin\nio.dll
0x00007ffb20360000 - 0x00007ffb20370000 	C:\Program Files\Java\jdk-16.0.2\bin\verify.dll
0x00007ffb20fc0000 - 0x00007ffb20fe7000 	C:\Users\DAFI\.gradle\native\68d5fa5c4cc2d200863cafc0d521ce42e7d3e7ee720ec0a83991735586a16f82\windows-amd64\native-platform.dll
0x00007ffa6ebc0000 - 0x00007ffa6ed04000 	C:\Users\DAFI\.gradle\native\e376f236ea51e6404a007f0833ffe2c6e607c4080706a723a18a27aeea778392\windows-amd64\native-platform-file-events.dll
0x00007ffb1fde0000 - 0x00007ffb1fde9000 	C:\Program Files\Java\jdk-16.0.2\bin\management.dll
0x00007ffb1f820000 - 0x00007ffb1f82b000 	C:\Program Files\Java\jdk-16.0.2\bin\management_ext.dll
0x00007ffb46a10000 - 0x00007ffb46a2b000 	C:\WINDOWS\SYSTEM32\CRYPTSP.dll
0x00007ffb46130000 - 0x00007ffb4616b000 	C:\WINDOWS\system32\rsaenh.dll
0x00007ffb46800000 - 0x00007ffb4682b000 	C:\WINDOWS\SYSTEM32\USERENV.dll
0x00007ffb47310000 - 0x00007ffb47336000 	C:\WINDOWS\SYSTEM32\bcrypt.dll
0x00007ffb46a30000 - 0x00007ffb46a3c000 	C:\WINDOWS\SYSTEM32\CRYPTBASE.dll
0x00007ffb45bb0000 - 0x00007ffb45be3000 	C:\WINDOWS\SYSTEM32\IPHLPAPI.DLL
0x00007ffb49d80000 - 0x00007ffb49d8a000 	C:\WINDOWS\System32\NSI.dll
0x00007ffb3fd70000 - 0x00007ffb3fd8f000 	C:\WINDOWS\SYSTEM32\dhcpcsvc6.DLL
0x00007ffb3f930000 - 0x00007ffb3f955000 	C:\WINDOWS\SYSTEM32\dhcpcsvc.DLL
0x00007ffb45bf0000 - 0x00007ffb45d16000 	C:\WINDOWS\SYSTEM32\DNSAPI.dll
0x00007ffb40ad0000 - 0x00007ffb40ade000 	C:\Program Files\Java\jdk-16.0.2\bin\sunmscapi.dll
0x00007ffb47430000 - 0x00007ffb475a7000 	C:\WINDOWS\System32\CRYPT32.dll
0x00007ffb46bb0000 - 0x00007ffb46be0000 	C:\WINDOWS\SYSTEM32\ncrypt.dll
0x00007ffb46b60000 - 0x00007ffb46b9f000 	C:\WINDOWS\SYSTEM32\NTASN1.dll
0x00007ffb35190000 - 0x00007ffb35198000 	C:\WINDOWS\system32\wshunix.dll

dbghelp: loaded successfully - version: 4.0.5 - missing functions: none
symbol engine: initialized successfully - sym options: 0x614 - pdb path: .;C:\Program Files\Java\jdk-16.0.2\bin;C:\WINDOWS\SYSTEM32;C:\WINDOWS\WinSxS\amd64_microsoft.windows.common-controls_6595b64144ccf1df_6.0.26100.4484_none_3e0e6d4ce32ef3b3;C:\Program Files\Java\jdk-16.0.2\bin\server;C:\Users\DAFI\.gradle\native\68d5fa5c4cc2d200863cafc0d521ce42e7d3e7ee720ec0a83991735586a16f82\windows-amd64;C:\Users\DAFI\.gradle\native\e376f236ea51e6404a007f0833ffe2c6e607c4080706a723a18a27aeea778392\windows-amd64

VM Arguments:
jvm_args: -XX:MaxMetaspaceSize=512m --add-opens=java.base/java.util=ALL-UNNAMED --add-opens=java.base/java.lang=ALL-UNNAMED --add-opens=java.base/java.lang.invoke=ALL-UNNAMED --add-opens=java.prefs/java.util.prefs=ALL-UNNAMED --add-opens=java.base/java.nio.charset=ALL-UNNAMED --add-opens=java.base/java.net=ALL-UNNAMED --add-opens=java.base/java.util.concurrent.atomic=ALL-UNNAMED -Xmx2048m -Dfile.encoding=utf8 -Duser.country=ID -Duser.language=en -Duser.variant -javaagent:C:\Users\DAFI\.gradle\wrapper\dists\gradle-8.3-all\6en3ugtfdg5xnpx44z4qbwgas\gradle-8.3\lib\agents\gradle-instrumentation-agent-8.3.jar 
java_command: org.gradle.launcher.daemon.bootstrap.GradleDaemon 8.3
java_class_path (initial): C:\Users\DAFI\.gradle\wrapper\dists\gradle-8.3-all\6en3ugtfdg5xnpx44z4qbwgas\gradle-8.3\lib\gradle-launcher-8.3.jar
Launcher Type: SUN_STANDARD

[Global flags]
     intx CICompilerCount                          = 12                                        {product} {ergonomic}
   size_t CompressedClassSpaceSize                 = 432013312                                 {product} {ergonomic}
     uint ConcGCThreads                            = 3                                         {product} {ergonomic}
     uint G1ConcRefinementThreads                  = 13                                        {product} {ergonomic}
   size_t G1HeapRegionSize                         = 1048576                                   {product} {ergonomic}
    uintx GCDrainStackTargetSize                   = 64                                        {product} {ergonomic}
   size_t InitialHeapSize                          = 98566144                                  {product} {ergonomic}
   size_t MarkStackSize                            = 4194304                                   {product} {ergonomic}
   size_t MaxHeapSize                              = 2147483648                                {product} {command line}
   size_t MaxMetaspaceSize                         = 536870912                                 {product} {command line}
   size_t MaxNewSize                               = 1287651328                                {product} {ergonomic}
   size_t MinHeapDeltaBytes                        = 1048576                                   {product} {ergonomic}
   size_t MinHeapSize                              = 8388608                                   {product} {ergonomic}
    uintx NonNMethodCodeHeapSize                   = 7602480                                {pd product} {ergonomic}
    uintx NonProfiledCodeHeapSize                  = 122027880                              {pd product} {ergonomic}
    uintx ProfiledCodeHeapSize                     = 122027880                              {pd product} {ergonomic}
    uintx ReservedCodeCacheSize                    = 251658240                              {pd product} {ergonomic}
     bool SegmentedCodeCache                       = true                                      {product} {ergonomic}
   size_t SoftMaxHeapSize                          = 2147483648                             {manageable} {ergonomic}
     bool UseCompressedClassPointers               = true                           {product lp64_product} {ergonomic}
     bool UseCompressedOops                        = true                           {product lp64_product} {ergonomic}
     bool UseG1GC                                  = true                                      {product} {ergonomic}
     bool UseLargePagesIndividualAllocation        = false                                  {pd product} {ergonomic}

Logging:
Log output configuration:
 #0: stdout all=warning uptime,level,tags
 #1: stderr all=off uptime,level,tags

Environment Variables:
PATH=C:\Users\DAFI\AppData\Local\Programs\Microsoft VS Code;C:\Python314\Scripts\;C:\Python314\;D:\Program Files\Python\Scripts\;D:\Program Files\Python\;C:\db_home\bin;C:\Oracle_21c\WINDOWS.X64_213000_db_home\bin;D:\app\dafi\product\12.2.0\dbhome_1\bin;D:\app\DAFI\virtual\product\12.2.0\dbhome_1\bin;C:\Program Files\Common Files\Oracle\Java\javapath;C:\Program Files (x86)\Common Files\Oracle\Java\java8path;C:\Program Files (x86)\Common Files\Oracle\Java\javapath;C:\Program Files (x86)\Common Files\Intel\Shared Files\cpp\bin\Intel64;C:\WINDOWS\system32;C:\WINDOWS;C:\WINDOWS\System32\Wbem;C:\WINDOWS\System32\WindowsPowerShell\v1.0\;C:\WINDOWS\System32\OpenSSH\;C:\Program Files\MySQL\MySQL Server 8.0\bin;C:\ProgramData\chocolatey\bin;C:\Program Files\Git\cmd;C:\Program Files (x86)\QuickTime\QTSystem\;C:\xampp\php;C:\ProgramData\ComposerSetup\bin;C:\Gradle\gradle-7.3\bin;C:\JavaFX\javafx-sdk-19\bin;C:\Program Files\WireGuard\;C:\Program Files\Java\jdk-22\bin;C:\Program Files\MongoDB\Server\7.0\bin;C:\Users\DAFI\AppData\Local\Packages\PythonSoftwareFoundation.Python.3.12_qbz5n2kfra8p0\LocalCache\local-packages\Python312\Scripts\;C:\Program Files\Maven\apache-maven-3.9.14\bin;C:\Program Files\apache-maven-3.9.14\bin;C:\Users\DAFI\.local\bin;C:\Program Files\nodejs\;C:\Users\DAFI\AppData\Local\Microsoft\WindowsApps;C:\Program Files\mingw-w64\x86_64-8.1.0-posix-seh-rt_v6-rev0\mingw64\bin;C:\Users\DAFI\AppData\Local\Programs\Microsoft VS Code\bin;C:\ProgramData\chocolatey\lib\mingw\tools\install\mingw64\bin;C:\Users\DAFI\AppData\Roaming\Composer\vendor\bin;C:\Program Files\swipl\bin;C:\Program Files\mongosh\;C:\Users\DAFI\AppData\Local\GitHubDesktop\bin;C:\Users\DAFI\AppData\Local\PowerToys\DSCModules\;C:\Users\DAFI\AppData\Local\Programs\Antigravity\bin;C:\Users\DAFI\AppData\Local\Google\Cloud SDK\google-cloud-sdk\bin;C:\Users\DAFI\AppData\Roaming\npm
USERNAME=DAFI
OS=Windows_NT
PROCESSOR_IDENTIFIER=AMD64 Family 23 Model 104 Stepping 1, AuthenticAMD



---------------  S Y S T E M  ---------------

OS:
 Windows 10 , 64 bit Build 26100 (10.0.26100.4484)
OS uptime: 1 days 20:34 hours
Hyper-V role detected

CPU: total 16 (initial active 16) (16 cores per cpu, 2 threads per core) family 23 model 104 stepping 1 microcode 0x8608103, cx8, cmov, fxsr, ht, mmx, 3dnowpref, sse, sse2, sse3, ssse3, sse4a, sse4.1, sse4.2, popcnt, lzcnt, tsc, tscinvbit, avx, avx2, aes, clmul, bmi1, bmi2, adx, sha, fma, vzeroupper, clflush, clflushopt, hv

Memory: 4k page, system-wide physical 6005M (357M free)
TotalPageFile size 24437M (AvailPageFile size 8M)
current process WorkingSet (physical memory assigned to process): 232M, peak: 233M
current process commit charge ("private bytes"): 292M, peak: 293M

vm_info: Java HotSpot(TM) 64-Bit Server VM (16.0.2+7-67) for windows-amd64 JRE (16.0.2+7-67), built on Jun  8 2021 23:24:19 by "mach5one" with MS VC++ 16.7 (VS2019)

END.
