#
# There is insufficient memory for the Java Runtime Environment to continue.
# Native memory allocation (malloc) failed to allocate 1308400 bytes. Error detail: Chunk::new
# Possible reasons:
#   The system is out of physical RAM or swap space
#   This process is running with CompressedOops enabled, and the Java Heap may be blocking the growth of the native heap
# Possible solutions:
#   Reduce memory load on the system
#   Increase physical memory or swap space
#   Check if swap backing store is full
#   Decrease Java heap size (-Xmx/-Xms)
#   Decrease number of Java threads
#   Decrease Java thread stack sizes (-Xss)
#   Set larger code cache with -XX:ReservedCodeCacheSize=
#   JVM is running with Unscaled Compressed Oops mode in which the Java heap is
#     placed in the first 4GB address space. The Java Heap base address is the
#     maximum limit for the native heap growth. Please use -XX:HeapBaseMinAddress
#     to set the Java Heap base and to place the Java Heap above 4GB virtual address.
# This output file may be truncated or incomplete.
#
#  Out of Memory Error (arena.cpp:168), pid=19628, tid=27676
#
# JRE version: OpenJDK Runtime Environment Temurin-21.0.10+7 (21.0.10+7) (build 21.0.10+7-LTS)
# Java VM: OpenJDK 64-Bit Server VM Temurin-21.0.10+7 (21.0.10+7-LTS, mixed mode, sharing, tiered, compressed oops, compressed class ptrs, parallel gc, windows-amd64)
# No core dump will be written. Minidumps are not enabled by default on client versions of Windows
#

---------------  S U M M A R Y ------------

Command Line: --add-modules=ALL-SYSTEM --add-opens=java.base/java.util=ALL-UNNAMED --add-opens=java.base/java.lang=ALL-UNNAMED --add-opens=java.base/sun.nio.fs=ALL-UNNAMED -Declipse.application=org.eclipse.jdt.ls.core.id1 -Dosgi.bundles.defaultStartLevel=4 -Declipse.product=org.eclipse.jdt.ls.core.product -Djava.import.generatesMetadataFilesAtProjectRoot=false -DDetectVMInstallationsJob.disabled=true -Dfile.encoding=utf8 -XX:+UseParallelGC -XX:GCTimeRatio=4 -XX:AdaptiveSizePolicyWeight=90 -Dsun.zip.disableMemoryMapping=true -Xmx2G -Xms100m -Xlog:disable -javaagent:c:\Users\DAFI\.vscode\extensions\redhat.java-1.54.0-win32-x64\lombok\lombok-1.18.39-4050.jar -XX:+HeapDumpOnOutOfMemoryError -XX:HeapDumpPath=c:\Users\DAFI\AppData\Roaming\Code\User\workspaceStorage\b3098715b65234425903ca9bb6a7651f\redhat.java -Daether.dependencyCollector.impl=bf c:\Users\DAFI\.vscode\extensions\redhat.java-1.54.0-win32-x64\server\plugins\org.eclipse.equinox.launcher_1.7.100.v20251111-0406.jar -configuration c:\Users\DAFI\AppData\Roaming\Code\User\globalStorage\redhat.java\1.54.0\config_win -data c:\Users\DAFI\AppData\Roaming\Code\User\workspaceStorage\b3098715b65234425903ca9bb6a7651f\redhat.java\jdt_ws --pipe=\\.\pipe\lsp-9505282565c7fc210b05150b8356f875-sock

Host: AMD Ryzen 7 5700U with Radeon Graphics         , 16 cores, 5G,  Windows 11 , 64 bit Build 26100 (10.0.26100.4484)
Time: Thu Apr 30 10:36:58 2026 SE Asia Standard Time elapsed time: 1298.606814 seconds (0d 0h 21m 38s)

---------------  T H R E A D  ---------------

Current thread (0x0000018b1b82bf30):  JavaThread "C2 CompilerThread0" daemon [_thread_in_native, id=27676, stack(0x0000000104c00000,0x0000000104d00000) (1024K)]


Current CompileTask:
C2:1298607 18498  s!   4       org.eclipse.jdt.internal.core.index.DiskIndex::readCategoryTable (743 bytes)

Stack: [0x0000000104c00000,0x0000000104d00000]
Native frames: (J=compiled Java code, j=interpreted, Vv=VM code, C=native code)
V  [jvm.dll+0x6d7a39]
V  [jvm.dll+0x8b4b26]
V  [jvm.dll+0x8b70de]
V  [jvm.dll+0x8b77c3]
V  [jvm.dll+0x284346]
V  [jvm.dll+0xc66ed]
V  [jvm.dll+0xc6c31]
V  [jvm.dll+0x3bec3b]
V  [jvm.dll+0x38b162]
V  [jvm.dll+0x38a5aa]
V  [jvm.dll+0x24c560]
V  [jvm.dll+0x24bb40]
V  [jvm.dll+0x1cb34e]
V  [jvm.dll+0x25b85d]
V  [jvm.dll+0x259dea]
V  [jvm.dll+0x3f857e]
V  [jvm.dll+0x85f59d]
V  [jvm.dll+0x6d626d]
C  [ucrtbase.dll+0x37b0]
C  [KERNEL32.DLL+0x2e8d7]
C  [ntdll.dll+0x3c34c]


---------------  P R O C E S S  ---------------

Threads class SMR info:
_java_thread_list=0x0000018b7f57cdf0, length=82, elements={
0x0000018b1b7712e0, 0x0000018b1b71df80, 0x0000018b1b814cc0, 0x0000018b1b819c60,
0x0000018b1b81a940, 0x0000018b1b81c900, 0x0000018b1b820a00, 0x0000018b1b82bf30,
0x0000018b745e72f0, 0x0000018b7480dda0, 0x0000018b7495acc0, 0x0000018b7a9666b0,
0x0000018b7aaa5a40, 0x0000018b7aaa60b0, 0x0000018b7ab775d0, 0x0000018b7b1e0e20,
0x0000018b7a99c180, 0x0000018b7abfd310, 0x0000018b7b347110, 0x0000018b7b345d60,
0x0000018b7b3456d0, 0x0000018b7b3449b0, 0x0000018b7b6e40b0, 0x0000018b7b6e5460,
0x0000018b7b6e3390, 0x0000018b7b6e4740, 0x0000018b7b6e4dd0, 0x0000018b7b6e5af0,
0x0000018b7b6e3a20, 0x0000018b7b6e6180, 0x0000018b7b6e2d00, 0x0000018b7b6e7530,
0x0000018b7b6e9600, 0x0000018b7b6e6810, 0x0000018b7b6e9c90, 0x0000018b7b6e88e0,
0x0000018b7b6ea320, 0x0000018b7b6e6ea0, 0x0000018b7b6e7bc0, 0x0000018b7b6e8250,
0x0000018b7b6e8f70, 0x0000018b7bf3bd90, 0x0000018b7bf3b070, 0x0000018b7bf3cab0,
0x0000018b7bf3c420, 0x0000018b7bf39630, 0x0000018b7b3463f0, 0x0000018b7fc5dd50,
0x0000018b7fc5d030, 0x0000018b7fc5a8d0, 0x0000018b7fc5e3e0, 0x0000018b7fc5ea70,
0x0000018b7bf405c0, 0x0000018b7bf40c50, 0x0000018b7bf3eb80, 0x0000018b7bf3f8a0,
0x0000018b7bf3ff30, 0x0000018b7d8c4100, 0x0000018b7d8c2030, 0x0000018b7d8c4790,
0x0000018b7d8c5b40, 0x0000018b7d8c61d0, 0x0000018b7d8c6ef0, 0x0000018b7d8c6860,
0x0000018b7d8c3a70, 0x0000018b7d8c9650, 0x0000018b7d8c7580, 0x0000018b7d8c8fc0,
0x0000018b7e36bce0, 0x0000018b7e36c370, 0x0000018b7e36ca00, 0x0000018b7e369580,
0x0000018b7e36ead0, 0x0000018b7e36fe80, 0x0000018b7e36ddb0, 0x0000018b7e370510,
0x0000018b7e36e440, 0x0000018b7e36f7f0, 0x0000018b7e36d090, 0x0000018b7ee372e0,
0x0000018b7df69e40, 0x0000018b7df6a4d0
}

Java Threads: ( => current thread )
  0x0000018b1b7712e0 JavaThread "main"                              [_thread_blocked, id=3748, stack(0x0000000104200000,0x0000000104300000) (1024K)]
  0x0000018b1b71df80 JavaThread "Reference Handler"          daemon [_thread_blocked, id=21004, stack(0x0000000104600000,0x0000000104700000) (1024K)]
  0x0000018b1b814cc0 JavaThread "Finalizer"                  daemon [_thread_blocked, id=27792, stack(0x0000000104700000,0x0000000104800000) (1024K)]
  0x0000018b1b819c60 JavaThread "Signal Dispatcher"          daemon [_thread_blocked, id=27524, stack(0x0000000104800000,0x0000000104900000) (1024K)]
  0x0000018b1b81a940 JavaThread "Attach Listener"            daemon [_thread_blocked, id=15244, stack(0x0000000104900000,0x0000000104a00000) (1024K)]
  0x0000018b1b81c900 JavaThread "Service Thread"             daemon [_thread_blocked, id=6052, stack(0x0000000104a00000,0x0000000104b00000) (1024K)]
  0x0000018b1b820a00 JavaThread "Monitor Deflation Thread"   daemon [_thread_blocked, id=21132, stack(0x0000000104b00000,0x0000000104c00000) (1024K)]
=>0x0000018b1b82bf30 JavaThread "C2 CompilerThread0"         daemon [_thread_in_native, id=27676, stack(0x0000000104c00000,0x0000000104d00000) (1024K)]
  0x0000018b745e72f0 JavaThread "C1 CompilerThread0"         daemon [_thread_blocked, id=27824, stack(0x0000000104d00000,0x0000000104e00000) (1024K)]
  0x0000018b7480dda0 JavaThread "Common-Cleaner"             daemon [_thread_blocked, id=26928, stack(0x0000000105000000,0x0000000105100000) (1024K)]
  0x0000018b7495acc0 JavaThread "Notification Thread"        daemon [_thread_blocked, id=10860, stack(0x0000000105300000,0x0000000105400000) (1024K)]
  0x0000018b7a9666b0 JavaThread "Active Thread: Equinox Container: bb8ebca0-91c7-4b1d-a60f-4b19ebdefc03"        [_thread_blocked, id=4372, stack(0x0000000104f00000,0x0000000105000000) (1024K)]
  0x0000018b7aaa5a40 JavaThread "Refresh Thread: Equinox Container: bb8ebca0-91c7-4b1d-a60f-4b19ebdefc03" daemon [_thread_blocked, id=8728, stack(0x0000000105b00000,0x0000000105c00000) (1024K)]
  0x0000018b7aaa60b0 JavaThread "Framework Event Dispatcher: Equinox Container: bb8ebca0-91c7-4b1d-a60f-4b19ebdefc03" daemon [_thread_blocked, id=3172, stack(0x0000000105c00000,0x0000000105d00000) (1024K)]
  0x0000018b7ab775d0 JavaThread "Start Level: Equinox Container: bb8ebca0-91c7-4b1d-a60f-4b19ebdefc03" daemon [_thread_blocked, id=8608, stack(0x0000000105d00000,0x0000000105e00000) (1024K)]
  0x0000018b7b1e0e20 JavaThread "Bundle File Closer"         daemon [_thread_blocked, id=10516, stack(0x0000000106200000,0x0000000106300000) (1024K)]
  0x0000018b7a99c180 JavaThread "SCR Component Actor"        daemon [_thread_blocked, id=10012, stack(0x0000000105e00000,0x0000000105f00000) (1024K)]
  0x0000018b7abfd310 JavaThread "Worker-JM"                         [_thread_blocked, id=21420, stack(0x0000000106400000,0x0000000106500000) (1024K)]
  0x0000018b7b347110 JavaThread "JNA Cleaner"                daemon [_thread_blocked, id=15320, stack(0x0000000106700000,0x0000000106800000) (1024K)]
  0x0000018b7b345d60 JavaThread "Worker-0"                          [_thread_blocked, id=29060, stack(0x0000000106800000,0x0000000106900000) (1024K)]
  0x0000018b7b3456d0 JavaThread "Worker-1"                          [_thread_blocked, id=31736, stack(0x0000000106900000,0x0000000106a00000) (1024K)]
  0x0000018b7b3449b0 JavaThread "Java indexing"              daemon [_thread_blocked, id=20928, stack(0x0000000106b00000,0x0000000106c00000) (1024K)]
  0x0000018b7b6e40b0 JavaThread "Worker-4"                          [_thread_blocked, id=2564, stack(0x0000000106d00000,0x0000000106e00000) (1024K)]
  0x0000018b7b6e5460 JavaThread "Thread-1"                   daemon [_thread_in_native, id=32628, stack(0x0000000107000000,0x0000000107100000) (1024K)]
  0x0000018b7b6e3390 JavaThread "Thread-2"                   daemon [_thread_in_native, id=27252, stack(0x0000000107100000,0x0000000107200000) (1024K)]
  0x0000018b7b6e4740 JavaThread "Thread-3"                   daemon [_thread_in_native, id=30412, stack(0x0000000107200000,0x0000000107300000) (1024K)]
  0x0000018b7b6e4dd0 JavaThread "Thread-4"                   daemon [_thread_in_native, id=28668, stack(0x0000000107300000,0x0000000107400000) (1024K)]
  0x0000018b7b6e5af0 JavaThread "Thread-5"                   daemon [_thread_in_native, id=13196, stack(0x0000000107400000,0x0000000107500000) (1024K)]
  0x0000018b7b6e3a20 JavaThread "Thread-6"                   daemon [_thread_in_native, id=13732, stack(0x0000000107500000,0x0000000107600000) (1024K)]
  0x0000018b7b6e6180 JavaThread "Thread-7"                   daemon [_thread_in_native, id=33708, stack(0x0000000107600000,0x0000000107700000) (1024K)]
  0x0000018b7b6e2d00 JavaThread "Thread-8"                   daemon [_thread_in_native, id=20856, stack(0x0000000107700000,0x0000000107800000) (1024K)]
  0x0000018b7b6e7530 JavaThread "Thread-9"                   daemon [_thread_in_native, id=2820, stack(0x0000000107800000,0x0000000107900000) (1024K)]
  0x0000018b7b6e9600 JavaThread "Thread-10"                  daemon [_thread_in_native, id=5700, stack(0x0000000107900000,0x0000000107a00000) (1024K)]
  0x0000018b7b6e6810 JavaThread "Thread-11"                  daemon [_thread_in_native, id=28308, stack(0x0000000107a00000,0x0000000107b00000) (1024K)]
  0x0000018b7b6e9c90 JavaThread "Thread-12"                  daemon [_thread_in_native, id=27680, stack(0x0000000107b00000,0x0000000107c00000) (1024K)]
  0x0000018b7b6e88e0 JavaThread "Thread-13"                  daemon [_thread_in_native, id=5000, stack(0x0000000107c00000,0x0000000107d00000) (1024K)]
  0x0000018b7b6ea320 JavaThread "Thread-14"                  daemon [_thread_in_native, id=28636, stack(0x0000000107d00000,0x0000000107e00000) (1024K)]
  0x0000018b7b6e6ea0 JavaThread "Thread-15"                  daemon [_thread_in_native, id=24636, stack(0x0000000107e00000,0x0000000107f00000) (1024K)]
  0x0000018b7b6e7bc0 JavaThread "Thread-16"                  daemon [_thread_in_native, id=29508, stack(0x0000000107f00000,0x0000000108000000) (1024K)]
  0x0000018b7b6e8250 JavaThread "Thread-17"                  daemon [_thread_in_native, id=8360, stack(0x0000000108000000,0x0000000108100000) (1024K)]
  0x0000018b7b6e8f70 JavaThread "Worker-5"                          [_thread_blocked, id=15952, stack(0x0000000108100000,0x0000000108200000) (1024K)]
  0x0000018b7bf3bd90 JavaThread "pool-2-thread-1"                   [_thread_blocked, id=29980, stack(0x0000000108200000,0x0000000108300000) (1024K)]
  0x0000018b7bf3b070 JavaThread "Timer-0"                           [_thread_blocked, id=26244, stack(0x0000000108300000,0x0000000108400000) (1024K)]
  0x0000018b7bf3cab0 JavaThread "Timer-1"                           [_thread_blocked, id=24548, stack(0x0000000108400000,0x0000000108500000) (1024K)]
  0x0000018b7bf3c420 JavaThread "WorkspaceEventsHandler"            [_thread_blocked, id=14636, stack(0x0000000108500000,0x0000000108600000) (1024K)]
  0x0000018b7bf39630 JavaThread "pool-1-thread-1"                   [_thread_blocked, id=30952, stack(0x0000000108600000,0x0000000108700000) (1024K)]
  0x0000018b7b3463f0 JavaThread "Timer-2"                           [_thread_blocked, id=21888, stack(0x0000000108800000,0x0000000108900000) (1024K)]
  0x0000018b7fc5dd50 JavaThread "Timer-3"                           [_thread_blocked, id=18956, stack(0x0000000105100000,0x0000000105200000) (1024K)]
  0x0000018b7fc5d030 JavaThread "Timer-4"                           [_thread_blocked, id=30284, stack(0x0000000105200000,0x0000000105300000) (1024K)]
  0x0000018b7fc5a8d0 JavaThread "Timer-5"                           [_thread_blocked, id=27100, stack(0x0000000106300000,0x0000000106400000) (1024K)]
  0x0000018b7fc5e3e0 JavaThread "Timer-6"                           [_thread_blocked, id=31916, stack(0x0000000108a00000,0x0000000108b00000) (1024K)]
  0x0000018b7fc5ea70 JavaThread "Timer-7"                           [_thread_blocked, id=18464, stack(0x0000000108b00000,0x0000000108c00000) (1024K)]
  0x0000018b7bf405c0 JavaThread "Timer-8"                           [_thread_blocked, id=8704, stack(0x0000000104000000,0x0000000104100000) (1024K)]
  0x0000018b7bf40c50 JavaThread "Timer-9"                           [_thread_blocked, id=33292, stack(0x0000000106a00000,0x0000000106b00000) (1024K)]
  0x0000018b7bf3eb80 JavaThread "Worker-7"                          [_thread_blocked, id=33656, stack(0x0000000106e00000,0x0000000106f00000) (1024K)]
  0x0000018b7bf3f8a0 JavaThread "Worker-8"                          [_thread_blocked, id=32096, stack(0x0000000106f00000,0x0000000107000000) (1024K)]
  0x0000018b7bf3ff30 JavaThread "Worker-9"                          [_thread_blocked, id=13124, stack(0x0000000108700000,0x0000000108800000) (1024K)]
  0x0000018b7d8c4100 JavaThread "Worker-10"                         [_thread_blocked, id=6452, stack(0x0000000108900000,0x0000000108a00000) (1024K)]
  0x0000018b7d8c2030 JavaThread "Worker-11"                         [_thread_blocked, id=30496, stack(0x0000000108c00000,0x0000000108d00000) (1024K)]
  0x0000018b7d8c4790 JavaThread "Worker-12"                         [_thread_blocked, id=32488, stack(0x0000000108d00000,0x0000000108e00000) (1024K)]
  0x0000018b7d8c5b40 JavaThread "Worker-13"                         [_thread_blocked, id=14808, stack(0x0000000108e00000,0x0000000108f00000) (1024K)]
  0x0000018b7d8c61d0 JavaThread "Worker-14"                         [_thread_blocked, id=27560, stack(0x0000000108f00000,0x0000000109000000) (1024K)]
  0x0000018b7d8c6ef0 JavaThread "Worker-15"                         [_thread_blocked, id=27004, stack(0x0000000109000000,0x0000000109100000) (1024K)]
  0x0000018b7d8c6860 JavaThread "Worker-16"                         [_thread_blocked, id=19160, stack(0x0000000106c00000,0x0000000106d00000) (1024K)]
  0x0000018b7d8c3a70 JavaThread "Worker-17"                         [_thread_blocked, id=11936, stack(0x0000000109100000,0x0000000109200000) (1024K)]
  0x0000018b7d8c9650 JavaThread "Worker-18: Initialize workspace"        [_thread_blocked, id=20944, stack(0x0000000109200000,0x0000000109300000) (1024K)]
  0x0000018b7d8c7580 JavaThread "Timer-10"                          [_thread_blocked, id=3532, stack(0x0000000109300000,0x0000000109400000) (1024K)]
  0x0000018b7d8c8fc0 JavaThread "Worker-19: Java indexing... "        [_thread_blocked, id=31688, stack(0x0000000109800000,0x0000000109900000) (1024K)]
  0x0000018b7e36bce0 JavaThread "Worker-20"                         [_thread_blocked, id=23712, stack(0x0000000109500000,0x0000000109600000) (1024K)]
  0x0000018b7e36c370 JavaThread "Worker-21: Update project react-native-gradle-plugin-gradle-plugin"        [_thread_in_vm, id=18888, stack(0x0000000109400000,0x0000000109500000) (1024K)]
  0x0000018b7e36ca00 JavaThread "Worker-22"                         [_thread_blocked, id=19812, stack(0x0000000109700000,0x0000000109800000) (1024K)]
  0x0000018b7e369580 JavaThread "Worker-23"                         [_thread_blocked, id=29036, stack(0x0000000109900000,0x0000000109a00000) (1024K)]
  0x0000018b7e36ead0 JavaThread "Worker-24"                         [_thread_blocked, id=25304, stack(0x0000000109a00000,0x0000000109b00000) (1024K)]
  0x0000018b7e36fe80 JavaThread "Worker-25"                         [_thread_blocked, id=24400, stack(0x0000000109b00000,0x0000000109c00000) (1024K)]
  0x0000018b7e36ddb0 JavaThread "Worker-26"                         [_thread_blocked, id=33240, stack(0x0000000109c00000,0x0000000109d00000) (1024K)]
  0x0000018b7e370510 JavaThread "Worker-27"                         [_thread_blocked, id=31328, stack(0x0000000109d00000,0x0000000109e00000) (1024K)]
  0x0000018b7e36e440 JavaThread "Worker-28: Update project react-native-gesture-handler"        [_thread_blocked, id=24392, stack(0x0000000109e00000,0x0000000109f00000) (1024K)]
  0x0000018b7e36f7f0 JavaThread "Timer-11"                          [_thread_blocked, id=11372, stack(0x0000000109f00000,0x000000010a000000) (1024K)]
  0x0000018b7e36d090 JavaThread "Timer-12"                          [_thread_blocked, id=30960, stack(0x000000010a100000,0x000000010a200000) (1024K)]
  0x0000018b7ee372e0 JavaThread "C1 CompilerThread1"         daemon [_thread_blocked, id=11052, stack(0x0000000104100000,0x0000000104200000) (1024K)]
  0x0000018b7df69e40 JavaThread "Timer-13"                          [_thread_blocked, id=10716, stack(0x0000000103f00000,0x0000000104000000) (1024K)]
  0x0000018b7df6a4d0 JavaThread "Timer-14"                          [_thread_blocked, id=5880, stack(0x0000000104e00000,0x0000000104f00000) (1024K)]
Total: 82

Other Threads:
  0x0000018b1b812be0 VMThread "VM Thread"                           [id=14384, stack(0x0000000104500000,0x0000000104600000) (1024K)]
  0x0000018b1b5fca00 WatcherThread "VM Periodic Task Thread"        [id=29424, stack(0x0000000104400000,0x0000000104500000) (1024K)]
  0x0000018b1b78f940 WorkerThread "GC Thread#0"                     [id=30168, stack(0x0000000104300000,0x0000000104400000) (1024K)]
  0x0000018b7a6b24d0 WorkerThread "GC Thread#1"                     [id=15992, stack(0x0000000105400000,0x0000000105500000) (1024K)]
  0x0000018b7a412f90 WorkerThread "GC Thread#2"                     [id=15080, stack(0x0000000105500000,0x0000000105600000) (1024K)]
  0x0000018b7a413340 WorkerThread "GC Thread#3"                     [id=18360, stack(0x0000000105600000,0x0000000105700000) (1024K)]
  0x0000018b7a415d20 WorkerThread "GC Thread#4"                     [id=16932, stack(0x0000000105700000,0x0000000105800000) (1024K)]
  0x0000018b7a4160d0 WorkerThread "GC Thread#5"                     [id=6868, stack(0x0000000105800000,0x0000000105900000) (1024K)]
  0x0000018b7a6336b0 WorkerThread "GC Thread#6"                     [id=19788, stack(0x0000000105900000,0x0000000105a00000) (1024K)]
  0x0000018b7aaa9230 WorkerThread "GC Thread#7"                     [id=29208, stack(0x0000000105a00000,0x0000000105b00000) (1024K)]
  0x0000018b7ac401c0 WorkerThread "GC Thread#8"                     [id=26652, stack(0x0000000105f00000,0x0000000106000000) (1024K)]
  0x0000018b7ae79990 WorkerThread "GC Thread#9"                     [id=26860, stack(0x0000000106000000,0x0000000106100000) (1024K)]
  0x0000018b7ae7a140 WorkerThread "GC Thread#10"                    [id=10580, stack(0x0000000106100000,0x0000000106200000) (1024K)]
  0x0000018b7a10dae0 WorkerThread "GC Thread#11"                    [id=19680, stack(0x0000000106500000,0x0000000106600000) (1024K)]
  0x0000018b7a10c110 WorkerThread "GC Thread#12"                    [id=10644, stack(0x0000000106600000,0x0000000106700000) (1024K)]
Total: 15

Threads with active compile tasks:
C2 CompilerThread0  1298643 18498  s!   4       org.eclipse.jdt.internal.core.index.DiskIndex::readCategoryTable (743 bytes)
Total: 1

VM state: not at safepoint (normal execution)

VM Mutex/Monitor currently owned by a thread: None

Heap address: 0x0000000080000000, size: 2048 MB, Compressed Oops mode: 32-bit

CDS archive(s) mapped at: [0x0000018b33000000-0x0000018b33ba0000-0x0000018b33ba0000), size 12189696, SharedBaseAddress: 0x0000018b33000000, ArchiveRelocationMode: 1.
Compressed class space mapped at: 0x0000018b34000000-0x0000018b74000000, reserved size: 1073741824
Narrow klass base: 0x0000018b33000000, Narrow klass shift: 0, Narrow klass range: 0x100000000

GC Precious Log:
 CardTable entry size: 512
 CPUs: 16 total, 16 available
 Memory: 6005M
 Large Page Support: Disabled
 NUMA Support: Disabled
 Compressed Oops: Enabled (32-bit)
 Alignments: Space 512K, Generation 512K, Heap 2M
 Heap Min Capacity: 100M
 Heap Initial Capacity: 100M
 Heap Max Capacity: 2G
 Pre-touch: Disabled
 Parallel Workers: 13

Heap:
 PSYoungGen      total 9728K, used 2542K [0x00000000d5580000, 0x00000000d6400000, 0x0000000100000000)
  eden space 7168K, 3% used [0x00000000d5580000,0x00000000d55be100,0x00000000d5c80000)
  from space 2560K, 89% used [0x00000000d6180000,0x00000000d63bd818,0x00000000d6400000)
  to   space 3072K, 0% used [0x00000000d5e00000,0x00000000d5e00000,0x00000000d6100000)
 ParOldGen       total 1364480K, used 713744K [0x0000000080000000, 0x00000000d3480000, 0x00000000d5580000)
  object space 1364480K, 52% used [0x0000000080000000,0x00000000ab904090,0x00000000d3480000)
 Metaspace       used 83692K, committed 85376K, reserved 1179648K
  class space    used 9747K, committed 10496K, reserved 1048576K

Card table byte_map: [0x0000018b1b110000,0x0000018b1b520000] _byte_map_base: 0x0000018b1ad10000

Marking Bits: (ParMarkBitMap*) 0x00007ffa67c53450
 Begin Bits: [0x0000018b2dc20000, 0x0000018b2fc20000)
 End Bits:   [0x0000018b2fc20000, 0x0000018b31c20000)

Polling page: 0x0000018b19590000

Metaspace:

Usage:
  Non-class:     72.21 MB used.
      Class:      9.52 MB used.
       Both:     81.73 MB used.

Virtual space:
  Non-class space:      128.00 MB reserved,      73.12 MB ( 57%) committed,  2 nodes.
      Class space:        1.00 GB reserved,      10.25 MB (  1%) committed,  1 nodes.
             Both:        1.12 GB reserved,      83.38 MB (  7%) committed. 

Chunk freelists:
   Non-Class:  6.03 MB
       Class:  5.59 MB
        Both:  11.63 MB

MaxMetaspaceSize: unlimited
CompressedClassSpaceSize: 1.00 GB
Initial GC threshold: 21.00 MB
Current GC threshold: 137.00 MB
CDS: on
 - commit_granule_bytes: 65536.
 - commit_granule_words: 8192.
 - virtual_space_node_default_size: 8388608.
 - enlarge_chunks_in_place: 1.
 - use_allocation_guard: 0.


Internal statistics:

num_allocs_failed_limit: 9.
num_arena_births: 1726.
num_arena_deaths: 14.
num_vsnodes_births: 3.
num_vsnodes_deaths: 0.
num_space_committed: 1334.
num_space_uncommitted: 0.
num_chunks_returned_to_freelist: 23.
num_chunks_taken_from_freelist: 6109.
num_chunk_merges: 7.
num_chunk_splits: 3514.
num_chunks_enlarged: 1680.
num_inconsistent_stats: 0.

CodeHeap 'non-profiled nmethods': size=119168Kb used=13929Kb max_used=13929Kb free=105238Kb
 bounds [0x0000018b26510000, 0x0000018b272b0000, 0x0000018b2d970000]
CodeHeap 'profiled nmethods': size=119104Kb used=38925Kb max_used=38925Kb free=80178Kb
 bounds [0x0000018b1e970000, 0x0000018b20f80000, 0x0000018b25dc0000]
CodeHeap 'non-nmethods': size=7488Kb used=2017Kb max_used=3195Kb free=5470Kb
 bounds [0x0000018b25dc0000, 0x0000018b260f0000, 0x0000018b26510000]
CodeCache: size=245760Kb, used=54871Kb, max_used=56049Kb, free=190886Kb
 total_blobs=17638, nmethods=16870, adapters=670, full_count=0
Compilation: enabled, stopped_count=0, restarted_count=0

Compilation events (20 events):
Event: 1297.311 Thread 0x0000018b7ee372e0 18491       3       com.google.common.base.CharMatcher$FastMatcher::<init> (5 bytes)
Event: 1297.311 Thread 0x0000018b745e72f0 18492       3       com.google.common.base.CharMatcher::<init> (5 bytes)
Event: 1297.312 Thread 0x0000018b745e72f0 nmethod 18492 0x0000018b20f69510 code [0x0000018b20f696c0, 0x0000018b20f69828]
Event: 1297.312 Thread 0x0000018b7ee372e0 nmethod 18491 0x0000018b20f69910 code [0x0000018b20f69ac0, 0x0000018b20f69c88]
Event: 1297.313 Thread 0x0000018b7ee372e0 18493       3       com.google.common.base.CharMatcher::is (9 bytes)
Event: 1297.313 Thread 0x0000018b745e72f0 18494       3       com.google.common.base.CharMatcher$Is::<init> (10 bytes)
Event: 1297.313 Thread 0x0000018b745e72f0 nmethod 18494 0x0000018b20f69d90 code [0x0000018b20f69f40, 0x0000018b20f6a168]
Event: 1297.314 Thread 0x0000018b7ee372e0 nmethod 18493 0x0000018b20f6a290 code [0x0000018b20f6a440, 0x0000018b20f6a700]
Event: 1297.321 Thread 0x0000018b7ee372e0 18495       3       org.eclipse.core.internal.jobs.DeadlockDetector::resizeGraph (93 bytes)
Event: 1297.322 Thread 0x0000018b7ee372e0 nmethod 18495 0x0000018b20f6a890 code [0x0000018b20f6aa60, 0x0000018b20f6af80]
Event: 1297.342 Thread 0x0000018b1b82bf30 nmethod 18467% 0x0000018b2729ed10 code [0x0000018b2729f400, 0x0000018b272a57d8]
Event: 1297.342 Thread 0x0000018b1b82bf30 18496       4       org.eclipse.core.internal.resources.Container::members (55 bytes)
Event: 1297.346 Thread 0x0000018b1b82bf30 nmethod 18496 0x0000018b272a8790 code [0x0000018b272a8960, 0x0000018b272a8c40]
Event: 1297.358 Thread 0x0000018b7ee357a0 18497       4       org.eclipse.core.runtime.jobs.Job::getJobManager (4 bytes)
Event: 1297.358 Thread 0x0000018b7ee357a0 nmethod 18497 0x0000018b272a9010 code [0x0000018b272a91a0, 0x0000018b272a9210]
Event: 1297.402 Thread 0x0000018b1b82bf30 18498  s!   4       org.eclipse.jdt.internal.core.index.DiskIndex::readCategoryTable (743 bytes)
Event: 1297.407 Thread 0x0000018b745e72f0 18499       3       java.util.LinkedHashMap$LinkedHashIterator::remove (75 bytes)
Event: 1297.407 Thread 0x0000018b745e72f0 nmethod 18499 0x0000018b20f6b190 code [0x0000018b20f6b380, 0x0000018b20f6b750]
Event: 1297.523 Thread 0x0000018b7ee357a0 18500   !   4       java.io.FileInputStream::read (32 bytes)
Event: 1297.525 Thread 0x0000018b7ee357a0 nmethod 18500 0x0000018b272a9310 code [0x0000018b272a94c0, 0x0000018b272a9620]

GC Heap History (20 events):
Event: 1296.831 GC heap before
{Heap before GC invocations=4192 (full 4):
 PSYoungGen      total 14336K, used 14144K [0x00000000d5580000, 0x00000000d6880000, 0x0000000100000000)
  eden space 13312K, 100% used [0x00000000d5580000,0x00000000d6280000,0x00000000d6280000)
  from space 1024K, 81% used [0x00000000d6280000,0x00000000d6350000,0x00000000d6380000)
  to   space 2560K, 0% used [0x00000000d6600000,0x00000000d6600000,0x00000000d6880000)
 ParOldGen       total 1364480K, used 682344K [0x0000000080000000, 0x00000000d3480000, 0x00000000d5580000)
  object space 1364480K, 50% used [0x0000000080000000,0x00000000a9a5a160,0x00000000d3480000)
 Metaspace       used 83652K, committed 85312K, reserved 1179648K
  class space    used 9744K, committed 10496K, reserved 1048576K
}
Event: 1296.834 GC heap after
{Heap after GC invocations=4192 (full 4):
 PSYoungGen      total 14336K, used 544K [0x00000000d5580000, 0x00000000d6700000, 0x0000000100000000)
  eden space 13312K, 0% used [0x00000000d5580000,0x00000000d5580000,0x00000000d6280000)
  from space 1024K, 53% used [0x00000000d6600000,0x00000000d6688000,0x00000000d6700000)
  to   space 1024K, 0% used [0x00000000d6280000,0x00000000d6280000,0x00000000d6380000)
 ParOldGen       total 1364480K, used 682736K [0x0000000080000000, 0x00000000d3480000, 0x00000000d5580000)
  object space 1364480K, 50% used [0x0000000080000000,0x00000000a9abc160,0x00000000d3480000)
 Metaspace       used 83652K, committed 85312K, reserved 1179648K
  class space    used 9744K, committed 10496K, reserved 1048576K
}
Event: 1296.870 GC heap before
{Heap before GC invocations=4193 (full 4):
 PSYoungGen      total 14336K, used 13856K [0x00000000d5580000, 0x00000000d6700000, 0x0000000100000000)
  eden space 13312K, 100% used [0x00000000d5580000,0x00000000d6280000,0x00000000d6280000)
  from space 1024K, 53% used [0x00000000d6600000,0x00000000d6688000,0x00000000d6700000)
  to   space 1024K, 0% used [0x00000000d6280000,0x00000000d6280000,0x00000000d6380000)
 ParOldGen       total 1364480K, used 682736K [0x0000000080000000, 0x00000000d3480000, 0x00000000d5580000)
  object space 1364480K, 50% used [0x0000000080000000,0x00000000a9abc160,0x00000000d3480000)
 Metaspace       used 83660K, committed 85312K, reserved 1179648K
  class space    used 9745K, committed 10496K, reserved 1048576K
}
Event: 1296.887 GC heap after
{Heap after GC invocations=4193 (full 4):
 PSYoungGen      total 14336K, used 1023K [0x00000000d5580000, 0x00000000d6f80000, 0x0000000100000000)
  eden space 13312K, 0% used [0x00000000d5580000,0x00000000d5580000,0x00000000d6280000)
  from space 1024K, 99% used [0x00000000d6280000,0x00000000d637ffe0,0x00000000d6380000)
  to   space 6656K, 0% used [0x00000000d6900000,0x00000000d6900000,0x00000000d6f80000)
 ParOldGen       total 1364480K, used 687139K [0x0000000080000000, 0x00000000d3480000, 0x00000000d5580000)
  object space 1364480K, 50% used [0x0000000080000000,0x00000000a9f08c88,0x00000000d3480000)
 Metaspace       used 83660K, committed 85312K, reserved 1179648K
  class space    used 9745K, committed 10496K, reserved 1048576K
}
Event: 1296.926 GC heap before
{Heap before GC invocations=4194 (full 4):
 PSYoungGen      total 14336K, used 14335K [0x00000000d5580000, 0x00000000d6f80000, 0x0000000100000000)
  eden space 13312K, 100% used [0x00000000d5580000,0x00000000d6280000,0x00000000d6280000)
  from space 1024K, 99% used [0x00000000d6280000,0x00000000d637ffe0,0x00000000d6380000)
  to   space 6656K, 0% used [0x00000000d6900000,0x00000000d6900000,0x00000000d6f80000)
 ParOldGen       total 1364480K, used 687139K [0x0000000080000000, 0x00000000d3480000, 0x00000000d5580000)
  object space 1364480K, 50% used [0x0000000080000000,0x00000000a9f08c88,0x00000000d3480000)
 Metaspace       used 83674K, committed 85376K, reserved 1179648K
  class space    used 9746K, committed 10496K, reserved 1048576K
}
Event: 1296.940 GC heap after
{Heap after GC invocations=4194 (full 4):
 PSYoungGen      total 15360K, used 6648K [0x00000000d5580000, 0x00000000d7880000, 0x0000000100000000)
  eden space 8704K, 0% used [0x00000000d5580000,0x00000000d5580000,0x00000000d5e00000)
  from space 6656K, 99% used [0x00000000d6900000,0x00000000d6f7e1f0,0x00000000d6f80000)
  to   space 11264K, 0% used [0x00000000d5e00000,0x00000000d5e00000,0x00000000d6900000)
 ParOldGen       total 1364480K, used 690600K [0x0000000080000000, 0x00000000d3480000, 0x00000000d5580000)
  object space 1364480K, 50% used [0x0000000080000000,0x00000000aa26a258,0x00000000d3480000)
 Metaspace       used 83674K, committed 85376K, reserved 1179648K
  class space    used 9746K, committed 10496K, reserved 1048576K
}
Event: 1296.998 GC heap before
{Heap before GC invocations=4195 (full 4):
 PSYoungGen      total 15360K, used 15352K [0x00000000d5580000, 0x00000000d7880000, 0x0000000100000000)
  eden space 8704K, 100% used [0x00000000d5580000,0x00000000d5e00000,0x00000000d5e00000)
  from space 6656K, 99% used [0x00000000d6900000,0x00000000d6f7e1f0,0x00000000d6f80000)
  to   space 11264K, 0% used [0x00000000d5e00000,0x00000000d5e00000,0x00000000d6900000)
 ParOldGen       total 1364480K, used 690600K [0x0000000080000000, 0x00000000d3480000, 0x00000000d5580000)
  object space 1364480K, 50% used [0x0000000080000000,0x00000000aa26a258,0x00000000d3480000)
 Metaspace       used 83681K, committed 85376K, reserved 1179648K
  class space    used 9746K, committed 10496K, reserved 1048576K
}
Event: 1297.014 GC heap after
{Heap after GC invocations=4195 (full 4):
 PSYoungGen      total 11264K, used 2473K [0x00000000d5580000, 0x00000000d6980000, 0x0000000100000000)
  eden space 8704K, 0% used [0x00000000d5580000,0x00000000d5580000,0x00000000d5e00000)
  from space 2560K, 96% used [0x00000000d5e00000,0x00000000d606a440,0x00000000d6080000)
  to   space 5632K, 0% used [0x00000000d6400000,0x00000000d6400000,0x00000000d6980000)
 ParOldGen       total 1364480K, used 696267K [0x0000000080000000, 0x00000000d3480000, 0x00000000d5580000)
  object space 1364480K, 51% used [0x0000000080000000,0x00000000aa7f2ef0,0x00000000d3480000)
 Metaspace       used 83681K, committed 85376K, reserved 1179648K
  class space    used 9746K, committed 10496K, reserved 1048576K
}
Event: 1297.038 GC heap before
{Heap before GC invocations=4196 (full 4):
 PSYoungGen      total 11264K, used 11177K [0x00000000d5580000, 0x00000000d6980000, 0x0000000100000000)
  eden space 8704K, 100% used [0x00000000d5580000,0x00000000d5e00000,0x00000000d5e00000)
  from space 2560K, 96% used [0x00000000d5e00000,0x00000000d606a440,0x00000000d6080000)
  to   space 5632K, 0% used [0x00000000d6400000,0x00000000d6400000,0x00000000d6980000)
 ParOldGen       total 1364480K, used 696267K [0x0000000080000000, 0x00000000d3480000, 0x00000000d5580000)
  object space 1364480K, 51% used [0x0000000080000000,0x00000000aa7f2ef0,0x00000000d3480000)
 Metaspace       used 83681K, committed 85376K, reserved 1179648K
  class space    used 9746K, committed 10496K, reserved 1048576K
}
Event: 1297.067 GC heap after
{Heap after GC invocations=4196 (full 4):
 PSYoungGen      total 15360K, used 3830K [0x00000000d5580000, 0x00000000d6900000, 0x0000000100000000)
  eden space 10240K, 0% used [0x00000000d5580000,0x00000000d5580000,0x00000000d5f80000)
  from space 5120K, 74% used [0x00000000d6400000,0x00000000d67bd920,0x00000000d6900000)
  to   space 4608K, 0% used [0x00000000d5f80000,0x00000000d5f80000,0x00000000d6400000)
 ParOldGen       total 1364480K, used 697588K [0x0000000080000000, 0x00000000d3480000, 0x00000000d5580000)
  object space 1364480K, 51% used [0x0000000080000000,0x00000000aa93d328,0x00000000d3480000)
 Metaspace       used 83681K, committed 85376K, reserved 1179648K
  class space    used 9746K, committed 10496K, reserved 1048576K
}
Event: 1297.113 GC heap before
{Heap before GC invocations=4197 (full 4):
 PSYoungGen      total 15360K, used 14070K [0x00000000d5580000, 0x00000000d6900000, 0x0000000100000000)
  eden space 10240K, 100% used [0x00000000d5580000,0x00000000d5f80000,0x00000000d5f80000)
  from space 5120K, 74% used [0x00000000d6400000,0x00000000d67bd920,0x00000000d6900000)
  to   space 4608K, 0% used [0x00000000d5f80000,0x00000000d5f80000,0x00000000d6400000)
 ParOldGen       total 1364480K, used 697588K [0x0000000080000000, 0x00000000d3480000, 0x00000000d5580000)
  object space 1364480K, 51% used [0x0000000080000000,0x00000000aa93d328,0x00000000d3480000)
 Metaspace       used 83682K, committed 85376K, reserved 1179648K
  class space    used 9746K, committed 10496K, reserved 1048576K
}
Event: 1297.124 GC heap after
{Heap after GC invocations=4197 (full 4):
 PSYoungGen      total 14848K, used 3111K [0x00000000d5580000, 0x00000000d6880000, 0x0000000100000000)
  eden space 10240K, 0% used [0x00000000d5580000,0x00000000d5580000,0x00000000d5f80000)
  from space 4608K, 67% used [0x00000000d5f80000,0x00000000d6289f40,0x00000000d6400000)
  to   space 3584K, 0% used [0x00000000d6500000,0x00000000d6500000,0x00000000d6880000)
 ParOldGen       total 1364480K, used 701300K [0x0000000080000000, 0x00000000d3480000, 0x00000000d5580000)
  object space 1364480K, 51% used [0x0000000080000000,0x00000000aacdd240,0x00000000d3480000)
 Metaspace       used 83682K, committed 85376K, reserved 1179648K
  class space    used 9746K, committed 10496K, reserved 1048576K
}
Event: 1297.184 GC heap before
{Heap before GC invocations=4198 (full 4):
 PSYoungGen      total 14848K, used 13351K [0x00000000d5580000, 0x00000000d6880000, 0x0000000100000000)
  eden space 10240K, 100% used [0x00000000d5580000,0x00000000d5f80000,0x00000000d5f80000)
  from space 4608K, 67% used [0x00000000d5f80000,0x00000000d6289f40,0x00000000d6400000)
  to   space 3584K, 0% used [0x00000000d6500000,0x00000000d6500000,0x00000000d6880000)
 ParOldGen       total 1364480K, used 701300K [0x0000000080000000, 0x00000000d3480000, 0x00000000d5580000)
  object space 1364480K, 51% used [0x0000000080000000,0x00000000aacdd240,0x00000000d3480000)
 Metaspace       used 83682K, committed 85376K, reserved 1179648K
  class space    used 9746K, committed 10496K, reserved 1048576K
}
Event: 1297.191 GC heap after
{Heap after GC invocations=4198 (full 4):
 PSYoungGen      total 15360K, used 2738K [0x00000000d5580000, 0x00000000d6800000, 0x0000000100000000)
  eden space 12288K, 0% used [0x00000000d5580000,0x00000000d5580000,0x00000000d6180000)
  from space 3072K, 89% used [0x00000000d6500000,0x00000000d67ac8f8,0x00000000d6800000)
  to   space 3072K, 0% used [0x00000000d6200000,0x00000000d6200000,0x00000000d6500000)
 ParOldGen       total 1364480K, used 703837K [0x0000000080000000, 0x00000000d3480000, 0x00000000d5580000)
  object space 1364480K, 51% used [0x0000000080000000,0x00000000aaf57730,0x00000000d3480000)
 Metaspace       used 83682K, committed 85376K, reserved 1179648K
  class space    used 9746K, committed 10496K, reserved 1048576K
}
Event: 1297.334 GC heap before
{Heap before GC invocations=4199 (full 4):
 PSYoungGen      total 15360K, used 15026K [0x00000000d5580000, 0x00000000d6800000, 0x0000000100000000)
  eden space 12288K, 100% used [0x00000000d5580000,0x00000000d6180000,0x00000000d6180000)
  from space 3072K, 89% used [0x00000000d6500000,0x00000000d67ac8f8,0x00000000d6800000)
  to   space 3072K, 0% used [0x00000000d6200000,0x00000000d6200000,0x00000000d6500000)
 ParOldGen       total 1364480K, used 703837K [0x0000000080000000, 0x00000000d3480000, 0x00000000d5580000)
  object space 1364480K, 51% used [0x0000000080000000,0x00000000aaf57730,0x00000000d3480000)
 Metaspace       used 83685K, committed 85376K, reserved 1179648K
  class space    used 9746K, committed 10496K, reserved 1048576K
}
Event: 1297.339 GC heap after
{Heap after GC invocations=4199 (full 4):
 PSYoungGen      total 13824K, used 1490K [0x00000000d5580000, 0x00000000d6580000, 0x0000000100000000)
  eden space 12288K, 0% used [0x00000000d5580000,0x00000000d5580000,0x00000000d6180000)
  from space 1536K, 97% used [0x00000000d6200000,0x00000000d63749c8,0x00000000d6380000)
  to   space 2048K, 0% used [0x00000000d6380000,0x00000000d6380000,0x00000000d6580000)
 ParOldGen       total 1364480K, used 705385K [0x0000000080000000, 0x00000000d3480000, 0x00000000d5580000)
  object space 1364480K, 51% used [0x0000000080000000,0x00000000ab0da6e0,0x00000000d3480000)
 Metaspace       used 83685K, committed 85376K, reserved 1179648K
  class space    used 9746K, committed 10496K, reserved 1048576K
}
Event: 1297.530 GC heap before
{Heap before GC invocations=4200 (full 4):
 PSYoungGen      total 13824K, used 13778K [0x00000000d5580000, 0x00000000d6580000, 0x0000000100000000)
  eden space 12288K, 100% used [0x00000000d5580000,0x00000000d6180000,0x00000000d6180000)
  from space 1536K, 97% used [0x00000000d6200000,0x00000000d63749c8,0x00000000d6380000)
  to   space 2048K, 0% used [0x00000000d6380000,0x00000000d6380000,0x00000000d6580000)
 ParOldGen       total 1364480K, used 705385K [0x0000000080000000, 0x00000000d3480000, 0x00000000d5580000)
  object space 1364480K, 51% used [0x0000000080000000,0x00000000ab0da6e0,0x00000000d3480000)
 Metaspace       used 83685K, committed 85376K, reserved 1179648K
  class space    used 9746K, committed 10496K, reserved 1048576K
}
Event: 1297.540 GC heap after
{Heap after GC invocations=4200 (full 4):
 PSYoungGen      total 9216K, used 2016K [0x00000000d5580000, 0x00000000d6f80000, 0x0000000100000000)
  eden space 7168K, 0% used [0x00000000d5580000,0x00000000d5580000,0x00000000d5c80000)
  from space 2048K, 98% used [0x00000000d6380000,0x00000000d6578028,0x00000000d6580000)
  to   space 7168K, 0% used [0x00000000d5c80000,0x00000000d5c80000,0x00000000d6380000)
 ParOldGen       total 1364480K, used 709405K [0x0000000080000000, 0x00000000d3480000, 0x00000000d5580000)
  object space 1364480K, 51% used [0x0000000080000000,0x00000000ab4c75e8,0x00000000d3480000)
 Metaspace       used 83685K, committed 85376K, reserved 1179648K
  class space    used 9746K, committed 10496K, reserved 1048576K
}
Event: 1297.736 GC heap before
{Heap before GC invocations=4201 (full 4):
 PSYoungGen      total 9216K, used 9184K [0x00000000d5580000, 0x00000000d6f80000, 0x0000000100000000)
  eden space 7168K, 100% used [0x00000000d5580000,0x00000000d5c80000,0x00000000d5c80000)
  from space 2048K, 98% used [0x00000000d6380000,0x00000000d6578028,0x00000000d6580000)
  to   space 7168K, 0% used [0x00000000d5c80000,0x00000000d5c80000,0x00000000d6380000)
 ParOldGen       total 1364480K, used 709405K [0x0000000080000000, 0x00000000d3480000, 0x00000000d5580000)
  object space 1364480K, 51% used [0x0000000080000000,0x00000000ab4c75e8,0x00000000d3480000)
 Metaspace       used 83685K, committed 85376K, reserved 1179648K
  class space    used 9746K, committed 10496K, reserved 1048576K
}
Event: 1298.602 GC heap after
{Heap after GC invocations=4201 (full 4):
 PSYoungGen      total 11264K, used 3920K [0x00000000d5580000, 0x00000000d6680000, 0x0000000100000000)
  eden space 7168K, 0% used [0x00000000d5580000,0x00000000d5580000,0x00000000d5c80000)
  from space 4096K, 95% used [0x00000000d5c80000,0x00000000d6054098,0x00000000d6080000)
  to   space 5120K, 0% used [0x00000000d6180000,0x00000000d6180000,0x00000000d6680000)
 ParOldGen       total 1364480K, used 710886K [0x0000000080000000, 0x00000000d3480000, 0x00000000d5580000)
  object space 1364480K, 52% used [0x0000000080000000,0x00000000ab639a30,0x00000000d3480000)
 Metaspace       used 83685K, committed 85376K, reserved 1179648K
  class space    used 9746K, committed 10496K, reserved 1048576K
}

Dll operation events (15 events):
Event: 0.020 Loaded shared library c:\Users\DAFI\.vscode\extensions\redhat.java-1.54.0-win32-x64\jre\21.0.10-win32-x86_64\bin\java.dll
Event: 0.168 Loaded shared library c:\Users\DAFI\.vscode\extensions\redhat.java-1.54.0-win32-x64\jre\21.0.10-win32-x86_64\bin\zip.dll
Event: 0.210 Loaded shared library C:\Users\DAFI\.vscode\extensions\redhat.java-1.54.0-win32-x64\jre\21.0.10-win32-x86_64\bin\instrument.dll
Event: 0.221 Loaded shared library C:\Users\DAFI\.vscode\extensions\redhat.java-1.54.0-win32-x64\jre\21.0.10-win32-x86_64\bin\net.dll
Event: 0.224 Loaded shared library C:\Users\DAFI\.vscode\extensions\redhat.java-1.54.0-win32-x64\jre\21.0.10-win32-x86_64\bin\nio.dll
Event: 0.230 Loaded shared library C:\Users\DAFI\.vscode\extensions\redhat.java-1.54.0-win32-x64\jre\21.0.10-win32-x86_64\bin\zip.dll
Event: 0.266 Loaded shared library C:\Users\DAFI\.vscode\extensions\redhat.java-1.54.0-win32-x64\jre\21.0.10-win32-x86_64\bin\jimage.dll
Event: 0.444 Loaded shared library c:\Users\DAFI\.vscode\extensions\redhat.java-1.54.0-win32-x64\jre\21.0.10-win32-x86_64\bin\verify.dll
Event: 3.423 Loaded shared library C:\Users\DAFI\AppData\Roaming\Code\User\globalStorage\redhat.java\1.54.0\config_win\org.eclipse.equinox.launcher\org.eclipse.equinox.launcher.win32.win32.x86_64_1.3.0.v20260203-2149\eclipse_11919.dll
Event: 8.301 Loaded shared library C:\Users\DAFI\AppData\Local\Temp\jna-2090496\jna12399334654945122304.dll
Event: 13.427 Loaded shared library C:\Users\DAFI\.gradle\native\68d5fa5c4cc2d200863cafc0d521ce42e7d3e7ee720ec0a83991735586a16f82\windows-amd64\native-platform.dll
Event: 16.741 Loaded shared library C:\Users\DAFI\.vscode\extensions\redhat.java-1.54.0-win32-x64\jre\21.0.10-win32-x86_64\bin\management.dll
Event: 16.755 Loaded shared library C:\Users\DAFI\.vscode\extensions\redhat.java-1.54.0-win32-x64\jre\21.0.10-win32-x86_64\bin\management_ext.dll
Event: 31.770 Loaded shared library C:\Users\DAFI\.vscode\extensions\redhat.java-1.54.0-win32-x64\jre\21.0.10-win32-x86_64\bin\extnet.dll
Event: 36.223 Loaded shared library C:\Users\DAFI\.vscode\extensions\redhat.java-1.54.0-win32-x64\jre\21.0.10-win32-x86_64\bin\sunmscapi.dll

Deoptimization events (20 events):
Event: 1297.083 Thread 0x0000018b7b3449b0 DEOPT PACKING pc=0x0000018b2080c141 sp=0x0000000106bfea90
Event: 1297.083 Thread 0x0000018b7b3449b0 DEOPT UNPACKING pc=0x0000018b25e14242 sp=0x0000000106bfe118 mode 0
Event: 1297.105 Thread 0x0000018b7b3449b0 DEOPT PACKING pc=0x0000018b20f51cbf sp=0x0000000106bfee80
Event: 1297.105 Thread 0x0000018b7b3449b0 DEOPT UNPACKING pc=0x0000018b25e14242 sp=0x0000000106bfe3f0 mode 0
Event: 1297.133 Thread 0x0000018b7b3449b0 DEOPT PACKING pc=0x0000018b20f482ed sp=0x0000000106bfeec0
Event: 1297.133 Thread 0x0000018b7b3449b0 DEOPT UNPACKING pc=0x0000018b25e14242 sp=0x0000000106bfe3b8 mode 0
Event: 1297.161 Thread 0x0000018b7b3449b0 DEOPT PACKING pc=0x0000018b20f51cbf sp=0x0000000106bfee80
Event: 1297.161 Thread 0x0000018b7b3449b0 DEOPT UNPACKING pc=0x0000018b25e14242 sp=0x0000000106bfe3f0 mode 0
Event: 1297.198 Thread 0x0000018b7b3449b0 DEOPT PACKING pc=0x0000018b20f482ed sp=0x0000000106bfeec0
Event: 1297.198 Thread 0x0000018b7b3449b0 DEOPT UNPACKING pc=0x0000018b25e14242 sp=0x0000000106bfe3b8 mode 0
Event: 1297.402 Thread 0x0000018b7b3449b0 DEOPT PACKING pc=0x0000018b20f2d29c sp=0x0000000106bfecb0
Event: 1297.402 Thread 0x0000018b7b3449b0 DEOPT UNPACKING pc=0x0000018b25e14242 sp=0x0000000106bfe260 mode 0
Event: 1297.468 Thread 0x0000018b7b3449b0 DEOPT PACKING pc=0x0000018b20f2d29c sp=0x0000000106bfecb0
Event: 1297.468 Thread 0x0000018b7b3449b0 DEOPT UNPACKING pc=0x0000018b25e14242 sp=0x0000000106bfe260 mode 0
Event: 1297.517 Thread 0x0000018b7b3449b0 DEOPT PACKING pc=0x0000018b20f2d29c sp=0x0000000106bfecb0
Event: 1297.517 Thread 0x0000018b7b3449b0 DEOPT UNPACKING pc=0x0000018b25e14242 sp=0x0000000106bfe260 mode 0
Event: 1297.707 Thread 0x0000018b7b3449b0 DEOPT PACKING pc=0x0000018b20f2d29c sp=0x0000000106bfecb0
Event: 1297.707 Thread 0x0000018b7b3449b0 DEOPT UNPACKING pc=0x0000018b25e14242 sp=0x0000000106bfe260 mode 0
Event: 1297.735 Thread 0x0000018b7b3449b0 DEOPT PACKING pc=0x0000018b20f2d29c sp=0x0000000106bfecb0
Event: 1297.735 Thread 0x0000018b7b3449b0 DEOPT UNPACKING pc=0x0000018b25e14242 sp=0x0000000106bfe260 mode 0

Classes loaded (20 events):
Event: 1281.134 Loading class java/util/function/LongFunction
Event: 1281.136 Loading class java/util/function/LongFunction done
Event: 1281.137 Loading class java/util/stream/Nodes$ConcNode
Event: 1281.139 Loading class java/util/stream/Nodes$AbstractConcNode
Event: 1281.140 Loading class java/util/stream/Nodes$AbstractConcNode done
Event: 1281.140 Loading class java/util/stream/Nodes$ConcNode done
Event: 1281.200 Loading class java/util/Collections$SynchronizedRandomAccessList
Event: 1281.201 Loading class java/util/Collections$SynchronizedList
Event: 1281.202 Loading class java/util/Collections$SynchronizedList done
Event: 1281.202 Loading class java/util/Collections$SynchronizedRandomAccessList done
Event: 1281.206 Loading class java/util/stream/Nodes$ToArrayTask$OfRef
Event: 1281.207 Loading class java/util/stream/Nodes$ToArrayTask
Event: 1281.207 Loading class java/util/stream/Nodes$ToArrayTask done
Event: 1281.207 Loading class java/util/stream/Nodes$ToArrayTask$OfRef done
Event: 1281.255 Loading class java/util/concurrent/CompletableFuture$Signaller
Event: 1281.256 Loading class java/util/concurrent/CompletableFuture$Signaller done
Event: 1281.915 Loading class java/lang/invoke/MethodHandleImpl$CountingWrapper$1
Event: 1281.915 Loading class java/lang/invoke/MethodHandleImpl$CountingWrapper$1 done
Event: 1295.909 Loading class sun/misc/SharedSecrets
Event: 1295.910 Loading class sun/misc/SharedSecrets done

Classes unloaded (7 events):
Event: 9.222 Thread 0x0000018b1b812be0 Unloading class 0x0000018b341a5000 'java/lang/invoke/LambdaForm$MH+0x0000018b341a5000'
Event: 9.222 Thread 0x0000018b1b812be0 Unloading class 0x0000018b341a4c00 'java/lang/invoke/LambdaForm$MH+0x0000018b341a4c00'
Event: 9.222 Thread 0x0000018b1b812be0 Unloading class 0x0000018b341a4800 'java/lang/invoke/LambdaForm$MH+0x0000018b341a4800'
Event: 9.222 Thread 0x0000018b1b812be0 Unloading class 0x0000018b341a4400 'java/lang/invoke/LambdaForm$MH+0x0000018b341a4400'
Event: 9.222 Thread 0x0000018b1b812be0 Unloading class 0x0000018b341a4000 'java/lang/invoke/LambdaForm$BMH+0x0000018b341a4000'
Event: 9.222 Thread 0x0000018b1b812be0 Unloading class 0x0000018b341a3c00 'java/lang/invoke/LambdaForm$DMH+0x0000018b341a3c00'
Event: 9.222 Thread 0x0000018b1b812be0 Unloading class 0x0000018b341a2800 'java/lang/invoke/LambdaForm$DMH+0x0000018b341a2800'

Classes redefined (0 events):
No events

Internal exceptions (20 events):
Event: 1296.386 Thread 0x0000018b7b345d60 Exception <a 'sun/nio/fs/WindowsException'{0x00000000d5aa0f18}> (0x00000000d5aa0f18) 
thrown [s\src\hotspot\share\prims\jni.cpp, line 520]
Event: 1296.389 Thread 0x0000018b7b345d60 Exception <a 'sun/nio/fs/WindowsException'{0x00000000d5c30a88}> (0x00000000d5c30a88) 
thrown [s\src\hotspot\share\prims\jni.cpp, line 520]
Event: 1296.392 Thread 0x0000018b7b345d60 Exception <a 'sun/nio/fs/WindowsException'{0x00000000d5dc0f18}> (0x00000000d5dc0f18) 
thrown [s\src\hotspot\share\prims\jni.cpp, line 520]
Event: 1296.395 Thread 0x0000018b7b345d60 Exception <a 'sun/nio/fs/WindowsException'{0x00000000d5f02880}> (0x00000000d5f02880) 
thrown [s\src\hotspot\share\prims\jni.cpp, line 520]
Event: 1296.400 Thread 0x0000018b7b345d60 Exception <a 'sun/nio/fs/WindowsException'{0x00000000d608c820}> (0x00000000d608c820) 
thrown [s\src\hotspot\share\prims\jni.cpp, line 520]
Event: 1296.400 Thread 0x0000018b7b345d60 Exception <a 'sun/nio/fs/WindowsException'{0x00000000d608d070}> (0x00000000d608d070) 
thrown [s\src\hotspot\share\prims\jni.cpp, line 520]
Event: 1296.400 Thread 0x0000018b7b345d60 Exception <a 'sun/nio/fs/WindowsException'{0x00000000d608e0f0}> (0x00000000d608e0f0) 
thrown [s\src\hotspot\share\prims\jni.cpp, line 520]
Event: 1296.400 Thread 0x0000018b7b345d60 Exception <a 'sun/nio/fs/WindowsException'{0x00000000d608e720}> (0x00000000d608e720) 
thrown [s\src\hotspot\share\prims\jni.cpp, line 520]
Event: 1296.400 Thread 0x0000018b7b345d60 Exception <a 'sun/nio/fs/WindowsException'{0x00000000d608f5a0}> (0x00000000d608f5a0) 
thrown [s\src\hotspot\share\prims\jni.cpp, line 520]
Event: 1296.401 Thread 0x0000018b7b345d60 Exception <a 'sun/nio/fs/WindowsException'{0x00000000d608fbe0}> (0x00000000d608fbe0) 
thrown [s\src\hotspot\share\prims\jni.cpp, line 520]
Event: 1296.401 Thread 0x0000018b7b345d60 Exception <a 'sun/nio/fs/WindowsException'{0x00000000d6090b78}> (0x00000000d6090b78) 
thrown [s\src\hotspot\share\prims\jni.cpp, line 520]
Event: 1296.401 Thread 0x0000018b7b345d60 Exception <a 'sun/nio/fs/WindowsException'{0x00000000d60911b8}> (0x00000000d60911b8) 
thrown [s\src\hotspot\share\prims\jni.cpp, line 520]
Event: 1296.401 Thread 0x0000018b7b345d60 Exception <a 'sun/nio/fs/WindowsException'{0x00000000d62a8100}> (0x00000000d62a8100) 
thrown [s\src\hotspot\share\prims\jni.cpp, line 520]
Event: 1296.401 Thread 0x0000018b7b345d60 Exception <a 'sun/nio/fs/WindowsException'{0x00000000d62a8740}> (0x00000000d62a8740) 
thrown [s\src\hotspot\share\prims\jni.cpp, line 520]
Event: 1296.627 Thread 0x0000018b7b3449b0 Exception <a 'sun/nio/fs/WindowsException'{0x00000000d569a1b8}> (0x00000000d569a1b8) 
thrown [s\src\hotspot\share\prims\jni.cpp, line 520]
Event: 1296.647 Thread 0x0000018b7b3449b0 Exception <a 'sun/nio/fs/WindowsException'{0x00000000d577d410}> (0x00000000d577d410) 
thrown [s\src\hotspot\share\prims\jni.cpp, line 520]
Event: 1296.667 Thread 0x0000018b7b3449b0 Exception <a 'sun/nio/fs/WindowsException'{0x00000000d5794898}> (0x00000000d5794898) 
thrown [s\src\hotspot\share\prims\jni.cpp, line 520]
Event: 1296.689 Thread 0x0000018b7b3449b0 Exception <a 'sun/nio/fs/WindowsException'{0x00000000d5a95d10}> (0x00000000d5a95d10) 
thrown [s\src\hotspot\share\prims\jni.cpp, line 520]
Event: 1296.713 Thread 0x0000018b7b3449b0 Exception <a 'sun/nio/fs/WindowsException'{0x00000000d5d8dd20}> (0x00000000d5d8dd20) 
thrown [s\src\hotspot\share\prims\jni.cpp, line 520]
Event: 1296.751 Thread 0x0000018b7b3449b0 Exception <a 'sun/nio/fs/WindowsException'{0x00000000d56dfaa8}> (0x00000000d56dfaa8) 
thrown [s\src\hotspot\share\prims\jni.cpp, line 520]

ZGC Phase Switch (0 events):
No events

VM Operations (20 events):
Event: 1296.831 Executing safepoint VM operation: ParallelGCFailedAllocation (Allocation Failure)
Event: 1296.834 Executing safepoint VM operation: ParallelGCFailedAllocation (Allocation Failure) done
Event: 1296.870 Executing safepoint VM operation: ParallelGCFailedAllocation (Allocation Failure)
Event: 1296.887 Executing safepoint VM operation: ParallelGCFailedAllocation (Allocation Failure) done
Event: 1296.926 Executing safepoint VM operation: ParallelGCFailedAllocation (Allocation Failure)
Event: 1296.940 Executing safepoint VM operation: ParallelGCFailedAllocation (Allocation Failure) done
Event: 1296.998 Executing safepoint VM operation: ParallelGCFailedAllocation (Allocation Failure)
Event: 1297.014 Executing safepoint VM operation: ParallelGCFailedAllocation (Allocation Failure) done
Event: 1297.038 Executing safepoint VM operation: ParallelGCFailedAllocation (Allocation Failure)
Event: 1297.067 Executing safepoint VM operation: ParallelGCFailedAllocation (Allocation Failure) done
Event: 1297.113 Executing safepoint VM operation: ParallelGCFailedAllocation (Allocation Failure)
Event: 1297.124 Executing safepoint VM operation: ParallelGCFailedAllocation (Allocation Failure) done
Event: 1297.184 Executing safepoint VM operation: ParallelGCFailedAllocation (Allocation Failure)
Event: 1297.191 Executing safepoint VM operation: ParallelGCFailedAllocation (Allocation Failure) done
Event: 1297.334 Executing safepoint VM operation: ParallelGCFailedAllocation (Allocation Failure)
Event: 1297.339 Executing safepoint VM operation: ParallelGCFailedAllocation (Allocation Failure) done
Event: 1297.530 Executing safepoint VM operation: ParallelGCFailedAllocation (Allocation Failure)
Event: 1297.540 Executing safepoint VM operation: ParallelGCFailedAllocation (Allocation Failure) done
Event: 1297.736 Executing safepoint VM operation: ParallelGCFailedAllocation (Allocation Failure)
Event: 1298.602 Executing safepoint VM operation: ParallelGCFailedAllocation (Allocation Failure) done

Memory protections (0 events):
No events

Nmethod flushes (20 events):
Event: 1277.180 Thread 0x0000018b1b812be0 flushing  nmethod 0x0000018b1f987590
Event: 1277.182 Thread 0x0000018b1b812be0 flushing  nmethod 0x0000018b1f987e10
Event: 1277.182 Thread 0x0000018b1b812be0 flushing  nmethod 0x0000018b1f988410
Event: 1277.182 Thread 0x0000018b1b812be0 flushing  nmethod 0x0000018b1f98c690
Event: 1277.183 Thread 0x0000018b1b812be0 flushing  nmethod 0x0000018b1f9ad890
Event: 1277.183 Thread 0x0000018b1b812be0 flushing  nmethod 0x0000018b1f9b7510
Event: 1277.183 Thread 0x0000018b1b812be0 flushing  nmethod 0x0000018b1f9c3e10
Event: 1277.183 Thread 0x0000018b1b812be0 flushing  nmethod 0x0000018b1f9c4810
Event: 1277.183 Thread 0x0000018b1b812be0 flushing  nmethod 0x0000018b1f9c8d10
Event: 1277.183 Thread 0x0000018b1b812be0 flushing  nmethod 0x0000018b1f9d8110
Event: 1277.183 Thread 0x0000018b1b812be0 flushing  nmethod 0x0000018b1fa01110
Event: 1277.183 Thread 0x0000018b1b812be0 flushing  nmethod 0x0000018b1fa01610
Event: 1277.183 Thread 0x0000018b1b812be0 flushing  nmethod 0x0000018b1fa23790
Event: 1277.183 Thread 0x0000018b1b812be0 flushing  nmethod 0x0000018b1fa6ce90
Event: 1277.184 Thread 0x0000018b1b812be0 flushing  nmethod 0x0000018b1fa6d590
Event: 1277.184 Thread 0x0000018b1b812be0 flushing  nmethod 0x0000018b1fa6ef90
Event: 1277.184 Thread 0x0000018b1b812be0 flushing osr nmethod 0x0000018b1fa84910
Event: 1277.184 Thread 0x0000018b1b812be0 flushing  nmethod 0x0000018b1faa9110
Event: 1277.184 Thread 0x0000018b1b812be0 flushing osr nmethod 0x0000018b1faac610
Event: 1277.184 Thread 0x0000018b1b812be0 flushing  nmethod 0x0000018b1fab1e90

Events (20 events):
Event: 1284.185 Thread 0x0000018b7ee357a0 Thread exited: 0x0000018b7ee357a0
Event: 1286.361 Thread 0x0000018b7df69e40 Thread exited: 0x0000018b7df69e40
Event: 1286.361 Thread 0x0000018b7df6b1f0 Thread exited: 0x0000018b7df6b1f0
Event: 1286.560 Thread 0x0000018b7e36d720 Thread added: 0x0000018b7df69e40
Event: 1286.560 Thread 0x0000018b7e36d720 Thread added: 0x0000018b7df6a4d0
Event: 1286.560 Thread 0x0000018b7df69e40 Thread exited: 0x0000018b7df69e40
Event: 1295.757 Thread 0x0000018b7df6a4d0 Thread exited: 0x0000018b7df6a4d0
Event: 1295.763 Thread 0x0000018b7df6bf10 Thread exited: 0x0000018b7df6bf10
Event: 1295.793 Thread 0x0000018b7e36d720 Thread exited: 0x0000018b7e36d720
Event: 1296.058 Thread 0x0000018b1b82bf30 Thread added: 0x0000018b7ee379b0
Event: 1296.257 Thread 0x0000018b745e72f0 Thread added: 0x0000018b7ee372e0
Event: 1296.634 Thread 0x0000018b7ee379b0 Thread exited: 0x0000018b7ee379b0
Event: 1296.720 Thread 0x0000018b7bf3ff30 Thread added: 0x0000018b7df69e40
Event: 1296.853 Thread 0x0000018b7bf3ff30 Thread added: 0x0000018b7df6c5a0
Event: 1296.923 Thread 0x0000018b1b82bf30 Thread added: 0x0000018b7ee357a0
Event: 1296.923 Thread 0x0000018b7df6c5a0 Thread added: 0x0000018b7df6cc30
Event: 1297.113 Thread 0x0000018b7df6c5a0 Thread added: 0x0000018b7df6d950
Event: 1297.135 Thread 0x0000018b7df6d950 Thread added: 0x0000018b7df6bf10
Event: 1297.136 Thread 0x0000018b7df6d950 Thread added: 0x0000018b7df6ab60
Event: 1297.137 Thread 0x0000018b7df6bf10 Thread exited: 0x0000018b7df6bf10


Dynamic libraries:
0x00007ff7d0c20000 - 0x00007ff7d0c2e000 	c:\Users\DAFI\.vscode\extensions\redhat.java-1.54.0-win32-x64\jre\21.0.10-win32-x86_64\bin\java.exe
0x00007ffb4a2e0000 - 0x00007ffb4a548000 	C:\WINDOWS\SYSTEM32\ntdll.dll
0x00007ffb49570000 - 0x00007ffb49639000 	C:\WINDOWS\System32\KERNEL32.DLL
0x00007ffb47a80000 - 0x00007ffb47e6d000 	C:\WINDOWS\System32\KERNELBASE.dll
0x00007ffb475b0000 - 0x00007ffb476fb000 	C:\WINDOWS\System32\ucrtbase.dll
0x00007ffb2b960000 - 0x00007ffb2b978000 	c:\Users\DAFI\.vscode\extensions\redhat.java-1.54.0-win32-x64\jre\21.0.10-win32-x86_64\bin\jli.dll
0x00007ffb2a0a0000 - 0x00007ffb2a0be000 	c:\Users\DAFI\.vscode\extensions\redhat.java-1.54.0-win32-x64\jre\21.0.10-win32-x86_64\bin\VCRUNTIME140.dll
0x00007ffb49ba0000 - 0x00007ffb49d6c000 	C:\WINDOWS\System32\USER32.dll
0x00007ffb35580000 - 0x00007ffb3581a000 	C:\WINDOWS\WinSxS\amd64_microsoft.windows.common-controls_6595b64144ccf1df_6.0.26100.4484_none_3e0e6d4ce32ef3b3\COMCTL32.dll
0x00007ffb48050000 - 0x00007ffb48077000 	C:\WINDOWS\System32\win32u.dll
0x00007ffb49370000 - 0x00007ffb49419000 	C:\WINDOWS\System32\msvcrt.dll
0x00007ffb49730000 - 0x00007ffb4975b000 	C:\WINDOWS\System32\GDI32.dll
0x00007ffb47940000 - 0x00007ffb47a77000 	C:\WINDOWS\System32\gdi32full.dll
0x00007ffb47fa0000 - 0x00007ffb48043000 	C:\WINDOWS\System32\msvcp_win.dll
0x00007ffb49a10000 - 0x00007ffb49a3f000 	C:\WINDOWS\System32\IMM32.DLL
0x00007ffb40ac0000 - 0x00007ffb40acc000 	c:\Users\DAFI\.vscode\extensions\redhat.java-1.54.0-win32-x64\jre\21.0.10-win32-x86_64\bin\vcruntime140_1.dll
0x00007ffb21090000 - 0x00007ffb2111d000 	c:\Users\DAFI\.vscode\extensions\redhat.java-1.54.0-win32-x64\jre\21.0.10-win32-x86_64\bin\msvcp140.dll
0x00007ffa66f90000 - 0x00007ffa67d31000 	c:\Users\DAFI\.vscode\extensions\redhat.java-1.54.0-win32-x64\jre\21.0.10-win32-x86_64\bin\server\jvm.dll
0x00007ffb48080000 - 0x00007ffb48134000 	C:\WINDOWS\System32\ADVAPI32.dll
0x00007ffb49a50000 - 0x00007ffb49af6000 	C:\WINDOWS\System32\sechost.dll
0x00007ffb49040000 - 0x00007ffb49158000 	C:\WINDOWS\System32\RPCRT4.dll
0x00007ffb49b20000 - 0x00007ffb49b94000 	C:\WINDOWS\System32\WS2_32.dll
0x00007ffb472a0000 - 0x00007ffb472fe000 	C:\WINDOWS\SYSTEM32\POWRPROF.dll
0x00007ffb3fd60000 - 0x00007ffb3fd6b000 	C:\WINDOWS\SYSTEM32\VERSION.dll
0x00007ffb3c6c0000 - 0x00007ffb3c6f5000 	C:\WINDOWS\SYSTEM32\WINMM.dll
0x00007ffb47280000 - 0x00007ffb47294000 	C:\WINDOWS\SYSTEM32\UMPDC.dll
0x00007ffb461d0000 - 0x00007ffb461eb000 	C:\WINDOWS\SYSTEM32\kernel.appcore.dll
0x00007ffb378e0000 - 0x00007ffb378ea000 	c:\Users\DAFI\.vscode\extensions\redhat.java-1.54.0-win32-x64\jre\21.0.10-win32-x86_64\bin\jimage.dll
0x00007ffb44de0000 - 0x00007ffb45021000 	C:\WINDOWS\SYSTEM32\DBGHELP.DLL
0x00007ffb48170000 - 0x00007ffb484f6000 	C:\WINDOWS\System32\combase.dll
0x00007ffb49640000 - 0x00007ffb49720000 	C:\WINDOWS\System32\OLEAUT32.dll
0x00007ffb32700000 - 0x00007ffb32743000 	C:\WINDOWS\SYSTEM32\dbgcore.DLL
0x00007ffb47f00000 - 0x00007ffb47f99000 	C:\WINDOWS\System32\bcryptPrimitives.dll
0x00007ffb37cf0000 - 0x00007ffb37cff000 	c:\Users\DAFI\.vscode\extensions\redhat.java-1.54.0-win32-x64\jre\21.0.10-win32-x86_64\bin\instrument.dll
0x00007ffb29ed0000 - 0x00007ffb29ef0000 	c:\Users\DAFI\.vscode\extensions\redhat.java-1.54.0-win32-x64\jre\21.0.10-win32-x86_64\bin\java.dll
0x00007ffb48740000 - 0x00007ffb48e8a000 	C:\WINDOWS\System32\SHELL32.dll
0x00007ffb47700000 - 0x00007ffb47874000 	C:\WINDOWS\System32\wintypes.dll
0x00007ffb45060000 - 0x00007ffb458bb000 	C:\WINDOWS\SYSTEM32\windows.storage.dll
0x00007ffb48f40000 - 0x00007ffb49035000 	C:\WINDOWS\System32\SHCORE.dll
0x00007ffb49760000 - 0x00007ffb497ca000 	C:\WINDOWS\System32\shlwapi.dll
0x00007ffb47340000 - 0x00007ffb4736f000 	C:\WINDOWS\SYSTEM32\profapi.dll
0x00007ffb29820000 - 0x00007ffb29838000 	c:\Users\DAFI\.vscode\extensions\redhat.java-1.54.0-win32-x64\jre\21.0.10-win32-x86_64\bin\zip.dll
0x00007ffb37240000 - 0x00007ffb37250000 	C:\Users\DAFI\.vscode\extensions\redhat.java-1.54.0-win32-x64\jre\21.0.10-win32-x86_64\bin\net.dll
0x00007ffb3f9d0000 - 0x00007ffb3faee000 	C:\WINDOWS\SYSTEM32\WINHTTP.dll
0x00007ffb46760000 - 0x00007ffb467ca000 	C:\WINDOWS\system32\mswsock.dll
0x00007ffb29800000 - 0x00007ffb29816000 	C:\Users\DAFI\.vscode\extensions\redhat.java-1.54.0-win32-x64\jre\21.0.10-win32-x86_64\bin\nio.dll
0x00007ffb37ce0000 - 0x00007ffb37cf0000 	c:\Users\DAFI\.vscode\extensions\redhat.java-1.54.0-win32-x64\jre\21.0.10-win32-x86_64\bin\verify.dll
0x00007ffb348c0000 - 0x00007ffb34905000 	C:\Users\DAFI\AppData\Roaming\Code\User\globalStorage\redhat.java\1.54.0\config_win\org.eclipse.equinox.launcher\org.eclipse.equinox.launcher.win32.win32.x86_64_1.3.0.v20260203-2149\eclipse_11919.dll
0x00007ffb49850000 - 0x00007ffb499ee000 	C:\WINDOWS\System32\ole32.dll
0x00007ffb46a10000 - 0x00007ffb46a2b000 	C:\WINDOWS\SYSTEM32\CRYPTSP.dll
0x00007ffb46130000 - 0x00007ffb4616b000 	C:\WINDOWS\system32\rsaenh.dll
0x00007ffb46800000 - 0x00007ffb4682b000 	C:\WINDOWS\SYSTEM32\USERENV.dll
0x00007ffb47310000 - 0x00007ffb47336000 	C:\WINDOWS\SYSTEM32\bcrypt.dll
0x00007ffb46a30000 - 0x00007ffb46a3c000 	C:\WINDOWS\SYSTEM32\CRYPTBASE.dll
0x00007ffb45bb0000 - 0x00007ffb45be3000 	C:\WINDOWS\SYSTEM32\IPHLPAPI.DLL
0x00007ffb49d80000 - 0x00007ffb49d8a000 	C:\WINDOWS\System32\NSI.dll
0x00007ffb20ff0000 - 0x00007ffb21039000 	C:\Users\DAFI\AppData\Local\Temp\jna-2090496\jna12399334654945122304.dll
0x00007ffb49d70000 - 0x00007ffb49d78000 	C:\WINDOWS\System32\PSAPI.DLL
0x00007ffb3fd70000 - 0x00007ffb3fd8f000 	C:\WINDOWS\SYSTEM32\dhcpcsvc6.DLL
0x00007ffb3f930000 - 0x00007ffb3f955000 	C:\WINDOWS\SYSTEM32\dhcpcsvc.DLL
0x00007ffb20fc0000 - 0x00007ffb20fe7000 	C:\Users\DAFI\.gradle\native\68d5fa5c4cc2d200863cafc0d521ce42e7d3e7ee720ec0a83991735586a16f82\windows-amd64\native-platform.dll
0x00007ffb42120000 - 0x00007ffb4212a000 	C:\Users\DAFI\.vscode\extensions\redhat.java-1.54.0-win32-x64\jre\21.0.10-win32-x86_64\bin\management.dll
0x00007ffb3f6a0000 - 0x00007ffb3f6ac000 	C:\Users\DAFI\.vscode\extensions\redhat.java-1.54.0-win32-x64\jre\21.0.10-win32-x86_64\bin\management_ext.dll
0x00007ffb35f90000 - 0x00007ffb35f99000 	C:\Users\DAFI\.vscode\extensions\redhat.java-1.54.0-win32-x64\jre\21.0.10-win32-x86_64\bin\extnet.dll
0x00007ffb37220000 - 0x00007ffb3722e000 	C:\Users\DAFI\.vscode\extensions\redhat.java-1.54.0-win32-x64\jre\21.0.10-win32-x86_64\bin\sunmscapi.dll
0x00007ffb47430000 - 0x00007ffb475a7000 	C:\WINDOWS\System32\CRYPT32.dll
0x00007ffb46bb0000 - 0x00007ffb46be0000 	C:\WINDOWS\SYSTEM32\ncrypt.dll
0x00007ffb46b60000 - 0x00007ffb46b9f000 	C:\WINDOWS\SYSTEM32\NTASN1.dll
0x00007ffb35190000 - 0x00007ffb35198000 	C:\WINDOWS\system32\wshunix.dll

JVMTI agents:
c:\Users\DAFI\.vscode\extensions\redhat.java-1.54.0-win32-x64\lombok\lombok-1.18.39-4050.jar path:c:\Users\DAFI\.vscode\extensions\redhat.java-1.54.0-win32-x64\jre\21.0.10-win32-x86_64\bin\instrument.dll, loaded, initialized, instrumentlib options:none

dbghelp: loaded successfully - version: 4.0.5 - missing functions: none
symbol engine: initialized successfully - sym options: 0x614 - pdb path: .;c:\Users\DAFI\.vscode\extensions\redhat.java-1.54.0-win32-x64\jre\21.0.10-win32-x86_64\bin;C:\WINDOWS\SYSTEM32;C:\WINDOWS\WinSxS\amd64_microsoft.windows.common-controls_6595b64144ccf1df_6.0.26100.4484_none_3e0e6d4ce32ef3b3;c:\Users\DAFI\.vscode\extensions\redhat.java-1.54.0-win32-x64\jre\21.0.10-win32-x86_64\bin\server;C:\Users\DAFI\AppData\Roaming\Code\User\globalStorage\redhat.java\1.54.0\config_win\org.eclipse.equinox.launcher\org.eclipse.equinox.launcher.win32.win32.x86_64_1.3.0.v20260203-2149;C:\Users\DAFI\AppData\Local\Temp\jna-2090496;C:\Users\DAFI\.gradle\native\68d5fa5c4cc2d200863cafc0d521ce42e7d3e7ee720ec0a83991735586a16f82\windows-amd64

VM Arguments:
jvm_args: --add-modules=ALL-SYSTEM --add-opens=java.base/java.util=ALL-UNNAMED --add-opens=java.base/java.lang=ALL-UNNAMED --add-opens=java.base/sun.nio.fs=ALL-UNNAMED -Declipse.application=org.eclipse.jdt.ls.core.id1 -Dosgi.bundles.defaultStartLevel=4 -Declipse.product=org.eclipse.jdt.ls.core.product -Djava.import.generatesMetadataFilesAtProjectRoot=false -DDetectVMInstallationsJob.disabled=true -Dfile.encoding=utf8 -XX:+UseParallelGC -XX:GCTimeRatio=4 -XX:AdaptiveSizePolicyWeight=90 -Dsun.zip.disableMemoryMapping=true -Xmx2G -Xms100m -Xlog:disable -javaagent:c:\Users\DAFI\.vscode\extensions\redhat.java-1.54.0-win32-x64\lombok\lombok-1.18.39-4050.jar -XX:+HeapDumpOnOutOfMemoryError -XX:HeapDumpPath=c:\Users\DAFI\AppData\Roaming\Code\User\workspaceStorage\b3098715b65234425903ca9bb6a7651f\redhat.java -Daether.dependencyCollector.impl=bf 
java_command: c:\Users\DAFI\.vscode\extensions\redhat.java-1.54.0-win32-x64\server\plugins\org.eclipse.equinox.launcher_1.7.100.v20251111-0406.jar -configuration c:\Users\DAFI\AppData\Roaming\Code\User\globalStorage\redhat.java\1.54.0\config_win -data c:\Users\DAFI\AppData\Roaming\Code\User\workspaceStorage\b3098715b65234425903ca9bb6a7651f\redhat.java\jdt_ws --pipe=\\.\pipe\lsp-9505282565c7fc210b05150b8356f875-sock
java_class_path (initial): c:\Users\DAFI\.vscode\extensions\redhat.java-1.54.0-win32-x64\server\plugins\org.eclipse.equinox.launcher_1.7.100.v20251111-0406.jar
Launcher Type: SUN_STANDARD

[Global flags]
    uintx AdaptiveSizePolicyWeight                 = 90                                        {product} {command line}
     intx CICompilerCount                          = 12                                        {product} {ergonomic}
    uintx GCTimeRatio                              = 4                                         {product} {command line}
     bool HeapDumpOnOutOfMemoryError               = true                                   {manageable} {command line}
    ccstr HeapDumpPath                             = c:\Users\DAFI\AppData\Roaming\Code\User\workspaceStorage\b3098715b65234425903ca9bb6a7651f\redhat.java         {manageable} {command line}
   size_t InitialHeapSize                          = 104857600                                 {product} {command line}
   size_t MaxHeapSize                              = 2147483648                                {product} {command line}
   size_t MaxNewSize                               = 715653120                                 {product} {ergonomic}
   size_t MinHeapDeltaBytes                        = 524288                                    {product} {ergonomic}
   size_t MinHeapSize                              = 104857600                                 {product} {command line}
   size_t NewSize                                  = 34603008                                  {product} {ergonomic}
    uintx NonNMethodCodeHeapSize                   = 7602480                                {pd product} {ergonomic}
    uintx NonProfiledCodeHeapSize                  = 122027880                              {pd product} {ergonomic}
   size_t OldSize                                  = 70254592                                  {product} {ergonomic}
    uintx ProfiledCodeHeapSize                     = 122027880                              {pd product} {ergonomic}
    uintx ReservedCodeCacheSize                    = 251658240                              {pd product} {ergonomic}
     bool SegmentedCodeCache                       = true                                      {product} {ergonomic}
   size_t SoftMaxHeapSize                          = 2147483648                             {manageable} {ergonomic}
     bool UseCompressedOops                        = true                           {product lp64_product} {ergonomic}
     bool UseLargePagesIndividualAllocation        = false                                  {pd product} {ergonomic}
     bool UseParallelGC                            = true                                      {product} {command line}

Logging:
Log output configuration:
 #0: stdout all=off uptime,level,tags foldmultilines=false
 #1: stderr all=off uptime,level,tags foldmultilines=false

Release file:
JAVA_VERSION="21.0.10" 
MODULES="java.base java.compiler java.datatransfer java.xml java.prefs java.desktop java.instrument java.logging java.management java.security.sasl java.naming java.rmi java.management.rmi java.net.http java.scripting java.security.jgss java.transaction.xa java.sql java.sql.rowset java.xml.crypto java.se java.smartcardio jdk.accessibility jdk.internal.jvmstat jdk.attach jdk.charsets jdk.internal.opt jdk.zipfs jdk.compiler jdk.crypto.ec jdk.crypto.cryptoki jdk.crypto.mscapi jdk.dynalink jdk.internal.ed jdk.editpad jdk.hotspot.agent jdk.httpserver jdk.internal.le jdk.internal.vm.ci jdk.internal.vm.compiler jdk.internal.vm.compiler.management jdk.jartool jdk.javadoc jdk.jcmd jdk.management jdk.management.agent jdk.jconsole jdk.jdeps jdk.jdwp.agent jdk.jdi jdk.jfr jdk.jshell jdk.jsobject jdk.jstatd jdk.localedata jdk.management.jfr jdk.naming.dns jdk.naming.rmi jdk.net jdk.nio.mapmode jdk.random jdk.sctp jdk.security.auth jdk.security.jgss jdk.unsupported jdk.unsupported.desktop jdk.xml.dom" 

Environment Variables:
PATH=C:\Users\DAFI\AppData\Local\Programs\Microsoft VS Code;C:\Python314\Scripts\;C:\Python314\;D:\Program Files\Python\Scripts\;D:\Program Files\Python\;C:\db_home\bin;C:\Oracle_21c\WINDOWS.X64_213000_db_home\bin;D:\app\dafi\product\12.2.0\dbhome_1\bin;D:\app\DAFI\virtual\product\12.2.0\dbhome_1\bin;C:\Program Files\Common Files\Oracle\Java\javapath;C:\Program Files (x86)\Common Files\Oracle\Java\java8path;C:\Program Files (x86)\Common Files\Oracle\Java\javapath;C:\Program Files (x86)\Common Files\Intel\Shared Files\cpp\bin\Intel64;C:\WINDOWS\system32;C:\WINDOWS;C:\WINDOWS\System32\Wbem;C:\WINDOWS\System32\WindowsPowerShell\v1.0\;C:\WINDOWS\System32\OpenSSH\;C:\Program Files\MySQL\MySQL Server 8.0\bin;C:\ProgramData\chocolatey\bin;C:\Program Files\Git\cmd;C:\Program Files (x86)\QuickTime\QTSystem\;C:\xampp\php;C:\ProgramData\ComposerSetup\bin;C:\Gradle\gradle-7.3\bin;C:\JavaFX\javafx-sdk-19\bin;C:\Program Files\WireGuard\;C:\Program Files\Java\jdk-22\bin;C:\Program Files\MongoDB\Server\7.0\bin;C:\Users\DAFI\AppData\Local\Packages\PythonSoftwareFoundation.Python.3.12_qbz5n2kfra8p0\LocalCache\local-packages\Python312\Scripts\;C:\Program Files\Maven\apache-maven-3.9.14\bin;C:\Program Files\apache-maven-3.9.14\bin;C:\Users\DAFI\.local\bin;C:\Program Files\nodejs\;C:\Users\DAFI\AppData\Local\Microsoft\WindowsApps;C:\Program Files\mingw-w64\x86_64-8.1.0-posix-seh-rt_v6-rev0\mingw64\bin;C:\Users\DAFI\AppData\Local\Programs\Microsoft VS Code\bin;C:\ProgramData\chocolatey\lib\mingw\tools\install\mingw64\bin;C:\Users\DAFI\AppData\Roaming\Composer\vendor\bin;C:\Program Files\swipl\bin;D:\Program Files\Python\Scripts\;D:\Program Files\Python\;C:\Program Files\mongosh\;C:\Users\DAFI\AppData\Local\GitHubDesktop\bin;C:\Users\DAFI\AppData\Local\PowerToys\DSCModules\;C:\Users\DAFI\AppData\Local\Programs\Antigravity\bin;C:\Users\DAFI\AppData\Local\Google\Cloud SDK\google-cloud-sdk\bin;C:\Users\DAFI\.local\bin;C:\Users\DAFI\AppData\Roaming\npm;
USERNAME=DAFI
OS=Windows_NT
PROCESSOR_IDENTIFIER=AMD64 Family 23 Model 104 Stepping 1, AuthenticAMD
TMP=C:\Users\DAFI\AppData\Local\Temp
TEMP=C:\Users\DAFI\AppData\Local\Temp




Periodic native trim disabled

---------------  S Y S T E M  ---------------

OS:
 Windows 11 , 64 bit Build 26100 (10.0.26100.4484)
OS uptime: 1 days 21:06 hours
Hyper-V role detected

CPU: total 16 (initial active 16) (16 cores per cpu, 2 threads per core) family 23 model 104 stepping 1 microcode 0x8608103, cx8, cmov, fxsr, ht, mmx, 3dnowpref, sse, sse2, sse3, ssse3, sse4a, sse4.1, sse4.2, popcnt, lzcnt, tsc, tscinvbit, avx, avx2, aes, clmul, bmi1, bmi2, adx, sha, fma, vzeroupper, clflush, clflushopt, hv, rdtscp, rdpid, f16c
Processor Information for the first 16 processors :
  Max Mhz: 1801, Current Mhz: 1801, Mhz Limit: 1801

Memory: 4k page, system-wide physical 6005M (367M free)
TotalPageFile size 24437M (AvailPageFile size 83M)
current process WorkingSet (physical memory assigned to process): 602M, peak: 604M
current process commit charge ("private bytes"): 1740M, peak: 1766M

vm_info: OpenJDK 64-Bit Server VM (21.0.10+7-LTS) for windows-amd64 JRE (21.0.10+7-LTS), built on 2026-01-20T00:00:00Z by "admin" with MS VC++ 17.12 (VS2022)

END.
