#
# There is insufficient memory for the Java Runtime Environment to continue.
# Native memory allocation (malloc) failed to allocate 2628752 bytes. Error detail: Chunk::new
# Possible reasons:
#   The system is out of physical RAM or swap space
#   This process is running with CompressedOops enabled, and the Java Heap may be blocking the growth of the native heap
# Possible solutions:
#   Reduce memory load on the system
#   Increase physical memory or swap space
#   Check if swap backing store is full
#   Decrease Java heap size (-Xmx/-Xms)
#   Decrease number of Java threads
#   Decrease Java thread stack sizes (-Xss)
#   Set larger code cache with -XX:ReservedCodeCacheSize=
#   JVM is running with Unscaled Compressed Oops mode in which the Java heap is
#     placed in the first 4GB address space. The Java Heap base address is the
#     maximum limit for the native heap growth. Please use -XX:HeapBaseMinAddress
#     to set the Java Heap base and to place the Java Heap above 4GB virtual address.
# This output file may be truncated or incomplete.
#
#  Out of Memory Error (arena.cpp:168), pid=29128, tid=5732
#
# JRE version: OpenJDK Runtime Environment Temurin-21.0.10+7 (21.0.10+7) (build 21.0.10+7-LTS)
# Java VM: OpenJDK 64-Bit Server VM Temurin-21.0.10+7 (21.0.10+7-LTS, mixed mode, sharing, tiered, compressed oops, compressed class ptrs, parallel gc, windows-amd64)
# No core dump will be written. Minidumps are not enabled by default on client versions of Windows
#

---------------  S U M M A R Y ------------

Command Line: --add-modules=ALL-SYSTEM --add-opens=java.base/java.util=ALL-UNNAMED --add-opens=java.base/java.lang=ALL-UNNAMED --add-opens=java.base/sun.nio.fs=ALL-UNNAMED -Declipse.application=org.eclipse.jdt.ls.core.id1 -Dosgi.bundles.defaultStartLevel=4 -Declipse.product=org.eclipse.jdt.ls.core.product -Djava.import.generatesMetadataFilesAtProjectRoot=false -DDetectVMInstallationsJob.disabled=true -Dfile.encoding=utf8 -XX:+UseParallelGC -XX:GCTimeRatio=4 -XX:AdaptiveSizePolicyWeight=90 -Dsun.zip.disableMemoryMapping=true -Xmx2G -Xms100m -Xlog:disable -javaagent:c:\Users\DAFI\.vscode\extensions\redhat.java-1.54.0-win32-x64\lombok\lombok-1.18.39-4050.jar -XX:+HeapDumpOnOutOfMemoryError -XX:HeapDumpPath=c:\Users\DAFI\AppData\Roaming\Code\User\workspaceStorage\b3098715b65234425903ca9bb6a7651f\redhat.java -Daether.dependencyCollector.impl=bf c:\Users\DAFI\.vscode\extensions\redhat.java-1.54.0-win32-x64\server\plugins\org.eclipse.equinox.launcher_1.7.100.v20251111-0406.jar -configuration c:\Users\DAFI\AppData\Roaming\Code\User\globalStorage\redhat.java\1.54.0\config_win -data c:\Users\DAFI\AppData\Roaming\Code\User\workspaceStorage\b3098715b65234425903ca9bb6a7651f\redhat.java\jdt_ws --pipe=\\.\pipe\lsp-4afab29342e4d4a40af8e2c8677e5b13-sock

Host: AMD Ryzen 7 5700U with Radeon Graphics         , 16 cores, 5G,  Windows 11 , 64 bit Build 26100 (10.0.26100.4484)
Time: Thu Apr 30 10:04:57 2026 SE Asia Standard Time elapsed time: 586.973794 seconds (0d 0h 9m 46s)

---------------  T H R E A D  ---------------

Current thread (0x00000228fa9c06e0):  JavaThread "C2 CompilerThread0" daemon [_thread_in_native, id=5732, stack(0x000000ae4f100000,0x000000ae4f200000) (1024K)]


Current CompileTask:
C2:586974 15783 % !   4       org.eclipse.jdt.internal.core.search.indexing.BinaryIndexer::indexDocument @ 563 (1172 bytes)

Stack: [0x000000ae4f100000,0x000000ae4f200000]
Native frames: (J=compiled Java code, j=interpreted, Vv=VM code, C=native code)
V  [jvm.dll+0x6d7a39]
V  [jvm.dll+0x8b4b26]
V  [jvm.dll+0x8b70de]
V  [jvm.dll+0x8b77c3]
V  [jvm.dll+0x284346]
V  [jvm.dll+0xc66ed]
V  [jvm.dll+0xc6c31]
V  [jvm.dll+0x3bec3b]
V  [jvm.dll+0x1e3f69]
V  [jvm.dll+0x24c6b3]
V  [jvm.dll+0x24bb40]
V  [jvm.dll+0x1cb34e]
V  [jvm.dll+0x25b85d]
V  [jvm.dll+0x259dea]
V  [jvm.dll+0x3f857e]
V  [jvm.dll+0x85f59d]
V  [jvm.dll+0x6d626d]
C  [ucrtbase.dll+0x37b0]
C  [KERNEL32.DLL+0x2e8d7]
C  [ntdll.dll+0x3c34c]


---------------  P R O C E S S  ---------------

Threads class SMR info:
_java_thread_list=0x00000228c6092a70, length=96, elements={
0x00000228e2a0de00, 0x00000228fa983f60, 0x00000228fa985b30, 0x00000228fa98f7f0,
0x00000228fa990250, 0x00000228fa9916a0, 0x00000228fa992660, 0x00000228fa9c06e0,
0x00000228fa9cd8f0, 0x00000228fac3ead0, 0x00000228fc0bc200, 0x00000228fc5002c0,
0x00000228fc4cafd0, 0x00000228fcbdfdc0, 0x00000228fcbe0800, 0x00000228fd41e380,
0x00000228fd279020, 0x00000228fd102d30, 0x00000228fc463f70, 0x00000228fc464600,
0x00000228fc463250, 0x00000228fc4638e0, 0x00000228fd5ecb90, 0x00000228fd5e9710,
0x00000228fd5eb150, 0x00000228fd5e9da0, 0x00000228fd5edf40, 0x00000228fd5ebe70,
0x00000228fd5eec60, 0x00000228fd5ee5d0, 0x00000228fd5ed8b0, 0x00000228fd5ed220,
0x00000228fd5eb7e0, 0x00000228fd5ef2f0, 0x00000228fd5ef980, 0x00000228fd5ec500,
0x00000228fd5f0010, 0x00000228fd5f06a0, 0x00000228fd5f0d30, 0x00000228fe312490,
0x00000228fe310a50, 0x00000228fe3131b0, 0x00000228fe3110e0, 0x00000228fe3103c0,
0x00000228fe315fa0, 0x00000228fe316630, 0x00000228fe316cc0, 0x00000228fe314560,
0x00000228fe315280, 0x00000228fe315910, 0x00000228fe313ed0, 0x00000228fc6d7750,
0x00000228fc6d4960, 0x00000228fc6d42d0, 0x00000228fc6d5680, 0x00000228fc6d7de0,
0x00000228fc6d8470, 0x00000228fc6d4ff0, 0x00000228fc6d8b00, 0x00000228fc6d9820,
0x00000228fc6da540, 0x00000228fc6dabd0, 0x00000228c6af7370, 0x00000228c6af7a40,
0x00000228ccb0eb90, 0x00000228ccb0f220, 0x00000228ccb0cac0, 0x00000228ccb0f8b0,
0x00000228ccb0c430, 0x00000228ccb0ff40, 0x00000228ccb105d0, 0x00000228ccb0d150,
0x00000228ccb10c60, 0x00000228ccb0d7e0, 0x00000228ccb112f0, 0x00000228ccb0de70,
0x00000228ccb11980, 0x00000228ccb133c0, 0x00000228ccb13a50, 0x00000228ccb12d30,
0x00000228ccb12010, 0x00000228ccb126a0, 0x00000228fe311e00, 0x00000228fe3179e0,
0x00000228fd5ea430, 0x00000228fd5eaac0, 0x00000228c695baf0, 0x00000228c695c180,
0x00000228c695c810, 0x00000228c695a740, 0x00000228c6959390, 0x00000228c6959a20,
0x00000228c695b460, 0x00000228c695cea0, 0x00000228c6af6ca0, 0x00000228ffe36060
}

Java Threads: ( => current thread )
  0x00000228e2a0de00 JavaThread "main"                              [_thread_blocked, id=17632, stack(0x000000ae4e700000,0x000000ae4e800000) (1024K)]
  0x00000228fa983f60 JavaThread "Reference Handler"          daemon [_thread_blocked, id=23608, stack(0x000000ae4eb00000,0x000000ae4ec00000) (1024K)]
  0x00000228fa985b30 JavaThread "Finalizer"                  daemon [_thread_blocked, id=11732, stack(0x000000ae4ec00000,0x000000ae4ed00000) (1024K)]
  0x00000228fa98f7f0 JavaThread "Signal Dispatcher"          daemon [_thread_blocked, id=8784, stack(0x000000ae4ed00000,0x000000ae4ee00000) (1024K)]
  0x00000228fa990250 JavaThread "Attach Listener"            daemon [_thread_blocked, id=17900, stack(0x000000ae4ee00000,0x000000ae4ef00000) (1024K)]
  0x00000228fa9916a0 JavaThread "Service Thread"             daemon [_thread_blocked, id=33348, stack(0x000000ae4ef00000,0x000000ae4f000000) (1024K)]
  0x00000228fa992660 JavaThread "Monitor Deflation Thread"   daemon [_thread_blocked, id=24048, stack(0x000000ae4f000000,0x000000ae4f100000) (1024K)]
=>0x00000228fa9c06e0 JavaThread "C2 CompilerThread0"         daemon [_thread_in_native, id=5732, stack(0x000000ae4f100000,0x000000ae4f200000) (1024K)]
  0x00000228fa9cd8f0 JavaThread "C1 CompilerThread0"         daemon [_thread_blocked, id=22068, stack(0x000000ae4f200000,0x000000ae4f300000) (1024K)]
  0x00000228fac3ead0 JavaThread "Common-Cleaner"             daemon [_thread_blocked, id=32940, stack(0x000000ae4f400000,0x000000ae4f500000) (1024K)]
  0x00000228fc0bc200 JavaThread "Notification Thread"        daemon [_thread_blocked, id=31184, stack(0x000000ae4f600000,0x000000ae4f700000) (1024K)]
  0x00000228fc5002c0 JavaThread "Active Thread: Equinox Container: 64fcd482-3b89-4763-a111-7c63997c0312"        [_thread_blocked, id=27104, stack(0x000000ae4fe00000,0x000000ae4ff00000) (1024K)]
  0x00000228fc4cafd0 JavaThread "Refresh Thread: Equinox Container: 64fcd482-3b89-4763-a111-7c63997c0312" daemon [_thread_blocked, id=13984, stack(0x000000ae50000000,0x000000ae50100000) (1024K)]
  0x00000228fcbdfdc0 JavaThread "Framework Event Dispatcher: Equinox Container: 64fcd482-3b89-4763-a111-7c63997c0312" daemon [_thread_blocked, id=32012, stack(0x000000ae50100000,0x000000ae50200000) (1024K)]
  0x00000228fcbe0800 JavaThread "Start Level: Equinox Container: 64fcd482-3b89-4763-a111-7c63997c0312" daemon [_thread_blocked, id=22284, stack(0x000000ae50200000,0x000000ae50300000) (1024K)]
  0x00000228fd41e380 JavaThread "Bundle File Closer"         daemon [_thread_blocked, id=2924, stack(0x000000ae50500000,0x000000ae50600000) (1024K)]
  0x00000228fd279020 JavaThread "SCR Component Actor"        daemon [_thread_blocked, id=28096, stack(0x000000ae50600000,0x000000ae50700000) (1024K)]
  0x00000228fd102d30 JavaThread "Worker-JM"                         [_thread_blocked, id=3716, stack(0x000000ae50800000,0x000000ae50900000) (1024K)]
  0x00000228fc463f70 JavaThread "Worker-0"                          [_thread_blocked, id=764, stack(0x000000ae50b00000,0x000000ae50c00000) (1024K)]
  0x00000228fc464600 JavaThread "Worker-1: Initialize workspace"        [_thread_blocked, id=32668, stack(0x000000ae50c00000,0x000000ae50d00000) (1024K)]
  0x00000228fc463250 JavaThread "Java indexing"              daemon [_thread_blocked, id=31800, stack(0x000000ae50e00000,0x000000ae50f00000) (1024K)]
  0x00000228fc4638e0 JavaThread "JNA Cleaner"                daemon [_thread_blocked, id=11952, stack(0x000000ae50f00000,0x000000ae51000000) (1024K)]
  0x00000228fd5ecb90 JavaThread "Thread-1"                   daemon [_thread_in_native, id=18472, stack(0x000000ae51400000,0x000000ae51500000) (1024K)]
  0x00000228fd5e9710 JavaThread "Thread-2"                   daemon [_thread_in_native, id=21564, stack(0x000000ae51500000,0x000000ae51600000) (1024K)]
  0x00000228fd5eb150 JavaThread "Thread-3"                   daemon [_thread_in_native, id=21696, stack(0x000000ae51600000,0x000000ae51700000) (1024K)]
  0x00000228fd5e9da0 JavaThread "Thread-4"                   daemon [_thread_in_native, id=11124, stack(0x000000ae51700000,0x000000ae51800000) (1024K)]
  0x00000228fd5edf40 JavaThread "Thread-5"                   daemon [_thread_in_native, id=21748, stack(0x000000ae51800000,0x000000ae51900000) (1024K)]
  0x00000228fd5ebe70 JavaThread "Thread-6"                   daemon [_thread_in_native, id=10100, stack(0x000000ae51900000,0x000000ae51a00000) (1024K)]
  0x00000228fd5eec60 JavaThread "Thread-7"                   daemon [_thread_in_native, id=13832, stack(0x000000ae51a00000,0x000000ae51b00000) (1024K)]
  0x00000228fd5ee5d0 JavaThread "Thread-8"                   daemon [_thread_in_native, id=25916, stack(0x000000ae51b00000,0x000000ae51c00000) (1024K)]
  0x00000228fd5ed8b0 JavaThread "Thread-9"                   daemon [_thread_in_native, id=10372, stack(0x000000ae51c00000,0x000000ae51d00000) (1024K)]
  0x00000228fd5ed220 JavaThread "Thread-10"                  daemon [_thread_in_native, id=24372, stack(0x000000ae51d00000,0x000000ae51e00000) (1024K)]
  0x00000228fd5eb7e0 JavaThread "Thread-11"                  daemon [_thread_in_native, id=29548, stack(0x000000ae51e00000,0x000000ae51f00000) (1024K)]
  0x00000228fd5ef2f0 JavaThread "Thread-12"                  daemon [_thread_in_native, id=15784, stack(0x000000ae51f00000,0x000000ae52000000) (1024K)]
  0x00000228fd5ef980 JavaThread "Thread-13"                  daemon [_thread_in_native, id=8536, stack(0x000000ae52000000,0x000000ae52100000) (1024K)]
  0x00000228fd5ec500 JavaThread "Thread-14"                  daemon [_thread_in_native, id=26216, stack(0x000000ae52100000,0x000000ae52200000) (1024K)]
  0x00000228fd5f0010 JavaThread "Thread-15"                  daemon [_thread_in_native, id=7768, stack(0x000000ae52200000,0x000000ae52300000) (1024K)]
  0x00000228fd5f06a0 JavaThread "Thread-16"                  daemon [_thread_in_native, id=6508, stack(0x000000ae52300000,0x000000ae52400000) (1024K)]
  0x00000228fd5f0d30 JavaThread "Thread-17"                  daemon [_thread_in_native, id=33212, stack(0x000000ae52400000,0x000000ae52500000) (1024K)]
  0x00000228fe312490 JavaThread "pool-2-thread-1"                   [_thread_blocked, id=31492, stack(0x000000ae52500000,0x000000ae52600000) (1024K)]
  0x00000228fe310a50 JavaThread "Worker-4: Building"                [_thread_blocked, id=9860, stack(0x000000ae52600000,0x000000ae52700000) (1024K)]
  0x00000228fe3131b0 JavaThread "WorkspaceEventsHandler"            [_thread_blocked, id=7836, stack(0x000000ae52800000,0x000000ae52900000) (1024K)]
  0x00000228fe3110e0 JavaThread "pool-1-thread-1"                   [_thread_blocked, id=33656, stack(0x000000ae52900000,0x000000ae52a00000) (1024K)]
  0x00000228fe3103c0 JavaThread "Timer-0"                           [_thread_blocked, id=26744, stack(0x000000ae50d00000,0x000000ae50e00000) (1024K)]
  0x00000228fe315fa0 JavaThread "Timer-1"                           [_thread_blocked, id=33104, stack(0x000000ae52b00000,0x000000ae52c00000) (1024K)]
  0x00000228fe316630 JavaThread "Timer-2"                           [_thread_blocked, id=7276, stack(0x000000ae4f500000,0x000000ae4f600000) (1024K)]
  0x00000228fe316cc0 JavaThread "Timer-3"                           [_thread_blocked, id=7664, stack(0x000000ae53300000,0x000000ae53400000) (1024K)]
  0x00000228fe314560 JavaThread "Timer-4"                           [_thread_blocked, id=33748, stack(0x000000ae53400000,0x000000ae53500000) (1024K)]
  0x00000228fe315280 JavaThread "Timer-5"                           [_thread_blocked, id=26784, stack(0x000000ae4f300000,0x000000ae4f400000) (1024K)]
  0x00000228fe315910 JavaThread "Timer-6"                           [_thread_blocked, id=11168, stack(0x000000ae51000000,0x000000ae51100000) (1024K)]
  0x00000228fe313ed0 JavaThread "Worker-6"                          [_thread_blocked, id=15028, stack(0x000000ae4e600000,0x000000ae4e700000) (1024K)]
  0x00000228fc6d7750 JavaThread "Worker-7: Java indexing... "        [_thread_blocked, id=30088, stack(0x000000ae52c00000,0x000000ae52d00000) (1024K)]
  0x00000228fc6d4960 JavaThread "Worker-8"                          [_thread_blocked, id=32312, stack(0x000000ae52d00000,0x000000ae52e00000) (1024K)]
  0x00000228fc6d42d0 JavaThread "ForkJoinPool.commonPool-worker-1" daemon [_thread_blocked, id=25820, stack(0x000000ae50700000,0x000000ae50800000) (1024K)]
  0x00000228fc6d5680 JavaThread "ForkJoinPool.commonPool-worker-2" daemon [_thread_blocked, id=16256, stack(0x000000ae52e00000,0x000000ae52f00000) (1024K)]
  0x00000228fc6d7de0 JavaThread "ForkJoinPool.commonPool-worker-3" daemon [_thread_blocked, id=31100, stack(0x000000ae52f00000,0x000000ae53000000) (1024K)]
  0x00000228fc6d8470 JavaThread "ForkJoinPool.commonPool-worker-4" daemon [_thread_blocked, id=10384, stack(0x000000ae53000000,0x000000ae53100000) (1024K)]
  0x00000228fc6d4ff0 JavaThread "ForkJoinPool.commonPool-worker-5" daemon [_thread_blocked, id=29156, stack(0x000000ae53100000,0x000000ae53200000) (1024K)]
  0x00000228fc6d8b00 JavaThread "ForkJoinPool.commonPool-worker-6" daemon [_thread_blocked, id=8036, stack(0x000000ae53200000,0x000000ae53300000) (1024K)]
  0x00000228fc6d9820 JavaThread "ForkJoinPool.commonPool-worker-7" daemon [_thread_blocked, id=28540, stack(0x000000ae53500000,0x000000ae53600000) (1024K)]
  0x00000228fc6da540 JavaThread "Worker-9"                          [_thread_blocked, id=21388, stack(0x000000ae53600000,0x000000ae53700000) (1024K)]
  0x00000228fc6dabd0 JavaThread "Timer-7"                           [_thread_blocked, id=25536, stack(0x000000ae53700000,0x000000ae53800000) (1024K)]
  0x00000228c6af7370 JavaThread "C1 CompilerThread1"         daemon [_thread_blocked, id=10576, stack(0x000000ae4e400000,0x000000ae4e500000) (1024K)]
  0x00000228c6af7a40 JavaThread "C1 CompilerThread2"         daemon [_thread_blocked, id=6532, stack(0x000000ae51100000,0x000000ae51200000) (1024K)]
  0x00000228ccb0eb90 JavaThread "LocalFile Deleter"          daemon [_thread_blocked, id=8556, stack(0x000000ae51200000,0x000000ae51300000) (1024K)]
  0x00000228ccb0f220 JavaThread "LocalFile Deleter"          daemon [_thread_blocked, id=11764, stack(0x000000ae51300000,0x000000ae51400000) (1024K)]
  0x00000228ccb0cac0 JavaThread "LocalFile Deleter"          daemon [_thread_blocked, id=23460, stack(0x000000ae52700000,0x000000ae52800000) (1024K)]
  0x00000228ccb0f8b0 JavaThread "LocalFile Deleter"          daemon [_thread_blocked, id=14456, stack(0x000000ae53800000,0x000000ae53900000) (1024K)]
  0x00000228ccb0c430 JavaThread "LocalFile Deleter"          daemon [_thread_blocked, id=9924, stack(0x000000ae53900000,0x000000ae53a00000) (1024K)]
  0x00000228ccb0ff40 JavaThread "LocalFile Deleter"          daemon [_thread_blocked, id=8104, stack(0x000000ae53a00000,0x000000ae53b00000) (1024K)]
  0x00000228ccb105d0 JavaThread "LocalFile Deleter"          daemon [_thread_blocked, id=21880, stack(0x000000ae53b00000,0x000000ae53c00000) (1024K)]
  0x00000228ccb0d150 JavaThread "LocalFile Deleter"          daemon [_thread_blocked, id=15304, stack(0x000000ae53c00000,0x000000ae53d00000) (1024K)]
  0x00000228ccb10c60 JavaThread "LocalFile Deleter"          daemon [_thread_blocked, id=10908, stack(0x000000ae53d00000,0x000000ae53e00000) (1024K)]
  0x00000228ccb0d7e0 JavaThread "LocalFile Deleter"          daemon [_thread_blocked, id=7556, stack(0x000000ae53e00000,0x000000ae53f00000) (1024K)]
  0x00000228ccb112f0 JavaThread "LocalFile Deleter"          daemon [_thread_blocked, id=29336, stack(0x000000ae53f00000,0x000000ae54000000) (1024K)]
  0x00000228ccb0de70 JavaThread "LocalFile Deleter"          daemon [_thread_blocked, id=8336, stack(0x000000ae54000000,0x000000ae54100000) (1024K)]
  0x00000228ccb11980 JavaThread "LocalFile Deleter"          daemon [_thread_blocked, id=20512, stack(0x000000ae54100000,0x000000ae54200000) (1024K)]
  0x00000228ccb133c0 JavaThread "LocalFile Deleter"          daemon [_thread_blocked, id=8208, stack(0x000000ae54200000,0x000000ae54300000) (1024K)]
  0x00000228ccb13a50 JavaThread "LocalFile Deleter"          daemon [_thread_blocked, id=16720, stack(0x000000ae54300000,0x000000ae54400000) (1024K)]
  0x00000228ccb12d30 JavaThread "LocalFile Deleter"          daemon [_thread_blocked, id=14904, stack(0x000000ae54400000,0x000000ae54500000) (1024K)]
  0x00000228ccb12010 JavaThread "Compiler Source File Reader" daemon [_thread_blocked, id=21188, stack(0x000000ae54500000,0x000000ae54600000) (1024K)]
  0x00000228ccb126a0 JavaThread "Compiler Source File Reader" daemon [_thread_blocked, id=27056, stack(0x000000ae54600000,0x000000ae54700000) (1024K)]
  0x00000228fe311e00 JavaThread "Compiler Source File Reader" daemon [_thread_blocked, id=20644, stack(0x000000ae54700000,0x000000ae54800000) (1024K)]
  0x00000228fe3179e0 JavaThread "Compiler Source File Reader" daemon [_thread_blocked, id=14964, stack(0x000000ae54800000,0x000000ae54900000) (1024K)]
  0x00000228fd5ea430 JavaThread "Compiler Source File Reader" daemon [_thread_blocked, id=7996, stack(0x000000ae54900000,0x000000ae54a00000) (1024K)]
  0x00000228fd5eaac0 JavaThread "Compiler Source File Reader" daemon [_thread_blocked, id=29152, stack(0x000000ae54a00000,0x000000ae54b00000) (1024K)]
  0x00000228c695baf0 JavaThread "Compiler Source File Reader" daemon [_thread_blocked, id=24508, stack(0x000000ae54b00000,0x000000ae54c00000) (1024K)]
  0x00000228c695c180 JavaThread "Compiler Source File Reader" daemon [_thread_blocked, id=18356, stack(0x000000ae54c00000,0x000000ae54d00000) (1024K)]
  0x00000228c695c810 JavaThread "Compiler Source File Reader" daemon [_thread_blocked, id=30396, stack(0x000000ae54d00000,0x000000ae54e00000) (1024K)]
  0x00000228c695a740 JavaThread "Compiler Source File Reader" daemon [_thread_blocked, id=15428, stack(0x000000ae54e00000,0x000000ae54f00000) (1024K)]
  0x00000228c6959390 JavaThread "Compiler Source File Reader" daemon [_thread_blocked, id=21180, stack(0x000000ae54f00000,0x000000ae55000000) (1024K)]
  0x00000228c6959a20 JavaThread "Compiler Source File Reader" daemon [_thread_blocked, id=20672, stack(0x000000ae55000000,0x000000ae55100000) (1024K)]
  0x00000228c695b460 JavaThread "Compiler Source File Reader" daemon [_thread_blocked, id=11988, stack(0x000000ae55100000,0x000000ae55200000) (1024K)]
  0x00000228c695cea0 JavaThread "Compiler Source File Reader" daemon [_thread_blocked, id=17400, stack(0x000000ae55200000,0x000000ae55300000) (1024K)]
  0x00000228c6af6ca0 JavaThread "C1 CompilerThread3"         daemon [_thread_blocked, id=15208, stack(0x000000ae4e500000,0x000000ae4e600000) (1024K)]
  0x00000228ffe36060 JavaThread "C2 CompilerThread1"         daemon [_thread_blocked, id=14024, stack(0x000000ae55300000,0x000000ae55400000) (1024K)]
Total: 96

Other Threads:
  0x00000228fa983470 VMThread "VM Thread"                           [id=20096, stack(0x000000ae4ea00000,0x000000ae4eb00000) (1024K)]
  0x00000228e289ca00 WatcherThread "VM Periodic Task Thread"        [id=19872, stack(0x000000ae4e900000,0x000000ae4ea00000) (1024K)]
  0x00000228e2a2c130 WorkerThread "GC Thread#0"                     [id=17368, stack(0x000000ae4e800000,0x000000ae4e900000) (1024K)]
  0x00000228fc43b540 WorkerThread "GC Thread#1"                     [id=28576, stack(0x000000ae4f700000,0x000000ae4f800000) (1024K)]
  0x00000228fc435a30 WorkerThread "GC Thread#2"                     [id=17428, stack(0x000000ae4f800000,0x000000ae4f900000) (1024K)]
  0x00000228fc435de0 WorkerThread "GC Thread#3"                     [id=32328, stack(0x000000ae4f900000,0x000000ae4fa00000) (1024K)]
  0x00000228fc436190 WorkerThread "GC Thread#4"                     [id=12464, stack(0x000000ae4fa00000,0x000000ae4fb00000) (1024K)]
  0x00000228fc46f010 WorkerThread "GC Thread#5"                     [id=15664, stack(0x000000ae4fb00000,0x000000ae4fc00000) (1024K)]
  0x00000228fc46f3c0 WorkerThread "GC Thread#6"                     [id=11076, stack(0x000000ae4fc00000,0x000000ae4fd00000) (1024K)]
  0x00000228fc4d0b40 WorkerThread "GC Thread#7"                     [id=8048, stack(0x000000ae4ff00000,0x000000ae50000000) (1024K)]
  0x00000228fcf8c720 WorkerThread "GC Thread#8"                     [id=23836, stack(0x000000ae4fd00000,0x000000ae4fe00000) (1024K)]
  0x00000228fc9fb440 WorkerThread "GC Thread#9"                     [id=32632, stack(0x000000ae50300000,0x000000ae50400000) (1024K)]
  0x00000228fc9fb7f0 WorkerThread "GC Thread#10"                    [id=9764, stack(0x000000ae50400000,0x000000ae50500000) (1024K)]
  0x00000228fd342760 WorkerThread "GC Thread#11"                    [id=30044, stack(0x000000ae50900000,0x000000ae50a00000) (1024K)]
  0x00000228fd342000 WorkerThread "GC Thread#12"                    [id=31880, stack(0x000000ae50a00000,0x000000ae50b00000) (1024K)]
Total: 15

Threads with active compile tasks:
C2 CompilerThread0  587007 15783 % !   4       org.eclipse.jdt.internal.core.search.indexing.BinaryIndexer::indexDocument @ 563 (1172 bytes)
C1 CompilerThread3  587007 16550 %     3       org.lombokweb.asm.ClassReader::readCode @ 92 (5117 bytes)
C2 CompilerThread1  587007 16387       4       lombok.core.LombokNode::<init> (100 bytes)
Total: 3

VM state: at safepoint (normal execution)

VM Mutex/Monitor currently owned by a thread:  ([mutex/lock_event])
[0x00007ffa5a00e560] Threads_lock - owner thread: 0x00000228fa983470
[0x00007ffa5a00e660] Heap_lock - owner thread: 0x00000228fe310a50
[0x00007ffa5a00eae0] PSOldGenExpand_lock - owner thread: 0x00000228fcf8c720

Heap address: 0x0000000080000000, size: 2048 MB, Compressed Oops mode: 32-bit

CDS archive(s) mapped at: [0x0000022880000000-0x0000022880ba0000-0x0000022880ba0000), size 12189696, SharedBaseAddress: 0x0000022880000000, ArchiveRelocationMode: 1.
Compressed class space mapped at: 0x0000022881000000-0x00000228c1000000, reserved size: 1073741824
Narrow klass base: 0x0000022880000000, Narrow klass shift: 0, Narrow klass range: 0x100000000

GC Precious Log:
 CardTable entry size: 512
 CPUs: 16 total, 16 available
 Memory: 6005M
 Large Page Support: Disabled
 NUMA Support: Disabled
 Compressed Oops: Enabled (32-bit)
 Alignments: Space 512K, Generation 512K, Heap 2M
 Heap Min Capacity: 100M
 Heap Initial Capacity: 100M
 Heap Max Capacity: 2G
 Pre-touch: Disabled
 Parallel Workers: 13

Heap:
 PSYoungGen      total 6144K, used 5852K [0x00000000d5580000, 0x00000000d5d00000, 0x0000000100000000)
  eden space 5120K, 96% used [0x00000000d5580000,0x00000000d5a54cc0,0x00000000d5a80000)
  from space 1024K, 88% used [0x00000000d5b80000,0x00000000d5c626d0,0x00000000d5c80000)
  to   space 1024K, 98% used [0x00000000d5a80000,0x00000000d5b7c350,0x00000000d5b80000)
 ParOldGen       total 600576K, used 600575K [0x0000000080000000, 0x00000000a4a80000, 0x00000000d5580000)
  object space 600576K, 99% used [0x0000000080000000,0x00000000a4a7fd38,0x00000000a4a80000)
 Metaspace       used 86941K, committed 88640K, reserved 1179648K
  class space    used 10334K, committed 11072K, reserved 1048576K

Card table byte_map: [0x00000228e23b0000,0x00000228e27c0000] _byte_map_base: 0x00000228e1fb0000

Marking Bits: (ParMarkBitMap*) 0x00007ffa5a013450
 Begin Bits: [0x00000228f4ec0000, 0x00000228f6ec0000)
 End Bits:   [0x00000228f6ec0000, 0x00000228f8ec0000)

Polling page: 0x00000228e0640000

Metaspace:

Usage:
  Non-class:     74.81 MB used.
      Class:     10.09 MB used.
       Both:     84.90 MB used.

Virtual space:
  Non-class space:      128.00 MB reserved,      75.75 MB ( 59%) committed,  2 nodes.
      Class space:        1.00 GB reserved,      10.81 MB (  1%) committed,  1 nodes.
             Both:        1.12 GB reserved,      86.56 MB (  8%) committed. 

Chunk freelists:
   Non-Class:  4.23 MB
       Class:  5.06 MB
        Both:  9.30 MB

MaxMetaspaceSize: unlimited
CompressedClassSpaceSize: 1.00 GB
Initial GC threshold: 21.00 MB
Current GC threshold: 97.31 MB
CDS: on
 - commit_granule_bytes: 65536.
 - commit_granule_words: 8192.
 - virtual_space_node_default_size: 8388608.
 - enlarge_chunks_in_place: 1.
 - use_allocation_guard: 0.


Internal statistics:

num_allocs_failed_limit: 9.
num_arena_births: 1610.
num_arena_deaths: 14.
num_vsnodes_births: 3.
num_vsnodes_deaths: 0.
num_space_committed: 1385.
num_space_uncommitted: 0.
num_chunks_returned_to_freelist: 23.
num_chunks_taken_from_freelist: 5390.
num_chunk_merges: 12.
num_chunk_splits: 3442.
num_chunks_enlarged: 2130.
num_inconsistent_stats: 0.

CodeHeap 'non-profiled nmethods': size=119168Kb used=13615Kb max_used=13615Kb free=105552Kb
 bounds [0x00000228ed7b0000, 0x00000228ee500000, 0x00000228f4c10000]
CodeHeap 'profiled nmethods': size=119104Kb used=36018Kb max_used=36018Kb free=83085Kb
 bounds [0x00000228e5c10000, 0x00000228e7f40000, 0x00000228ed060000]
CodeHeap 'non-nmethods': size=7488Kb used=3174Kb max_used=3224Kb free=4313Kb
 bounds [0x00000228ed060000, 0x00000228ed390000, 0x00000228ed7b0000]
CodeCache: size=245760Kb, used=52807Kb, max_used=52857Kb, free=192950Kb
 total_blobs=16576, nmethods=15772, adapters=707, full_count=0
Compilation: enabled, stopped_count=0, restarted_count=0

Compilation events (20 events):
Event: 585.856 Thread 0x00000228c6af7370 nmethod 16544 0x00000228e7f28190 code [0x00000228e7f28ee0, 0x00000228e7f30530]
Event: 585.858 Thread 0x00000228ffe36060 nmethod 16244 0x00000228ee4f9f90 code [0x00000228ee4fa160, 0x00000228ee4fa570]
Event: 585.858 Thread 0x00000228ffe36060 16379       4       lombok.eclipse.EclipseAST::traverseChildren (41 bytes)
Event: 585.858 Thread 0x00000228c6af7a40 16548       3       org.lombokweb.asm.ClassReader::getTypeAnnotationBytecodeOffset (34 bytes)
Event: 585.859 Thread 0x00000228c6af7a40 nmethod 16548 0x00000228e7f37010 code [0x00000228e7f371e0, 0x00000228e7f374b8]
Event: 585.861 Thread 0x00000228ffe36060 nmethod 16379 0x00000228ee4fa990 code [0x00000228ee4fab40, 0x00000228ee4fad30]
Event: 585.861 Thread 0x00000228ffe36060 16315       4       lombok.eclipse.handlers.EclipseHandlerUtil::typeMatches (124 bytes)
Event: 585.862 Thread 0x00000228c6af6ca0 16550 %     3       org.lombokweb.asm.ClassReader::readCode @ 92 (5117 bytes)
Event: 585.864 Thread 0x00000228c6af7370 16552       2       org.lombokweb.asm.MethodWriter::visitEnd (1 bytes)
Event: 585.864 Thread 0x00000228c6af7370 nmethod 16552 0x00000228e7f37610 code [0x00000228e7f377a0, 0x00000228e7f378a8]
Event: 585.869 Thread 0x00000228c6af7370 16553       2       org.lombokweb.asm.MethodWriter::visitCode (1 bytes)
Event: 585.869 Thread 0x00000228c6af7a40 16554       2       org.lombokweb.asm.MethodWriter::visitMaxs (60 bytes)
Event: 585.869 Thread 0x00000228c6af7370 nmethod 16553 0x00000228e7f37910 code [0x00000228e7f37aa0, 0x00000228e7f37ba8]
Event: 585.869 Thread 0x00000228c6af7a40 nmethod 16554 0x00000228e7f37c10 code [0x00000228e7f37de0, 0x00000228e7f37fc0]
Event: 585.870 Thread 0x00000228c6af7a40 16555       2       lombok.patcher.MethodLogistics::generateLoadOpcodeForParam (37 bytes)
Event: 585.871 Thread 0x00000228fa9cd8f0 16556       3       lombok.patcher.scripts.WrapMethodCallScript$WrapMethodCall::visitMethodInsn (310 bytes)
Event: 585.871 Thread 0x00000228c6af7a40 nmethod 16555 0x00000228e7f38090 code [0x00000228e7f38260, 0x00000228e7f384b0]
Event: 585.873 Thread 0x00000228fa9cd8f0 nmethod 16556 0x00000228e7f38610 code [0x00000228e7f38a40, 0x00000228e7f3a388]
Event: 585.874 Thread 0x00000228ffe36060 nmethod 16315 0x00000228ee4faf90 code [0x00000228ee4fb1a0, 0x00000228ee4fb7c0]
Event: 586.969 Thread 0x00000228ffe36060 16387       4       lombok.core.LombokNode::<init> (100 bytes)

GC Heap History (20 events):
Event: 585.810 GC heap before
{Heap before GC invocations=852 (full 3):
 PSYoungGen      total 4096K, used 3750K [0x00000000d5580000, 0x00000000d5b80000, 0x0000000100000000)
  eden space 2560K, 100% used [0x00000000d5580000,0x00000000d5800000,0x00000000d5800000)
  from space 1536K, 77% used [0x00000000d5a00000,0x00000000d5b29810,0x00000000d5b80000)
  to   space 1536K, 0% used [0x00000000d5880000,0x00000000d5880000,0x00000000d5a00000)
 ParOldGen       total 594432K, used 594348K [0x0000000080000000, 0x00000000a4480000, 0x00000000d5580000)
  object space 594432K, 99% used [0x0000000080000000,0x00000000a446b0e0,0x00000000a4480000)
 Metaspace       used 86922K, committed 88576K, reserved 1179648K
  class space    used 10334K, committed 11072K, reserved 1048576K
}
Event: 585.812 GC heap after
{Heap after GC invocations=852 (full 3):
 PSYoungGen      total 4096K, used 600K [0x00000000d5580000, 0x00000000d5a80000, 0x0000000100000000)
  eden space 3072K, 0% used [0x00000000d5580000,0x00000000d5580000,0x00000000d5880000)
  from space 1024K, 58% used [0x00000000d5880000,0x00000000d59160a8,0x00000000d5980000)
  to   space 1024K, 0% used [0x00000000d5980000,0x00000000d5980000,0x00000000d5a80000)
 ParOldGen       total 595968K, used 595493K [0x0000000080000000, 0x00000000a4600000, 0x00000000d5580000)
  object space 595968K, 99% used [0x0000000080000000,0x00000000a45894b8,0x00000000a4600000)
 Metaspace       used 86922K, committed 88576K, reserved 1179648K
  class space    used 10334K, committed 11072K, reserved 1048576K
}
Event: 585.816 GC heap before
{Heap before GC invocations=853 (full 3):
 PSYoungGen      total 4096K, used 3672K [0x00000000d5580000, 0x00000000d5a80000, 0x0000000100000000)
  eden space 3072K, 100% used [0x00000000d5580000,0x00000000d5880000,0x00000000d5880000)
  from space 1024K, 58% used [0x00000000d5880000,0x00000000d59160a8,0x00000000d5980000)
  to   space 1024K, 0% used [0x00000000d5980000,0x00000000d5980000,0x00000000d5a80000)
 ParOldGen       total 595968K, used 595493K [0x0000000080000000, 0x00000000a4600000, 0x00000000d5580000)
  object space 595968K, 99% used [0x0000000080000000,0x00000000a45894b8,0x00000000a4600000)
 Metaspace       used 86925K, committed 88576K, reserved 1179648K
  class space    used 10334K, committed 11072K, reserved 1048576K
}
Event: 585.818 GC heap after
{Heap after GC invocations=853 (full 3):
 PSYoungGen      total 3072K, used 992K [0x00000000d5580000, 0x00000000d5d80000, 0x0000000100000000)
  eden space 2048K, 0% used [0x00000000d5580000,0x00000000d5580000,0x00000000d5780000)
  from space 1024K, 96% used [0x00000000d5980000,0x00000000d5a78300,0x00000000d5a80000)
  to   space 2048K, 0% used [0x00000000d5780000,0x00000000d5780000,0x00000000d5980000)
 ParOldGen       total 596480K, used 596149K [0x0000000080000000, 0x00000000a4680000, 0x00000000d5580000)
  object space 596480K, 99% used [0x0000000080000000,0x00000000a462d568,0x00000000a4680000)
 Metaspace       used 86925K, committed 88576K, reserved 1179648K
  class space    used 10334K, committed 11072K, reserved 1048576K
}
Event: 585.822 GC heap before
{Heap before GC invocations=854 (full 3):
 PSYoungGen      total 3072K, used 3040K [0x00000000d5580000, 0x00000000d5d80000, 0x0000000100000000)
  eden space 2048K, 100% used [0x00000000d5580000,0x00000000d5780000,0x00000000d5780000)
  from space 1024K, 96% used [0x00000000d5980000,0x00000000d5a78300,0x00000000d5a80000)
  to   space 2048K, 0% used [0x00000000d5780000,0x00000000d5780000,0x00000000d5980000)
 ParOldGen       total 596480K, used 596149K [0x0000000080000000, 0x00000000a4680000, 0x00000000d5580000)
  object space 596480K, 99% used [0x0000000080000000,0x00000000a462d568,0x00000000a4680000)
 Metaspace       used 86925K, committed 88576K, reserved 1179648K
  class space    used 10334K, committed 11072K, reserved 1048576K
}
Event: 585.824 GC heap after
{Heap after GC invocations=854 (full 3):
 PSYoungGen      total 4096K, used 1224K [0x00000000d5580000, 0x00000000d5b00000, 0x0000000100000000)
  eden space 2048K, 0% used [0x00000000d5580000,0x00000000d5580000,0x00000000d5780000)
  from space 2048K, 59% used [0x00000000d5780000,0x00000000d58b2340,0x00000000d5980000)
  to   space 1536K, 0% used [0x00000000d5980000,0x00000000d5980000,0x00000000d5b00000)
 ParOldGen       total 596480K, used 596405K [0x0000000080000000, 0x00000000a4680000, 0x00000000d5580000)
  object space 596480K, 99% used [0x0000000080000000,0x00000000a466d568,0x00000000a4680000)
 Metaspace       used 86925K, committed 88576K, reserved 1179648K
  class space    used 10334K, committed 11072K, reserved 1048576K
}
Event: 585.829 GC heap before
{Heap before GC invocations=855 (full 3):
 PSYoungGen      total 4096K, used 3272K [0x00000000d5580000, 0x00000000d5b00000, 0x0000000100000000)
  eden space 2048K, 100% used [0x00000000d5580000,0x00000000d5780000,0x00000000d5780000)
  from space 2048K, 59% used [0x00000000d5780000,0x00000000d58b2340,0x00000000d5980000)
  to   space 1536K, 0% used [0x00000000d5980000,0x00000000d5980000,0x00000000d5b00000)
 ParOldGen       total 596480K, used 596405K [0x0000000080000000, 0x00000000a4680000, 0x00000000d5580000)
  object space 596480K, 99% used [0x0000000080000000,0x00000000a466d568,0x00000000a4680000)
 Metaspace       used 86925K, committed 88576K, reserved 1179648K
  class space    used 10334K, committed 11072K, reserved 1048576K
}
Event: 585.831 GC heap after
{Heap after GC invocations=855 (full 3):
 PSYoungGen      total 3072K, used 416K [0x00000000d5580000, 0x00000000d5a00000, 0x0000000100000000)
  eden space 2560K, 0% used [0x00000000d5580000,0x00000000d5580000,0x00000000d5800000)
  from space 512K, 81% used [0x00000000d5980000,0x00000000d59e8000,0x00000000d5a00000)
  to   space 1024K, 0% used [0x00000000d5800000,0x00000000d5800000,0x00000000d5900000)
 ParOldGen       total 598016K, used 597604K [0x0000000080000000, 0x00000000a4800000, 0x00000000d5580000)
  object space 598016K, 99% used [0x0000000080000000,0x00000000a47992f0,0x00000000a4800000)
 Metaspace       used 86925K, committed 88576K, reserved 1179648K
  class space    used 10334K, committed 11072K, reserved 1048576K
}
Event: 585.836 GC heap before
{Heap before GC invocations=856 (full 3):
 PSYoungGen      total 3072K, used 2976K [0x00000000d5580000, 0x00000000d5a00000, 0x0000000100000000)
  eden space 2560K, 100% used [0x00000000d5580000,0x00000000d5800000,0x00000000d5800000)
  from space 512K, 81% used [0x00000000d5980000,0x00000000d59e8000,0x00000000d5a00000)
  to   space 1024K, 0% used [0x00000000d5800000,0x00000000d5800000,0x00000000d5900000)
 ParOldGen       total 598016K, used 597604K [0x0000000080000000, 0x00000000a4800000, 0x00000000d5580000)
  object space 598016K, 99% used [0x0000000080000000,0x00000000a47992f0,0x00000000a4800000)
 Metaspace       used 86931K, committed 88640K, reserved 1179648K
  class space    used 10334K, committed 11072K, reserved 1048576K
}
Event: 585.837 GC heap after
{Heap after GC invocations=856 (full 3):
 PSYoungGen      total 3584K, used 544K [0x00000000d5580000, 0x00000000d5a80000, 0x0000000100000000)
  eden space 2560K, 0% used [0x00000000d5580000,0x00000000d5580000,0x00000000d5800000)
  from space 1024K, 53% used [0x00000000d5800000,0x00000000d5888000,0x00000000d5900000)
  to   space 1024K, 0% used [0x00000000d5980000,0x00000000d5980000,0x00000000d5a80000)
 ParOldGen       total 598016K, used 597892K [0x0000000080000000, 0x00000000a4800000, 0x00000000d5580000)
  object space 598016K, 99% used [0x0000000080000000,0x00000000a47e12f0,0x00000000a4800000)
 Metaspace       used 86931K, committed 88640K, reserved 1179648K
  class space    used 10334K, committed 11072K, reserved 1048576K
}
Event: 585.840 GC heap before
{Heap before GC invocations=857 (full 3):
 PSYoungGen      total 3584K, used 3062K [0x00000000d5580000, 0x00000000d5a80000, 0x0000000100000000)
  eden space 2560K, 98% used [0x00000000d5580000,0x00000000d57f5870,0x00000000d5800000)
  from space 1024K, 53% used [0x00000000d5800000,0x00000000d5888000,0x00000000d5900000)
  to   space 1024K, 0% used [0x00000000d5980000,0x00000000d5980000,0x00000000d5a80000)
 ParOldGen       total 598016K, used 597892K [0x0000000080000000, 0x00000000a4800000, 0x00000000d5580000)
  object space 598016K, 99% used [0x0000000080000000,0x00000000a47e12f0,0x00000000a4800000)
 Metaspace       used 86931K, committed 88640K, reserved 1179648K
  class space    used 10334K, committed 11072K, reserved 1048576K
}
Event: 585.843 GC heap after
{Heap after GC invocations=857 (full 3):
 PSYoungGen      total 4096K, used 838K [0x00000000d5580000, 0x00000000d5a80000, 0x0000000100000000)
  eden space 3072K, 0% used [0x00000000d5580000,0x00000000d5580000,0x00000000d5880000)
  from space 1024K, 81% used [0x00000000d5980000,0x00000000d5a51b20,0x00000000d5a80000)
  to   space 1024K, 0% used [0x00000000d5880000,0x00000000d5880000,0x00000000d5980000)
 ParOldGen       total 598528K, used 598398K [0x0000000080000000, 0x00000000a4880000, 0x00000000d5580000)
  object space 598528K, 99% used [0x0000000080000000,0x00000000a485fa08,0x00000000a4880000)
 Metaspace       used 86931K, committed 88640K, reserved 1179648K
  class space    used 10334K, committed 11072K, reserved 1048576K
}
Event: 585.848 GC heap before
{Heap before GC invocations=858 (full 3):
 PSYoungGen      total 4096K, used 3910K [0x00000000d5580000, 0x00000000d5a80000, 0x0000000100000000)
  eden space 3072K, 100% used [0x00000000d5580000,0x00000000d5880000,0x00000000d5880000)
  from space 1024K, 81% used [0x00000000d5980000,0x00000000d5a51b20,0x00000000d5a80000)
  to   space 1024K, 0% used [0x00000000d5880000,0x00000000d5880000,0x00000000d5980000)
 ParOldGen       total 598528K, used 598398K [0x0000000080000000, 0x00000000a4880000, 0x00000000d5580000)
  object space 598528K, 99% used [0x0000000080000000,0x00000000a485fa08,0x00000000a4880000)
 Metaspace       used 86931K, committed 88640K, reserved 1179648K
  class space    used 10334K, committed 11072K, reserved 1048576K
}
Event: 585.850 GC heap after
{Heap after GC invocations=858 (full 3):
 PSYoungGen      total 4096K, used 994K [0x00000000d5580000, 0x00000000d5c80000, 0x0000000100000000)
  eden space 3072K, 0% used [0x00000000d5580000,0x00000000d5580000,0x00000000d5880000)
  from space 1024K, 97% used [0x00000000d5880000,0x00000000d5978b38,0x00000000d5980000)
  to   space 1536K, 0% used [0x00000000d5b00000,0x00000000d5b00000,0x00000000d5c80000)
 ParOldGen       total 599040K, used 598718K [0x0000000080000000, 0x00000000a4900000, 0x00000000d5580000)
  object space 599040K, 99% used [0x0000000080000000,0x00000000a48afa08,0x00000000a4900000)
 Metaspace       used 86931K, committed 88640K, reserved 1179648K
  class space    used 10334K, committed 11072K, reserved 1048576K
}
Event: 585.856 GC heap before
{Heap before GC invocations=859 (full 3):
 PSYoungGen      total 4096K, used 4066K [0x00000000d5580000, 0x00000000d5c80000, 0x0000000100000000)
  eden space 3072K, 100% used [0x00000000d5580000,0x00000000d5880000,0x00000000d5880000)
  from space 1024K, 97% used [0x00000000d5880000,0x00000000d5978b38,0x00000000d5980000)
  to   space 1536K, 0% used [0x00000000d5b00000,0x00000000d5b00000,0x00000000d5c80000)
 ParOldGen       total 599040K, used 598718K [0x0000000080000000, 0x00000000a4900000, 0x00000000d5580000)
  object space 599040K, 99% used [0x0000000080000000,0x00000000a48afa08,0x00000000a4900000)
 Metaspace       used 86934K, committed 88640K, reserved 1179648K
  class space    used 10334K, committed 11072K, reserved 1048576K
}
Event: 585.858 GC heap after
{Heap after GC invocations=859 (full 3):
 PSYoungGen      total 5120K, used 650K [0x00000000d5580000, 0x00000000d5c00000, 0x0000000100000000)
  eden space 4096K, 0% used [0x00000000d5580000,0x00000000d5580000,0x00000000d5980000)
  from space 1024K, 63% used [0x00000000d5b00000,0x00000000d5ba2bc0,0x00000000d5c00000)
  to   space 1024K, 0% used [0x00000000d5a00000,0x00000000d5a00000,0x00000000d5b00000)
 ParOldGen       total 599552K, used 599429K [0x0000000080000000, 0x00000000a4980000, 0x00000000d5580000)
  object space 599552K, 99% used [0x0000000080000000,0x00000000a4961500,0x00000000a4980000)
 Metaspace       used 86934K, committed 88640K, reserved 1179648K
  class space    used 10334K, committed 11072K, reserved 1048576K
}
Event: 585.866 GC heap before
{Heap before GC invocations=860 (full 3):
 PSYoungGen      total 5120K, used 4746K [0x00000000d5580000, 0x00000000d5c00000, 0x0000000100000000)
  eden space 4096K, 100% used [0x00000000d5580000,0x00000000d5980000,0x00000000d5980000)
  from space 1024K, 63% used [0x00000000d5b00000,0x00000000d5ba2bc0,0x00000000d5c00000)
  to   space 1024K, 0% used [0x00000000d5a00000,0x00000000d5a00000,0x00000000d5b00000)
 ParOldGen       total 599552K, used 599429K [0x0000000080000000, 0x00000000a4980000, 0x00000000d5580000)
  object space 599552K, 99% used [0x0000000080000000,0x00000000a4961500,0x00000000a4980000)
 Metaspace       used 86935K, committed 88640K, reserved 1179648K
  class space    used 10334K, committed 11072K, reserved 1048576K
}
Event: 585.868 GC heap after
{Heap after GC invocations=860 (full 3):
 PSYoungGen      total 5632K, used 640K [0x00000000d5580000, 0x00000000d5c80000, 0x0000000100000000)
  eden space 4608K, 0% used [0x00000000d5580000,0x00000000d5580000,0x00000000d5a00000)
  from space 1024K, 62% used [0x00000000d5a00000,0x00000000d5aa0000,0x00000000d5b00000)
  to   space 1024K, 0% used [0x00000000d5b80000,0x00000000d5b80000,0x00000000d5c80000)
 ParOldGen       total 600064K, used 599928K [0x0000000080000000, 0x00000000a4a00000, 0x00000000d5580000)
  object space 600064K, 99% used [0x0000000080000000,0x00000000a49de0c0,0x00000000a4a00000)
 Metaspace       used 86935K, committed 88640K, reserved 1179648K
  class space    used 10334K, committed 11072K, reserved 1048576K
}
Event: 585.874 GC heap before
{Heap before GC invocations=861 (full 3):
 PSYoungGen      total 5632K, used 5248K [0x00000000d5580000, 0x00000000d5c80000, 0x0000000100000000)
  eden space 4608K, 100% used [0x00000000d5580000,0x00000000d5a00000,0x00000000d5a00000)
  from space 1024K, 62% used [0x00000000d5a00000,0x00000000d5aa0000,0x00000000d5b00000)
  to   space 1024K, 0% used [0x00000000d5b80000,0x00000000d5b80000,0x00000000d5c80000)
 ParOldGen       total 600064K, used 599928K [0x0000000080000000, 0x00000000a4a00000, 0x00000000d5580000)
  object space 600064K, 99% used [0x0000000080000000,0x00000000a49de0c0,0x00000000a4a00000)
 Metaspace       used 86939K, committed 88640K, reserved 1179648K
  class space    used 10334K, committed 11072K, reserved 1048576K
}
Event: 586.968 GC heap after
{Heap after GC invocations=861 (full 3):
 PSYoungGen      total 6144K, used 905K [0x00000000d5580000, 0x00000000d5d00000, 0x0000000100000000)
  eden space 5120K, 0% used [0x00000000d5580000,0x00000000d5580000,0x00000000d5a80000)
  from space 1024K, 88% used [0x00000000d5b80000,0x00000000d5c626d0,0x00000000d5c80000)
  to   space 1024K, 0% used [0x00000000d5a80000,0x00000000d5a80000,0x00000000d5b80000)
 ParOldGen       total 600576K, used 600399K [0x0000000080000000, 0x00000000a4a80000, 0x00000000d5580000)
  object space 600576K, 99% used [0x0000000080000000,0x00000000a4a53d38,0x00000000a4a80000)
 Metaspace       used 86939K, committed 88640K, reserved 1179648K
  class space    used 10334K, committed 11072K, reserved 1048576K
}

Dll operation events (15 events):
Event: 0.011 Loaded shared library c:\Users\DAFI\.vscode\extensions\redhat.java-1.54.0-win32-x64\jre\21.0.10-win32-x86_64\bin\java.dll
Event: 0.088 Loaded shared library c:\Users\DAFI\.vscode\extensions\redhat.java-1.54.0-win32-x64\jre\21.0.10-win32-x86_64\bin\zip.dll
Event: 0.116 Loaded shared library C:\Users\DAFI\.vscode\extensions\redhat.java-1.54.0-win32-x64\jre\21.0.10-win32-x86_64\bin\instrument.dll
Event: 0.124 Loaded shared library C:\Users\DAFI\.vscode\extensions\redhat.java-1.54.0-win32-x64\jre\21.0.10-win32-x86_64\bin\net.dll
Event: 0.127 Loaded shared library C:\Users\DAFI\.vscode\extensions\redhat.java-1.54.0-win32-x64\jre\21.0.10-win32-x86_64\bin\nio.dll
Event: 0.131 Loaded shared library C:\Users\DAFI\.vscode\extensions\redhat.java-1.54.0-win32-x64\jre\21.0.10-win32-x86_64\bin\zip.dll
Event: 0.151 Loaded shared library C:\Users\DAFI\.vscode\extensions\redhat.java-1.54.0-win32-x64\jre\21.0.10-win32-x86_64\bin\jimage.dll
Event: 0.252 Loaded shared library c:\Users\DAFI\.vscode\extensions\redhat.java-1.54.0-win32-x64\jre\21.0.10-win32-x86_64\bin\verify.dll
Event: 2.284 Loaded shared library C:\Users\DAFI\AppData\Roaming\Code\User\globalStorage\redhat.java\1.54.0\config_win\org.eclipse.equinox.launcher\org.eclipse.equinox.launcher.win32.win32.x86_64_1.3.0.v20260203-2149\eclipse_11919.dll
Event: 5.513 Loaded shared library C:\Users\DAFI\.vscode\extensions\redhat.java-1.54.0-win32-x64\jre\21.0.10-win32-x86_64\bin\management.dll
Event: 5.516 Loaded shared library C:\Users\DAFI\.vscode\extensions\redhat.java-1.54.0-win32-x64\jre\21.0.10-win32-x86_64\bin\management_ext.dll
Event: 6.847 Loaded shared library C:\Users\DAFI\AppData\Local\Temp\jna-2090496\jna10563302347759647066.dll
Event: 6.970 Loaded shared library C:\Users\DAFI\.vscode\extensions\redhat.java-1.54.0-win32-x64\jre\21.0.10-win32-x86_64\bin\sunmscapi.dll
Event: 7.573 Loaded shared library C:\Users\DAFI\.vscode\extensions\redhat.java-1.54.0-win32-x64\jre\21.0.10-win32-x86_64\bin\extnet.dll
Event: 13.315 Loaded shared library C:\Users\DAFI\.gradle\native\68d5fa5c4cc2d200863cafc0d521ce42e7d3e7ee720ec0a83991735586a16f82\windows-amd64\native-platform.dll

Deoptimization events (20 events):
Event: 585.820 Thread 0x00000228fe310a50 Uncommon trap: trap_request=0xffffffde fr.pc=0x00000228ed994d34 relative=0x00000000000067f4
Event: 585.820 Thread 0x00000228fe310a50 Uncommon trap: reason=class_check action=maybe_recompile pc=0x00000228ed994d34 method=lombok.patcher.PatchScript$MethodPatcher.visitMethod(ILjava/lang/String;Ljava/lang/String;Ljava/lang/String;[Ljava/lang/String;)Lorg/lombokweb/asm/MethodVisitor; @ 101 c
Event: 585.820 Thread 0x00000228fe310a50 DEOPT PACKING pc=0x00000228ed994d34 sp=0x000000ae526fa8f0
Event: 585.820 Thread 0x00000228fe310a50 DEOPT UNPACKING pc=0x00000228ed0b3aa2 sp=0x000000ae526fa858 mode 2
Event: 585.820 Thread 0x00000228fe310a50 Uncommon trap: trap_request=0xffffffde fr.pc=0x00000228ed994d34 relative=0x00000000000067f4
Event: 585.820 Thread 0x00000228fe310a50 Uncommon trap: reason=class_check action=maybe_recompile pc=0x00000228ed994d34 method=lombok.patcher.PatchScript$MethodPatcher.visitMethod(ILjava/lang/String;Ljava/lang/String;Ljava/lang/String;[Ljava/lang/String;)Lorg/lombokweb/asm/MethodVisitor; @ 101 c
Event: 585.820 Thread 0x00000228fe310a50 DEOPT PACKING pc=0x00000228ed994d34 sp=0x000000ae526fa8f0
Event: 585.820 Thread 0x00000228fe310a50 DEOPT UNPACKING pc=0x00000228ed0b3aa2 sp=0x000000ae526fa858 mode 2
Event: 585.820 Thread 0x00000228fe310a50 Uncommon trap: trap_request=0xffffffde fr.pc=0x00000228ed994d34 relative=0x00000000000067f4
Event: 585.820 Thread 0x00000228fe310a50 Uncommon trap: reason=class_check action=maybe_recompile pc=0x00000228ed994d34 method=lombok.patcher.PatchScript$MethodPatcher.visitMethod(ILjava/lang/String;Ljava/lang/String;Ljava/lang/String;[Ljava/lang/String;)Lorg/lombokweb/asm/MethodVisitor; @ 101 c
Event: 585.820 Thread 0x00000228fe310a50 DEOPT PACKING pc=0x00000228ed994d34 sp=0x000000ae526fa8f0
Event: 585.820 Thread 0x00000228fe310a50 DEOPT UNPACKING pc=0x00000228ed0b3aa2 sp=0x000000ae526fa858 mode 2
Event: 585.820 Thread 0x00000228fe310a50 Uncommon trap: trap_request=0xffffffde fr.pc=0x00000228ed994d34 relative=0x00000000000067f4
Event: 585.820 Thread 0x00000228fe310a50 Uncommon trap: reason=class_check action=maybe_recompile pc=0x00000228ed994d34 method=lombok.patcher.PatchScript$MethodPatcher.visitMethod(ILjava/lang/String;Ljava/lang/String;Ljava/lang/String;[Ljava/lang/String;)Lorg/lombokweb/asm/MethodVisitor; @ 101 c
Event: 585.820 Thread 0x00000228fe310a50 DEOPT PACKING pc=0x00000228ed994d34 sp=0x000000ae526fa8f0
Event: 585.820 Thread 0x00000228fe310a50 DEOPT UNPACKING pc=0x00000228ed0b3aa2 sp=0x000000ae526fa858 mode 2
Event: 585.820 Thread 0x00000228fe310a50 Uncommon trap: trap_request=0xffffffde fr.pc=0x00000228ed960880 relative=0x0000000000001140
Event: 585.820 Thread 0x00000228fe310a50 Uncommon trap: reason=class_check action=maybe_recompile pc=0x00000228ed960880 method=lombok.patcher.PatchScript$MethodPatcher.visitMethod(ILjava/lang/String;Ljava/lang/String;Ljava/lang/String;[Ljava/lang/String;)Lorg/lombokweb/asm/MethodVisitor; @ 101 c
Event: 585.820 Thread 0x00000228fe310a50 DEOPT PACKING pc=0x00000228ed960880 sp=0x000000ae526fa860
Event: 585.820 Thread 0x00000228fe310a50 DEOPT UNPACKING pc=0x00000228ed0b3aa2 sp=0x000000ae526fa858 mode 2

Classes loaded (20 events):
Event: 571.959 Loading class java/util/Collections$SynchronizedList done
Event: 571.959 Loading class java/util/Collections$SynchronizedRandomAccessList done
Event: 571.976 Loading class java/util/CollSer
Event: 571.976 Loading class java/util/CollSer done
Event: 571.987 Loading class java/util/concurrent/CompletableFuture$Signaller
Event: 571.988 Loading class java/util/concurrent/CompletableFuture$Signaller done
Event: 572.050 Loading class java/util/regex/PatternSyntaxException
Event: 572.050 Loading class java/util/regex/PatternSyntaxException done
Event: 582.912 Loading class sun/net/ConnectionResetException
Event: 582.913 Loading class sun/net/ConnectionResetException done
Event: 583.207 Loading class java/nio/file/attribute/PosixFileAttributes
Event: 583.207 Loading class java/nio/file/attribute/PosixFileAttributes done
Event: 583.230 Loading class java/nio/file/attribute/PosixFileAttributeView
Event: 583.231 Loading class java/nio/file/attribute/PosixFileAttributeView done
Event: 583.294 Loading class java/nio/file/DirectoryIteratorException
Event: 583.294 Loading class java/nio/file/DirectoryIteratorException done
Event: 584.897 Loading class java/nio/file/FileTreeIterator
Event: 584.898 Loading class java/nio/file/FileTreeIterator done
Event: 585.655 Loading class java/lang/StringLatin1$LinesSpliterator
Event: 585.655 Loading class java/lang/StringLatin1$LinesSpliterator done

Classes unloaded (7 events):
Event: 6.190 Thread 0x00000228fa983470 Unloading class 0x00000228811ad400 'java/lang/invoke/LambdaForm$MH+0x00000228811ad400'
Event: 6.190 Thread 0x00000228fa983470 Unloading class 0x00000228811ad000 'java/lang/invoke/LambdaForm$MH+0x00000228811ad000'
Event: 6.190 Thread 0x00000228fa983470 Unloading class 0x00000228811acc00 'java/lang/invoke/LambdaForm$MH+0x00000228811acc00'
Event: 6.190 Thread 0x00000228fa983470 Unloading class 0x00000228811ac800 'java/lang/invoke/LambdaForm$MH+0x00000228811ac800'
Event: 6.190 Thread 0x00000228fa983470 Unloading class 0x00000228811ac400 'java/lang/invoke/LambdaForm$BMH+0x00000228811ac400'
Event: 6.190 Thread 0x00000228fa983470 Unloading class 0x00000228811ac000 'java/lang/invoke/LambdaForm$DMH+0x00000228811ac000'
Event: 6.190 Thread 0x00000228fa983470 Unloading class 0x00000228811aac00 'java/lang/invoke/LambdaForm$DMH+0x00000228811aac00'

Classes redefined (0 events):
No events

Internal exceptions (20 events):
Event: 583.786 Thread 0x00000228ccb0f220 Exception <a 'sun/nio/fs/WindowsException'{0x00000000d55e2738}> (0x00000000d55e2738) 
thrown [s\src\hotspot\share\prims\jni.cpp, line 520]
Event: 583.786 Thread 0x00000228ccb0f8b0 Exception <a 'sun/nio/fs/WindowsException'{0x00000000d5645d40}> (0x00000000d5645d40) 
thrown [s\src\hotspot\share\prims\jni.cpp, line 520]
Event: 583.787 Thread 0x00000228ccb0c430 Exception <a 'sun/nio/fs/WindowsException'{0x00000000d56833f8}> (0x00000000d56833f8) 
thrown [s\src\hotspot\share\prims\jni.cpp, line 520]
Event: 583.787 Thread 0x00000228ccb105d0 Exception <a 'sun/nio/fs/WindowsException'{0x00000000d56c21e8}> (0x00000000d56c21e8) 
thrown [s\src\hotspot\share\prims\jni.cpp, line 520]
Event: 583.787 Thread 0x00000228ccb10c60 Exception <a 'sun/nio/fs/WindowsException'{0x00000000d56d9da0}> (0x00000000d56d9da0) 
thrown [s\src\hotspot\share\prims\jni.cpp, line 520]
Event: 583.787 Thread 0x00000228ccb0ff40 Exception <a 'sun/nio/fs/WindowsException'{0x00000000d56b4808}> (0x00000000d56b4808) 
thrown [s\src\hotspot\share\prims\jni.cpp, line 520]
Event: 583.802 Thread 0x00000228fe310a50 Exception <a 'sun/nio/fs/WindowsException'{0x00000000d56a33f8}> (0x00000000d56a33f8) 
thrown [s\src\hotspot\share\prims\jni.cpp, line 520]
Event: 583.807 Thread 0x00000228fe310a50 Exception <a 'sun/nio/fs/WindowsException'{0x00000000d56fb010}> (0x00000000d56fb010) 
thrown [s\src\hotspot\share\prims\jni.cpp, line 520]
Event: 583.808 Thread 0x00000228fc463250 Exception <a 'sun/nio/fs/WindowsException'{0x00000000d56e3100}> (0x00000000d56e3100) 
thrown [s\src\hotspot\share\prims\jni.cpp, line 520]
Event: 583.812 Thread 0x00000228fe310a50 Exception <a 'sun/nio/fs/WindowsException'{0x00000000d570a848}> (0x00000000d570a848) 
thrown [s\src\hotspot\share\prims\jni.cpp, line 520]
Event: 583.818 Thread 0x00000228fe310a50 Exception <a 'sun/nio/fs/WindowsException'{0x00000000d5721580}> (0x00000000d5721580) 
thrown [s\src\hotspot\share\prims\jni.cpp, line 520]
Event: 583.827 Thread 0x00000228fc463250 Exception <a 'sun/nio/fs/WindowsException'{0x00000000d572b9c8}> (0x00000000d572b9c8) 
thrown [s\src\hotspot\share\prims\jni.cpp, line 520]
Event: 583.847 Thread 0x00000228fc463250 Exception <a 'sun/nio/fs/WindowsException'{0x00000000d57bf840}> (0x00000000d57bf840) 
thrown [s\src\hotspot\share\prims\jni.cpp, line 520]
Event: 584.194 Thread 0x00000228fc463250 Exception <a 'sun/nio/fs/WindowsException'{0x00000000d57994b8}> (0x00000000d57994b8) 
thrown [s\src\hotspot\share\prims\jni.cpp, line 520]
Event: 584.216 Thread 0x00000228fc463250 Exception <a 'sun/nio/fs/WindowsException'{0x00000000d55835f0}> (0x00000000d55835f0) 
thrown [s\src\hotspot\share\prims\jni.cpp, line 520]
Event: 584.268 Thread 0x00000228fc463250 Exception <a 'sun/nio/fs/WindowsException'{0x00000000d56b56d0}> (0x00000000d56b56d0) 
thrown [s\src\hotspot\share\prims\jni.cpp, line 520]
Event: 584.380 Thread 0x00000228fc463250 Exception <a 'sun/nio/fs/WindowsException'{0x00000000d5811ca0}> (0x00000000d5811ca0) 
thrown [s\src\hotspot\share\prims\jni.cpp, line 520]
Event: 585.242 Thread 0x00000228fe310a50 Exception <a 'java/lang/NoSuchMethodError'{0x00000000d571b560}: 'java.lang.Object java.lang.invoke.DirectMethodHandle$Holder.invokeStatic(java.lang.Object, java.lang.Object, int, int)'> (0x00000000d571b560) 
thrown [s\src\hotspot\share\interpreter\linkResolver.cpp, line 773]
Event: 585.243 Thread 0x00000228fe310a50 Exception <a 'java/lang/NoSuchMethodError'{0x00000000d5753558}: 'java.lang.Object java.lang.invoke.DirectMethodHandle$Holder.invokeSpecial(java.lang.Object, java.lang.Object, java.lang.Object, int, int)'> (0x00000000d5753558) 
thrown [s\src\hotspot\share\interpreter\linkResolver.cpp, line 773]
Event: 585.655 Thread 0x00000228fe310a50 Exception <a 'java/lang/NoSuchMethodError'{0x00000000d5925a00}: 'java.lang.Object java.lang.invoke.DirectMethodHandle$Holder.invokeStatic(java.lang.Object, int, java.lang.Object)'> (0x00000000d5925a00) 
thrown [s\src\hotspot\share\interpreter\linkResolver.cpp, line 773]

ZGC Phase Switch (0 events):
No events

VM Operations (20 events):
Event: 585.810 Executing safepoint VM operation: ParallelGCFailedAllocation (Allocation Failure)
Event: 585.812 Executing safepoint VM operation: ParallelGCFailedAllocation (Allocation Failure) done
Event: 585.816 Executing safepoint VM operation: ParallelGCFailedAllocation (Allocation Failure)
Event: 585.818 Executing safepoint VM operation: ParallelGCFailedAllocation (Allocation Failure) done
Event: 585.822 Executing safepoint VM operation: ParallelGCFailedAllocation (Allocation Failure)
Event: 585.824 Executing safepoint VM operation: ParallelGCFailedAllocation (Allocation Failure) done
Event: 585.829 Executing safepoint VM operation: ParallelGCFailedAllocation (Allocation Failure)
Event: 585.831 Executing safepoint VM operation: ParallelGCFailedAllocation (Allocation Failure) done
Event: 585.836 Executing safepoint VM operation: ParallelGCFailedAllocation (Allocation Failure)
Event: 585.837 Executing safepoint VM operation: ParallelGCFailedAllocation (Allocation Failure) done
Event: 585.840 Executing safepoint VM operation: ParallelGCFailedAllocation (Allocation Failure)
Event: 585.843 Executing safepoint VM operation: ParallelGCFailedAllocation (Allocation Failure) done
Event: 585.848 Executing safepoint VM operation: ParallelGCFailedAllocation (Allocation Failure)
Event: 585.850 Executing safepoint VM operation: ParallelGCFailedAllocation (Allocation Failure) done
Event: 585.856 Executing safepoint VM operation: ParallelGCFailedAllocation (Allocation Failure)
Event: 585.858 Executing safepoint VM operation: ParallelGCFailedAllocation (Allocation Failure) done
Event: 585.866 Executing safepoint VM operation: ParallelGCFailedAllocation (Allocation Failure)
Event: 585.868 Executing safepoint VM operation: ParallelGCFailedAllocation (Allocation Failure) done
Event: 585.874 Executing safepoint VM operation: ParallelGCFailedAllocation (Allocation Failure)
Event: 586.968 Executing safepoint VM operation: ParallelGCFailedAllocation (Allocation Failure) done

Memory protections (0 events):
No events

Nmethod flushes (20 events):
Event: 14.877 Thread 0x00000228fa983470 flushing  nmethod 0x00000228e64c7010
Event: 14.877 Thread 0x00000228fa983470 flushing  nmethod 0x00000228e64c9c10
Event: 14.877 Thread 0x00000228fa983470 flushing  nmethod 0x00000228e64cd110
Event: 14.877 Thread 0x00000228fa983470 flushing  nmethod 0x00000228e64cda90
Event: 14.877 Thread 0x00000228fa983470 flushing  nmethod 0x00000228e6509610
Event: 14.877 Thread 0x00000228fa983470 flushing  nmethod 0x00000228e650df90
Event: 14.877 Thread 0x00000228fa983470 flushing  nmethod 0x00000228e650eb90
Event: 14.877 Thread 0x00000228fa983470 flushing  nmethod 0x00000228e650fb10
Event: 14.877 Thread 0x00000228fa983470 flushing  nmethod 0x00000228e6510110
Event: 14.877 Thread 0x00000228fa983470 flushing  nmethod 0x00000228e6510990
Event: 14.877 Thread 0x00000228fa983470 flushing  nmethod 0x00000228e6512790
Event: 14.877 Thread 0x00000228fa983470 flushing  nmethod 0x00000228e6536290
Event: 14.877 Thread 0x00000228fa983470 flushing  nmethod 0x00000228e6549090
Event: 14.877 Thread 0x00000228fa983470 flushing  nmethod 0x00000228e6551090
Event: 14.877 Thread 0x00000228fa983470 flushing  nmethod 0x00000228e6563a10
Event: 14.877 Thread 0x00000228fa983470 flushing  nmethod 0x00000228e65bd310
Event: 14.877 Thread 0x00000228fa983470 flushing  nmethod 0x00000228e65d9190
Event: 14.877 Thread 0x00000228fa983470 flushing  nmethod 0x00000228e65e7b10
Event: 14.877 Thread 0x00000228fa983470 flushing  nmethod 0x00000228e6610790
Event: 14.877 Thread 0x00000228fa983470 flushing  nmethod 0x00000228e6619a90

Events (20 events):
Event: 583.788 Thread 0x00000228ccb0f220 Thread added: 0x00000228ccb133c0
Event: 583.788 Thread 0x00000228ccb105d0 Thread added: 0x00000228ccb13a50
Event: 583.788 Thread 0x00000228ccb0c430 Thread added: 0x00000228ccb12d30
Event: 583.845 Thread 0x00000228fe310a50 Thread added: 0x00000228ccb12010
Event: 583.845 Thread 0x00000228fe310a50 Thread added: 0x00000228ccb126a0
Event: 583.845 Thread 0x00000228fe310a50 Thread added: 0x00000228fe311e00
Event: 583.845 Thread 0x00000228fe310a50 Thread added: 0x00000228fe3179e0
Event: 583.845 Thread 0x00000228fe310a50 Thread added: 0x00000228fd5ea430
Event: 583.845 Thread 0x00000228fe310a50 Thread added: 0x00000228fd5eaac0
Event: 583.846 Thread 0x00000228fe3179e0 Thread added: 0x00000228c695baf0
Event: 583.847 Thread 0x00000228fd5eaac0 Thread added: 0x00000228c695c180
Event: 583.848 Thread 0x00000228ccb12010 Thread added: 0x00000228c695c810
Event: 583.848 Thread 0x00000228c695c180 Thread added: 0x00000228c695a740
Event: 583.848 Thread 0x00000228c695baf0 Thread added: 0x00000228c6959390
Event: 583.849 Thread 0x00000228fe310a50 Thread added: 0x00000228c6959a20
Event: 583.849 Thread 0x00000228fe310a50 Thread added: 0x00000228c695b460
Event: 583.849 Thread 0x00000228fe310a50 Thread added: 0x00000228c695cea0
Event: 584.654 Thread 0x00000228c6af6ca0 Thread exited: 0x00000228c6af6ca0
Event: 584.905 Thread 0x00000228fa9cd8f0 Thread added: 0x00000228c6af6ca0
Event: 584.915 Thread 0x00000228fa9cd8f0 Thread added: 0x00000228ffe36060


Dynamic libraries:
0x00007ff6229d0000 - 0x00007ff6229de000 	c:\Users\DAFI\.vscode\extensions\redhat.java-1.54.0-win32-x64\jre\21.0.10-win32-x86_64\bin\java.exe
0x00007ffb4a2e0000 - 0x00007ffb4a548000 	C:\WINDOWS\SYSTEM32\ntdll.dll
0x00007ffb49570000 - 0x00007ffb49639000 	C:\WINDOWS\System32\KERNEL32.DLL
0x00007ffb47a80000 - 0x00007ffb47e6d000 	C:\WINDOWS\System32\KERNELBASE.dll
0x00007ffb475b0000 - 0x00007ffb476fb000 	C:\WINDOWS\System32\ucrtbase.dll
0x00007ffb2a0a0000 - 0x00007ffb2a0be000 	c:\Users\DAFI\.vscode\extensions\redhat.java-1.54.0-win32-x64\jre\21.0.10-win32-x86_64\bin\VCRUNTIME140.dll
0x00007ffb34940000 - 0x00007ffb34958000 	c:\Users\DAFI\.vscode\extensions\redhat.java-1.54.0-win32-x64\jre\21.0.10-win32-x86_64\bin\jli.dll
0x00007ffb49ba0000 - 0x00007ffb49d6c000 	C:\WINDOWS\System32\USER32.dll
0x00007ffb35580000 - 0x00007ffb3581a000 	C:\WINDOWS\WinSxS\amd64_microsoft.windows.common-controls_6595b64144ccf1df_6.0.26100.4484_none_3e0e6d4ce32ef3b3\COMCTL32.dll
0x00007ffb48050000 - 0x00007ffb48077000 	C:\WINDOWS\System32\win32u.dll
0x00007ffb49370000 - 0x00007ffb49419000 	C:\WINDOWS\System32\msvcrt.dll
0x00007ffb49730000 - 0x00007ffb4975b000 	C:\WINDOWS\System32\GDI32.dll
0x00007ffb47940000 - 0x00007ffb47a77000 	C:\WINDOWS\System32\gdi32full.dll
0x00007ffb47fa0000 - 0x00007ffb48043000 	C:\WINDOWS\System32\msvcp_win.dll
0x00007ffb49a10000 - 0x00007ffb49a3f000 	C:\WINDOWS\System32\IMM32.DLL
0x00007ffb37240000 - 0x00007ffb3724c000 	c:\Users\DAFI\.vscode\extensions\redhat.java-1.54.0-win32-x64\jre\21.0.10-win32-x86_64\bin\vcruntime140_1.dll
0x00007ffb21090000 - 0x00007ffb2111d000 	c:\Users\DAFI\.vscode\extensions\redhat.java-1.54.0-win32-x64\jre\21.0.10-win32-x86_64\bin\msvcp140.dll
0x00007ffa59350000 - 0x00007ffa5a0f1000 	c:\Users\DAFI\.vscode\extensions\redhat.java-1.54.0-win32-x64\jre\21.0.10-win32-x86_64\bin\server\jvm.dll
0x00007ffb48080000 - 0x00007ffb48134000 	C:\WINDOWS\System32\ADVAPI32.dll
0x00007ffb49a50000 - 0x00007ffb49af6000 	C:\WINDOWS\System32\sechost.dll
0x00007ffb49040000 - 0x00007ffb49158000 	C:\WINDOWS\System32\RPCRT4.dll
0x00007ffb49b20000 - 0x00007ffb49b94000 	C:\WINDOWS\System32\WS2_32.dll
0x00007ffb472a0000 - 0x00007ffb472fe000 	C:\WINDOWS\SYSTEM32\POWRPROF.dll
0x00007ffb3c6c0000 - 0x00007ffb3c6f5000 	C:\WINDOWS\SYSTEM32\WINMM.dll
0x00007ffb3fd60000 - 0x00007ffb3fd6b000 	C:\WINDOWS\SYSTEM32\VERSION.dll
0x00007ffb47280000 - 0x00007ffb47294000 	C:\WINDOWS\SYSTEM32\UMPDC.dll
0x00007ffb461d0000 - 0x00007ffb461eb000 	C:\WINDOWS\SYSTEM32\kernel.appcore.dll
0x00007ffb35aa0000 - 0x00007ffb35aaa000 	c:\Users\DAFI\.vscode\extensions\redhat.java-1.54.0-win32-x64\jre\21.0.10-win32-x86_64\bin\jimage.dll
0x00007ffb44de0000 - 0x00007ffb45021000 	C:\WINDOWS\SYSTEM32\DBGHELP.DLL
0x00007ffb48170000 - 0x00007ffb484f6000 	C:\WINDOWS\System32\combase.dll
0x00007ffb49640000 - 0x00007ffb49720000 	C:\WINDOWS\System32\OLEAUT32.dll
0x00007ffb32700000 - 0x00007ffb32743000 	C:\WINDOWS\SYSTEM32\dbgcore.DLL
0x00007ffb47f00000 - 0x00007ffb47f99000 	C:\WINDOWS\System32\bcryptPrimitives.dll
0x00007ffb2a060000 - 0x00007ffb2a06f000 	c:\Users\DAFI\.vscode\extensions\redhat.java-1.54.0-win32-x64\jre\21.0.10-win32-x86_64\bin\instrument.dll
0x00007ffb28ec0000 - 0x00007ffb28ee0000 	c:\Users\DAFI\.vscode\extensions\redhat.java-1.54.0-win32-x64\jre\21.0.10-win32-x86_64\bin\java.dll
0x00007ffb48740000 - 0x00007ffb48e8a000 	C:\WINDOWS\System32\SHELL32.dll
0x00007ffb47700000 - 0x00007ffb47874000 	C:\WINDOWS\System32\wintypes.dll
0x00007ffb45060000 - 0x00007ffb458bb000 	C:\WINDOWS\SYSTEM32\windows.storage.dll
0x00007ffb48f40000 - 0x00007ffb49035000 	C:\WINDOWS\System32\SHCORE.dll
0x00007ffb49760000 - 0x00007ffb497ca000 	C:\WINDOWS\System32\shlwapi.dll
0x00007ffb47340000 - 0x00007ffb4736f000 	C:\WINDOWS\SYSTEM32\profapi.dll
0x00007ffb27930000 - 0x00007ffb27948000 	c:\Users\DAFI\.vscode\extensions\redhat.java-1.54.0-win32-x64\jre\21.0.10-win32-x86_64\bin\zip.dll
0x00007ffb34890000 - 0x00007ffb348a0000 	C:\Users\DAFI\.vscode\extensions\redhat.java-1.54.0-win32-x64\jre\21.0.10-win32-x86_64\bin\net.dll
0x00007ffb3f9d0000 - 0x00007ffb3faee000 	C:\WINDOWS\SYSTEM32\WINHTTP.dll
0x00007ffb46760000 - 0x00007ffb467ca000 	C:\WINDOWS\system32\mswsock.dll
0x00007ffb230a0000 - 0x00007ffb230b6000 	C:\Users\DAFI\.vscode\extensions\redhat.java-1.54.0-win32-x64\jre\21.0.10-win32-x86_64\bin\nio.dll
0x00007ffb27fc0000 - 0x00007ffb27fd0000 	c:\Users\DAFI\.vscode\extensions\redhat.java-1.54.0-win32-x64\jre\21.0.10-win32-x86_64\bin\verify.dll
0x00007ffb21040000 - 0x00007ffb21085000 	C:\Users\DAFI\AppData\Roaming\Code\User\globalStorage\redhat.java\1.54.0\config_win\org.eclipse.equinox.launcher\org.eclipse.equinox.launcher.win32.win32.x86_64_1.3.0.v20260203-2149\eclipse_11919.dll
0x00007ffb49850000 - 0x00007ffb499ee000 	C:\WINDOWS\System32\ole32.dll
0x00007ffb225a0000 - 0x00007ffb225aa000 	C:\Users\DAFI\.vscode\extensions\redhat.java-1.54.0-win32-x64\jre\21.0.10-win32-x86_64\bin\management.dll
0x00007ffb21180000 - 0x00007ffb2118c000 	C:\Users\DAFI\.vscode\extensions\redhat.java-1.54.0-win32-x64\jre\21.0.10-win32-x86_64\bin\management_ext.dll
0x00007ffb49d70000 - 0x00007ffb49d78000 	C:\WINDOWS\System32\PSAPI.DLL
0x00007ffb46a10000 - 0x00007ffb46a2b000 	C:\WINDOWS\SYSTEM32\CRYPTSP.dll
0x00007ffb46130000 - 0x00007ffb4616b000 	C:\WINDOWS\system32\rsaenh.dll
0x00007ffb46800000 - 0x00007ffb4682b000 	C:\WINDOWS\SYSTEM32\USERENV.dll
0x00007ffb47310000 - 0x00007ffb47336000 	C:\WINDOWS\SYSTEM32\bcrypt.dll
0x00007ffb46a30000 - 0x00007ffb46a3c000 	C:\WINDOWS\SYSTEM32\CRYPTBASE.dll
0x00007ffb45bb0000 - 0x00007ffb45be3000 	C:\WINDOWS\SYSTEM32\IPHLPAPI.DLL
0x00007ffb49d80000 - 0x00007ffb49d8a000 	C:\WINDOWS\System32\NSI.dll
0x00007ffafe1c0000 - 0x00007ffafe209000 	C:\Users\DAFI\AppData\Local\Temp\jna-2090496\jna10563302347759647066.dll
0x00007ffb3fd70000 - 0x00007ffb3fd8f000 	C:\WINDOWS\SYSTEM32\dhcpcsvc6.DLL
0x00007ffb3f930000 - 0x00007ffb3f955000 	C:\WINDOWS\SYSTEM32\dhcpcsvc.DLL
0x00007ffb225c0000 - 0x00007ffb225ce000 	C:\Users\DAFI\.vscode\extensions\redhat.java-1.54.0-win32-x64\jre\21.0.10-win32-x86_64\bin\sunmscapi.dll
0x00007ffb47430000 - 0x00007ffb475a7000 	C:\WINDOWS\System32\CRYPT32.dll
0x00007ffb46bb0000 - 0x00007ffb46be0000 	C:\WINDOWS\SYSTEM32\ncrypt.dll
0x00007ffb46b60000 - 0x00007ffb46b9f000 	C:\WINDOWS\SYSTEM32\NTASN1.dll
0x00007ffb45bf0000 - 0x00007ffb45d16000 	C:\WINDOWS\SYSTEM32\DNSAPI.dll
0x00007ffb3c9a0000 - 0x00007ffb3c9ab000 	C:\Windows\System32\rasadhlp.dll
0x00007ffb3df30000 - 0x00007ffb3dfb6000 	C:\WINDOWS\System32\fwpuclnt.dll
0x00007ffb225b0000 - 0x00007ffb225b9000 	C:\Users\DAFI\.vscode\extensions\redhat.java-1.54.0-win32-x64\jre\21.0.10-win32-x86_64\bin\extnet.dll
0x00007ffb20fc0000 - 0x00007ffb20fe7000 	C:\Users\DAFI\.gradle\native\68d5fa5c4cc2d200863cafc0d521ce42e7d3e7ee720ec0a83991735586a16f82\windows-amd64\native-platform.dll
0x00007ffb43e70000 - 0x00007ffb43f0e000 	C:\WINDOWS\system32\apphelp.dll
0x00007ffb35190000 - 0x00007ffb35198000 	C:\WINDOWS\system32\wshunix.dll

JVMTI agents:
c:\Users\DAFI\.vscode\extensions\redhat.java-1.54.0-win32-x64\lombok\lombok-1.18.39-4050.jar path:c:\Users\DAFI\.vscode\extensions\redhat.java-1.54.0-win32-x64\jre\21.0.10-win32-x86_64\bin\instrument.dll, loaded, initialized, instrumentlib options:none

dbghelp: loaded successfully - version: 4.0.5 - missing functions: none
symbol engine: initialized successfully - sym options: 0x614 - pdb path: .;c:\Users\DAFI\.vscode\extensions\redhat.java-1.54.0-win32-x64\jre\21.0.10-win32-x86_64\bin;C:\WINDOWS\SYSTEM32;C:\WINDOWS\WinSxS\amd64_microsoft.windows.common-controls_6595b64144ccf1df_6.0.26100.4484_none_3e0e6d4ce32ef3b3;c:\Users\DAFI\.vscode\extensions\redhat.java-1.54.0-win32-x64\jre\21.0.10-win32-x86_64\bin\server;C:\Users\DAFI\AppData\Roaming\Code\User\globalStorage\redhat.java\1.54.0\config_win\org.eclipse.equinox.launcher\org.eclipse.equinox.launcher.win32.win32.x86_64_1.3.0.v20260203-2149;C:\Users\DAFI\AppData\Local\Temp\jna-2090496;C:\Users\DAFI\.gradle\native\68d5fa5c4cc2d200863cafc0d521ce42e7d3e7ee720ec0a83991735586a16f82\windows-amd64

VM Arguments:
jvm_args: --add-modules=ALL-SYSTEM --add-opens=java.base/java.util=ALL-UNNAMED --add-opens=java.base/java.lang=ALL-UNNAMED --add-opens=java.base/sun.nio.fs=ALL-UNNAMED -Declipse.application=org.eclipse.jdt.ls.core.id1 -Dosgi.bundles.defaultStartLevel=4 -Declipse.product=org.eclipse.jdt.ls.core.product -Djava.import.generatesMetadataFilesAtProjectRoot=false -DDetectVMInstallationsJob.disabled=true -Dfile.encoding=utf8 -XX:+UseParallelGC -XX:GCTimeRatio=4 -XX:AdaptiveSizePolicyWeight=90 -Dsun.zip.disableMemoryMapping=true -Xmx2G -Xms100m -Xlog:disable -javaagent:c:\Users\DAFI\.vscode\extensions\redhat.java-1.54.0-win32-x64\lombok\lombok-1.18.39-4050.jar -XX:+HeapDumpOnOutOfMemoryError -XX:HeapDumpPath=c:\Users\DAFI\AppData\Roaming\Code\User\workspaceStorage\b3098715b65234425903ca9bb6a7651f\redhat.java -Daether.dependencyCollector.impl=bf 
java_command: c:\Users\DAFI\.vscode\extensions\redhat.java-1.54.0-win32-x64\server\plugins\org.eclipse.equinox.launcher_1.7.100.v20251111-0406.jar -configuration c:\Users\DAFI\AppData\Roaming\Code\User\globalStorage\redhat.java\1.54.0\config_win -data c:\Users\DAFI\AppData\Roaming\Code\User\workspaceStorage\b3098715b65234425903ca9bb6a7651f\redhat.java\jdt_ws --pipe=\\.\pipe\lsp-4afab29342e4d4a40af8e2c8677e5b13-sock
java_class_path (initial): c:\Users\DAFI\.vscode\extensions\redhat.java-1.54.0-win32-x64\server\plugins\org.eclipse.equinox.launcher_1.7.100.v20251111-0406.jar
Launcher Type: SUN_STANDARD

[Global flags]
    uintx AdaptiveSizePolicyWeight                 = 90                                        {product} {command line}
     intx CICompilerCount                          = 12                                        {product} {ergonomic}
    uintx GCTimeRatio                              = 4                                         {product} {command line}
     bool HeapDumpOnOutOfMemoryError               = true                                   {manageable} {command line}
    ccstr HeapDumpPath                             = c:\Users\DAFI\AppData\Roaming\Code\User\workspaceStorage\b3098715b65234425903ca9bb6a7651f\redhat.java         {manageable} {command line}
   size_t InitialHeapSize                          = 104857600                                 {product} {command line}
   size_t MaxHeapSize                              = 2147483648                                {product} {command line}
   size_t MaxNewSize                               = 715653120                                 {product} {ergonomic}
   size_t MinHeapDeltaBytes                        = 524288                                    {product} {ergonomic}
   size_t MinHeapSize                              = 104857600                                 {product} {command line}
   size_t NewSize                                  = 34603008                                  {product} {ergonomic}
    uintx NonNMethodCodeHeapSize                   = 7602480                                {pd product} {ergonomic}
    uintx NonProfiledCodeHeapSize                  = 122027880                              {pd product} {ergonomic}
   size_t OldSize                                  = 70254592                                  {product} {ergonomic}
    uintx ProfiledCodeHeapSize                     = 122027880                              {pd product} {ergonomic}
    uintx ReservedCodeCacheSize                    = 251658240                              {pd product} {ergonomic}
     bool SegmentedCodeCache                       = true                                      {product} {ergonomic}
   size_t SoftMaxHeapSize                          = 2147483648                             {manageable} {ergonomic}
     bool UseCompressedOops                        = true                           {product lp64_product} {ergonomic}
     bool UseLargePagesIndividualAllocation        = false                                  {pd product} {ergonomic}
     bool UseParallelGC                            = true                                      {product} {command line}

Logging:
Log output configuration:
 #0: stdout all=off uptime,level,tags foldmultilines=false
 #1: stderr all=off uptime,level,tags foldmultilines=false

Release file:
JAVA_VERSION="21.0.10" 
MODULES="java.base java.compiler java.datatransfer java.xml java.prefs java.desktop java.instrument java.logging java.management java.security.sasl java.naming java.rmi java.management.rmi java.net.http java.scripting java.security.jgss java.transaction.xa java.sql java.sql.rowset java.xml.crypto java.se java.smartcardio jdk.accessibility jdk.internal.jvmstat jdk.attach jdk.charsets jdk.internal.opt jdk.zipfs jdk.compiler jdk.crypto.ec jdk.crypto.cryptoki jdk.crypto.mscapi jdk.dynalink jdk.internal.ed jdk.editpad jdk.hotspot.agent jdk.httpserver jdk.internal.le jdk.internal.vm.ci jdk.internal.vm.compiler jdk.internal.vm.compiler.management jdk.jartool jdk.javadoc jdk.jcmd jdk.management jdk.management.agent jdk.jconsole jdk.jdeps jdk.jdwp.agent jdk.jdi jdk.jfr jdk.jshell jdk.jsobject jdk.jstatd jdk.localedata jdk.management.jfr jdk.naming.dns jdk.naming.rmi jdk.net jdk.nio.mapmode jdk.random jdk.sctp jdk.security.auth jdk.security.jgss jdk.unsupported jdk.unsupported.desktop jdk.xml.dom" 

Environment Variables:
PATH=C:\Users\DAFI\AppData\Local\Programs\Microsoft VS Code;C:\Python314\Scripts\;C:\Python314\;D:\Program Files\Python\Scripts\;D:\Program Files\Python\;C:\db_home\bin;C:\Oracle_21c\WINDOWS.X64_213000_db_home\bin;D:\app\dafi\product\12.2.0\dbhome_1\bin;D:\app\DAFI\virtual\product\12.2.0\dbhome_1\bin;C:\Program Files\Common Files\Oracle\Java\javapath;C:\Program Files (x86)\Common Files\Oracle\Java\java8path;C:\Program Files (x86)\Common Files\Oracle\Java\javapath;C:\Program Files (x86)\Common Files\Intel\Shared Files\cpp\bin\Intel64;C:\WINDOWS\system32;C:\WINDOWS;C:\WINDOWS\System32\Wbem;C:\WINDOWS\System32\WindowsPowerShell\v1.0\;C:\WINDOWS\System32\OpenSSH\;C:\Program Files\MySQL\MySQL Server 8.0\bin;C:\ProgramData\chocolatey\bin;C:\Program Files\Git\cmd;C:\Program Files (x86)\QuickTime\QTSystem\;C:\xampp\php;C:\ProgramData\ComposerSetup\bin;C:\Gradle\gradle-7.3\bin;C:\JavaFX\javafx-sdk-19\bin;C:\Program Files\WireGuard\;C:\Program Files\Java\jdk-22\bin;C:\Program Files\MongoDB\Server\7.0\bin;C:\Users\DAFI\AppData\Local\Packages\PythonSoftwareFoundation.Python.3.12_qbz5n2kfra8p0\LocalCache\local-packages\Python312\Scripts\;C:\Program Files\Maven\apache-maven-3.9.14\bin;C:\Program Files\apache-maven-3.9.14\bin;C:\Users\DAFI\.local\bin;C:\Program Files\nodejs\;C:\Users\DAFI\AppData\Local\Microsoft\WindowsApps;C:\Program Files\mingw-w64\x86_64-8.1.0-posix-seh-rt_v6-rev0\mingw64\bin;C:\Users\DAFI\AppData\Local\Programs\Microsoft VS Code\bin;C:\ProgramData\chocolatey\lib\mingw\tools\install\mingw64\bin;C:\Users\DAFI\AppData\Roaming\Composer\vendor\bin;C:\Program Files\swipl\bin;C:\Program Files\mongosh\;C:\Users\DAFI\AppData\Local\GitHubDesktop\bin;C:\Users\DAFI\AppData\Local\PowerToys\DSCModules\;C:\Users\DAFI\AppData\Local\Programs\Antigravity\bin;C:\Users\DAFI\AppData\Local\Google\Cloud SDK\google-cloud-sdk\bin;C:\Users\DAFI\AppData\Roaming\npm
USERNAME=DAFI
OS=Windows_NT
PROCESSOR_IDENTIFIER=AMD64 Family 23 Model 104 Stepping 1, AuthenticAMD
TMP=C:\Users\DAFI\AppData\Local\Temp
TEMP=C:\Users\DAFI\AppData\Local\Temp




Periodic native trim disabled

---------------  S Y S T E M  ---------------

OS:
 Windows 11 , 64 bit Build 26100 (10.0.26100.4484)
OS uptime: 1 days 20:34 hours
Hyper-V role detected

CPU: total 16 (initial active 16) (16 cores per cpu, 2 threads per core) family 23 model 104 stepping 1 microcode 0x8608103, cx8, cmov, fxsr, ht, mmx, 3dnowpref, sse, sse2, sse3, ssse3, sse4a, sse4.1, sse4.2, popcnt, lzcnt, tsc, tscinvbit, avx, avx2, aes, clmul, bmi1, bmi2, adx, sha, fma, vzeroupper, clflush, clflushopt, hv, rdtscp, rdpid, f16c
Processor Information for the first 16 processors :
  Max Mhz: 1801, Current Mhz: 1801, Mhz Limit: 1801

Memory: 4k page, system-wide physical 6005M (344M free)
TotalPageFile size 24437M (AvailPageFile size 3M)
current process WorkingSet (physical memory assigned to process): 846M, peak: 848M
current process commit charge ("private bytes"): 997M, peak: 999M

vm_info: OpenJDK 64-Bit Server VM (21.0.10+7-LTS) for windows-amd64 JRE (21.0.10+7-LTS), built on 2026-01-20T00:00:00Z by "admin" with MS VC++ 17.12 (VS2022)

END.
