#
# There is insufficient memory for the Java Runtime Environment to continue.
# Native memory allocation (malloc) failed to allocate 1183536 bytes for Chunk::new
# Possible reasons:
#   The system is out of physical RAM or swap space
#   The process is running with CompressedOops enabled, and the Java Heap may be blocking the growth of the native heap
# Possible solutions:
#   Reduce memory load on the system
#   Increase physical memory or swap space
#   Check if swap backing store is full
#   Decrease Java heap size (-Xmx/-Xms)
#   Decrease number of Java threads
#   Decrease Java thread stack sizes (-Xss)
#   Set larger code cache with -XX:ReservedCodeCacheSize=
#   JVM is running with Unscaled Compressed Oops mode in which the Java heap is
#     placed in the first 4GB address space. The Java Heap base address is the
#     maximum limit for the native heap growth. Please use -XX:HeapBaseMinAddress
#     to set the Java Heap base and to place the Java Heap above 4GB virtual address.
# This output file may be truncated or incomplete.
#
#  Out of Memory Error (arena.cpp:195), pid=23844, tid=33648
#
# JRE version: Java(TM) SE Runtime Environment (16.0.2+7) (build 16.0.2+7-67)
# Java VM: Java HotSpot(TM) 64-Bit Server VM (16.0.2+7-67, mixed mode, sharing, tiered, compressed oops, compressed class ptrs, g1 gc, windows-amd64)
# No core dump will be written. Minidumps are not enabled by default on client versions of Windows
#

---------------  S U M M A R Y ------------

Command Line: -XX:MaxMetaspaceSize=512m --add-opens=java.base/java.util=ALL-UNNAMED --add-opens=java.base/java.lang=ALL-UNNAMED --add-opens=java.base/java.lang.invoke=ALL-UNNAMED --add-opens=java.prefs/java.util.prefs=ALL-UNNAMED --add-opens=java.base/java.nio.charset=ALL-UNNAMED --add-opens=java.base/java.net=ALL-UNNAMED --add-opens=java.base/java.util.concurrent.atomic=ALL-UNNAMED -Xmx2048m -Dfile.encoding=utf8 -Duser.country=ID -Duser.language=en -Duser.variant -javaagent:C:\Users\DAFI\.gradle\wrapper\dists\gradle-8.3-all\6en3ugtfdg5xnpx44z4qbwgas\gradle-8.3\lib\agents\gradle-instrumentation-agent-8.3.jar org.gradle.launcher.daemon.bootstrap.GradleDaemon 8.3

Host: AMD Ryzen 7 5700U with Radeon Graphics         , 16 cores, 5G,  Windows 10 , 64 bit Build 26100 (10.0.26100.4484)
Time: Thu Apr 30 10:36:53 2026 SE Asia Standard Time elapsed time: 10.813232 seconds (0d 0h 0m 10s)

---------------  T H R E A D  ---------------

Current thread (0x0000018cbfa88ba0):  JavaThread "C2 CompilerThread0" daemon [_thread_in_native, id=33648, stack(0x0000000a4e000000,0x0000000a4e100000)]


Current CompileTask:
C2:  10813 3673   !   4       jdk.internal.loader.URLClassPath$JarLoader::getResource (354 bytes)

Stack: [0x0000000a4e000000,0x0000000a4e100000]
Native frames: (J=compiled Java code, j=interpreted, Vv=VM code, C=native code)
V  [jvm.dll+0x6681ca]
V  [jvm.dll+0x7c9e69]
V  [jvm.dll+0x7cb61e]
V  [jvm.dll+0x7cbc73]
V  [jvm.dll+0x242c55]
V  [jvm.dll+0xadeba]
V  [jvm.dll+0xae45c]
V  [jvm.dll+0x35a882]
V  [jvm.dll+0x324de1]
V  [jvm.dll+0x32428a]
V  [jvm.dll+0x215cec]
V  [jvm.dll+0x215100]
V  [jvm.dll+0x1a1beb]
V  [jvm.dll+0x225158]
V  [jvm.dll+0x22319c]
V  [jvm.dll+0x77fa62]
V  [jvm.dll+0x7795aa]
V  [jvm.dll+0x667066]
C  [ucrtbase.dll+0x37b0]
C  [KERNEL32.DLL+0x2e8d7]
C  [ntdll.dll+0x3c34c]


---------------  P R O C E S S  ---------------

Threads class SMR info:
_java_thread_list=0x0000018cc49cb700, length=39, elements={
0x0000018ca0f32d60, 0x0000018cbfa68d00, 0x0000018cbfa69e20, 0x0000018cbfa7b400,
0x0000018cbfa7bd10, 0x0000018cbfa7d630, 0x0000018cbfa7ff50, 0x0000018cbfa88ba0,
0x0000018cbfa894f0, 0x0000018cbfa8f350, 0x0000018cbfa463c0, 0x0000018cc0555e50,
0x0000018cc18baf60, 0x0000018cc15dfa10, 0x0000018cc1d820b0, 0x0000018cc1baa8b0,
0x0000018cc1ccf0c0, 0x0000018cc1f327c0, 0x0000018cc1f32270, 0x0000018cc1f337b0,
0x0000018cc1f30290, 0x0000018cc1f31280, 0x0000018cc1f307e0, 0x0000018cc1f32d10,
0x0000018cc1f30d30, 0x0000018cc1f33260, 0x0000018cc1f31d20, 0x0000018cc1396d40,
0x0000018cc1397290, 0x0000018cc1398d20, 0x0000018cc1395d50, 0x0000018cc1397d30,
0x0000018cc1398280, 0x0000018cc13987d0, 0x0000018cc1399270, 0x0000018cc13962a0,
0x0000018cc1395800, 0x0000018cc13997c0, 0x0000018cc04c1280
}

Java Threads: ( => current thread )
  0x0000018ca0f32d60 JavaThread "main" [_thread_blocked, id=12368, stack(0x0000000a4d300000,0x0000000a4d400000)]
  0x0000018cbfa68d00 JavaThread "Reference Handler" daemon [_thread_blocked, id=32508, stack(0x0000000a4da00000,0x0000000a4db00000)]
  0x0000018cbfa69e20 JavaThread "Finalizer" daemon [_thread_blocked, id=24332, stack(0x0000000a4db00000,0x0000000a4dc00000)]
  0x0000018cbfa7b400 JavaThread "Signal Dispatcher" daemon [_thread_blocked, id=4496, stack(0x0000000a4dc00000,0x0000000a4dd00000)]
  0x0000018cbfa7bd10 JavaThread "Attach Listener" daemon [_thread_blocked, id=17876, stack(0x0000000a4dd00000,0x0000000a4de00000)]
  0x0000018cbfa7d630 JavaThread "Service Thread" daemon [_thread_blocked, id=11660, stack(0x0000000a4de00000,0x0000000a4df00000)]
  0x0000018cbfa7ff50 JavaThread "Monitor Deflation Thread" daemon [_thread_blocked, id=33468, stack(0x0000000a4df00000,0x0000000a4e000000)]
=>0x0000018cbfa88ba0 JavaThread "C2 CompilerThread0" daemon [_thread_in_native, id=33648, stack(0x0000000a4e000000,0x0000000a4e100000)]
  0x0000018cbfa894f0 JavaThread "C1 CompilerThread0" daemon [_thread_in_vm, id=16128, stack(0x0000000a4e100000,0x0000000a4e200000)]
  0x0000018cbfa8f350 JavaThread "Sweeper thread" daemon [_thread_blocked, id=8328, stack(0x0000000a4e200000,0x0000000a4e300000)]
  0x0000018cbfa463c0 JavaThread "Common-Cleaner" daemon [_thread_blocked, id=3044, stack(0x0000000a4e300000,0x0000000a4e400000)]
  0x0000018cc0555e50 JavaThread "Notification Thread" daemon [_thread_blocked, id=11156, stack(0x0000000a4e600000,0x0000000a4e700000)]
  0x0000018cc18baf60 JavaThread "Daemon health stats" [_thread_blocked, id=7572, stack(0x0000000a4ed00000,0x0000000a4ee00000)]
  0x0000018cc15dfa10 JavaThread "Incoming local TCP Connector on port 51428" [_thread_in_native, id=9544, stack(0x0000000a4ee00000,0x0000000a4ef00000)]
  0x0000018cc1d820b0 JavaThread "Daemon periodic checks" [_thread_blocked, id=13596, stack(0x0000000a4ef00000,0x0000000a4f000000)]
  0x0000018cc1baa8b0 JavaThread "Daemon" [_thread_blocked, id=11200, stack(0x0000000a4f000000,0x0000000a4f100000)]
  0x0000018cc1ccf0c0 JavaThread "Handler for socket connection from /127.0.0.1:51428 to /127.0.0.1:51430" [_thread_in_native, id=18488, stack(0x0000000a4f100000,0x0000000a4f200000)]
  0x0000018cc1f327c0 JavaThread "Cancel handler" [_thread_blocked, id=10160, stack(0x0000000a4f200000,0x0000000a4f300000)]
  0x0000018cc1f32270 JavaThread "Daemon worker" [_thread_in_vm, id=10672, stack(0x0000000a4f300000,0x0000000a4f400000)]
  0x0000018cc1f337b0 JavaThread "Asynchronous log dispatcher for DefaultDaemonConnection: socket connection from /127.0.0.1:51428 to /127.0.0.1:51430" [_thread_blocked, id=4740, stack(0x0000000a4f400000,0x0000000a4f500000)]
  0x0000018cc1f30290 JavaThread "Stdin handler" [_thread_blocked, id=28956, stack(0x0000000a4f500000,0x0000000a4f600000)]
  0x0000018cc1f31280 JavaThread "Daemon client event forwarder" [_thread_blocked, id=14248, stack(0x0000000a4f600000,0x0000000a4f700000)]
  0x0000018cc1f307e0 JavaThread "Cache worker for journal cache (C:\Users\DAFI\.gradle\caches\journal-1)" [_thread_blocked, id=26740, stack(0x0000000a4fe00000,0x0000000a4ff00000)]
  0x0000018cc1f32d10 JavaThread "File lock request listener" [_thread_in_native, id=15544, stack(0x0000000a4ff00000,0x0000000a50000000)]
  0x0000018cc1f30d30 JavaThread "Cache worker for file hash cache (C:\Users\DAFI\.gradle\caches\8.3\fileHashes)" [_thread_blocked, id=5984, stack(0x0000000a50100000,0x0000000a50200000)]
  0x0000018cc1f33260 JavaThread "File watcher server" daemon [_thread_in_native, id=8172, stack(0x0000000a50200000,0x0000000a50300000)]
  0x0000018cc1f31d20 JavaThread "File watcher consumer" daemon [_thread_blocked, id=31112, stack(0x0000000a50300000,0x0000000a50400000)]
  0x0000018cc1396d40 JavaThread "jar transforms" [_thread_blocked, id=13184, stack(0x0000000a50400000,0x0000000a50500000)]
  0x0000018cc1397290 JavaThread "jar transforms Thread 2" [_thread_blocked, id=21228, stack(0x0000000a50500000,0x0000000a50600000)]
  0x0000018cc1398d20 JavaThread "jar transforms Thread 3" [_thread_blocked, id=21040, stack(0x0000000a50600000,0x0000000a50700000)]
  0x0000018cc1395d50 JavaThread "Cache worker for checksums cache (D:\branch_performance_monitoring\branch-performance-mobile-v2\branch-performance-mobile-fe-v2\android\.gradle\8.3\checksums)" [_thread_blocked, id=7564, stack(0x0000000a50000000,0x0000000a50100000)]
  0x0000018cc1397d30 JavaThread "Cache worker for file hash cache (D:\branch_performance_monitoring\branch-performance-mobile-v2\branch-performance-mobile-fe-v2\android\.gradle\8.3\fileHashes)" [_thread_blocked, id=20560, stack(0x0000000a50900000,0x0000000a50a00000)]
  0x0000018cc1398280 JavaThread "Cache worker for cache directory md-supplier (C:\Users\DAFI\.gradle\caches\8.3\md-supplier)" [_thread_blocked, id=25200, stack(0x0000000a50a00000,0x0000000a50b00000)]
  0x0000018cc13987d0 JavaThread "Cache worker for file content cache (C:\Users\DAFI\.gradle\caches\8.3\fileContent)" [_thread_blocked, id=12400, stack(0x0000000a50b00000,0x0000000a50c00000)]
  0x0000018cc1399270 JavaThread "Cache worker for cache directory md-rule (C:\Users\DAFI\.gradle\caches\8.3\md-rule)" [_thread_blocked, id=27396, stack(0x0000000a50c00000,0x0000000a50d00000)]
  0x0000018cc13962a0 JavaThread "Cache worker for execution history cache (C:\Users\DAFI\.gradle\caches\8.3\executionHistory)" [_thread_blocked, id=30272, stack(0x0000000a50d00000,0x0000000a50e00000)]
  0x0000018cc1395800 JavaThread "jar transforms Thread 4" [_thread_blocked, id=16316, stack(0x0000000a50e00000,0x0000000a50f00000)]
  0x0000018cc13997c0 JavaThread "jar transforms Thread 5" [_thread_blocked, id=14780, stack(0x0000000a50f00000,0x0000000a51000000)]
  0x0000018cc04c1280 JavaThread "C1 CompilerThread1" daemon [_thread_blocked, id=27332, stack(0x0000000a4e400000,0x0000000a4e500000)]

Other Threads:
  0x0000018cbfa61740 VMThread "VM Thread" [stack: 0x0000000a4d900000,0x0000000a4da00000] [id=296]
  0x0000018cc0565dc0 WatcherThread [stack: 0x0000000a4e700000,0x0000000a4e800000] [id=31356]
  0x0000018ca0f76f00 GCTaskThread "GC Thread#0" [stack: 0x0000000a4d400000,0x0000000a4d500000] [id=12252]
  0x0000018cc0b25940 GCTaskThread "GC Thread#1" [stack: 0x0000000a4e800000,0x0000000a4e900000] [id=2636]
  0x0000018cc0b25c50 GCTaskThread "GC Thread#2" [stack: 0x0000000a4e900000,0x0000000a4ea00000] [id=10868]
  0x0000018cc0b26580 GCTaskThread "GC Thread#3" [stack: 0x0000000a4ea00000,0x0000000a4eb00000] [id=20104]
  0x0000018cc0b25630 GCTaskThread "GC Thread#4" [stack: 0x0000000a4eb00000,0x0000000a4ec00000] [id=17092]
  0x0000018cc0b25320 GCTaskThread "GC Thread#5" [stack: 0x0000000a4ec00000,0x0000000a4ed00000] [id=29320]
  0x0000018cc0b25f60 GCTaskThread "GC Thread#6" [stack: 0x0000000a4f700000,0x0000000a4f800000] [id=6960]
  0x0000018cc0b26270 GCTaskThread "GC Thread#7" [stack: 0x0000000a4f800000,0x0000000a4f900000] [id=28900]
  0x0000018cc0b25010 GCTaskThread "GC Thread#8" [stack: 0x0000000a4f900000,0x0000000a4fa00000] [id=30160]
  0x0000018cc1f37cd0 GCTaskThread "GC Thread#9" [stack: 0x0000000a4fa00000,0x0000000a4fb00000] [id=18268]
  0x0000018cc1f36140 GCTaskThread "GC Thread#10" [stack: 0x0000000a4fb00000,0x0000000a4fc00000] [id=20400]
  0x0000018cc1f342a0 GCTaskThread "GC Thread#11" [stack: 0x0000000a4fc00000,0x0000000a4fd00000] [id=21800]
  0x0000018cc1f35b20 GCTaskThread "GC Thread#12" [stack: 0x0000000a4fd00000,0x0000000a4fe00000] [id=2616]
  0x0000018ca0f87f50 ConcurrentGCThread "G1 Main Marker" [stack: 0x0000000a4d500000,0x0000000a4d600000] [id=18308]
  0x0000018ca0f89620 ConcurrentGCThread "G1 Conc#0" [stack: 0x0000000a4d600000,0x0000000a4d700000] [id=32232]
  0x0000018cc1f37090 ConcurrentGCThread "G1 Conc#1" [stack: 0x0000000a50700000,0x0000000a50800000] [id=28080]
  0x0000018cc1f36d80 ConcurrentGCThread "G1 Conc#2" [stack: 0x0000000a50800000,0x0000000a50900000] [id=31380]
  0x0000018cbf9100a0 ConcurrentGCThread "G1 Refine#0" [stack: 0x0000000a4d700000,0x0000000a4d800000] [id=20308]
  0x0000018cbf9117e0 ConcurrentGCThread "G1 Service" [stack: 0x0000000a4d800000,0x0000000a4d900000] [id=7544]

Threads with active compile tasks:
C2 CompilerThread0    10885 3673   !   4       jdk.internal.loader.URLClassPath$JarLoader::getResource (354 bytes)
C1 CompilerThread0    10885 4099  s    2       java.beans.MethodDescriptor::setMethod (41 bytes)
C1 CompilerThread1    10885 4098       2       java.beans.MethodDescriptor::<init> (48 bytes)

VM state: not at safepoint (normal execution)

VM Mutex/Monitor currently owned by a thread:  ([mutex/lock_event])
[0x0000018ca0f30140] MetaspaceExpand_lock - owner thread: 0x0000018cbfa894f0
[0x0000018ca0f31610] MethodData_lock - owner thread: 0x0000018cbfa894f0

Heap address: 0x0000000080000000, size: 2048 MB, Compressed Oops mode: 32-bit

CDS archive(s) mapped at: [0x0000000800000000-0x0000000800bb0000-0x0000000800bb0000), size 12255232, SharedBaseAddress: 0x0000000800000000, ArchiveRelocationMode: 0.
Compressed class space mapped at: 0x0000000800c00000-0x000000081a800000, reserved size: 432013312
Narrow klass base: 0x0000000800000000, Narrow klass shift: 3, Narrow klass range: 0x100000000

GC Precious Log:
 CPUs: 16 total, 16 available
 Memory: 6005M
 Large Page Support: Disabled
 NUMA Support: Disabled
 Compressed Oops: Enabled (32-bit)
 Heap Region Size: 1M
 Heap Min Capacity: 8M
 Heap Initial Capacity: 94M
 Heap Max Capacity: 2G
 Pre-touch: Disabled
 Parallel Workers: 13
 Concurrent Workers: 3
 Concurrent Refinement Workers: 13
 Periodic GC: Disabled

Heap:
 garbage-first heap   total 92160K, used 58602K [0x0000000080000000, 0x0000000100000000)
  region size 1024K, 30 young (30720K), 6 survivors (6144K)
 Metaspace       used 34732K, committed 35136K, reserved 454656K
  class space    used 4717K, committed 4928K, reserved 421888K

Heap Regions: E=young(eden), S=young(survivor), O=old, HS=humongous(starts), HC=humongous(continues), CS=collection set, F=free, OA=open archive, CA=closed archive, TAMS=top-at-mark-start (previous, next)
|   0|0x0000000080000000, 0x0000000080100000, 0x0000000080100000|100%|HS|  |TAMS 0x0000000080100000, 0x0000000080000000| Complete 
|   1|0x0000000080100000, 0x0000000080200000, 0x0000000080200000|100%|HC|  |TAMS 0x0000000080200000, 0x0000000080100000| Complete 
|   2|0x0000000080200000, 0x0000000080300000, 0x0000000080300000|100%|HC|  |TAMS 0x0000000080300000, 0x0000000080200000| Complete 
|   3|0x0000000080300000, 0x0000000080400000, 0x0000000080400000|100%|HC|  |TAMS 0x0000000080400000, 0x0000000080300000| Complete 
|   4|0x0000000080400000, 0x0000000080500000, 0x0000000080500000|100%| O|  |TAMS 0x0000000080500000, 0x0000000080400000| Untracked 
|   5|0x0000000080500000, 0x0000000080600000, 0x0000000080600000|100%| O|  |TAMS 0x0000000080600000, 0x0000000080500000| Untracked 
|   6|0x0000000080600000, 0x0000000080700000, 0x0000000080700000|100%| O|  |TAMS 0x0000000080700000, 0x0000000080600000| Untracked 
|   7|0x0000000080700000, 0x0000000080800000, 0x0000000080800000|100%| O|  |TAMS 0x0000000080800000, 0x0000000080700000| Untracked 
|   8|0x0000000080800000, 0x0000000080900000, 0x0000000080900000|100%| O|  |TAMS 0x0000000080900000, 0x0000000080800000| Untracked 
|   9|0x0000000080900000, 0x0000000080a00000, 0x0000000080a00000|100%| O|  |TAMS 0x0000000080a00000, 0x0000000080900000| Untracked 
|  10|0x0000000080a00000, 0x0000000080b00000, 0x0000000080b00000|100%| O|  |TAMS 0x0000000080b00000, 0x0000000080a00000| Untracked 
|  11|0x0000000080b00000, 0x0000000080c00000, 0x0000000080c00000|100%| O|  |TAMS 0x0000000080c00000, 0x0000000080b00000| Untracked 
|  12|0x0000000080c00000, 0x0000000080d00000, 0x0000000080d00000|100%| O|  |TAMS 0x0000000080d00000, 0x0000000080c00000| Untracked 
|  13|0x0000000080d00000, 0x0000000080e00000, 0x0000000080e00000|100%| O|  |TAMS 0x0000000080e00000, 0x0000000080d00000| Untracked 
|  14|0x0000000080e00000, 0x0000000080f00000, 0x0000000080f00000|100%| O|  |TAMS 0x0000000080f00000, 0x0000000080e00000| Untracked 
|  15|0x0000000080f00000, 0x0000000081000000, 0x0000000081000000|100%| O|  |TAMS 0x0000000081000000, 0x0000000080f00000| Untracked 
|  16|0x0000000081000000, 0x0000000081100000, 0x0000000081100000|100%| O|  |TAMS 0x0000000081100000, 0x0000000081000000| Untracked 
|  17|0x0000000081100000, 0x0000000081200000, 0x0000000081200000|100%| O|  |TAMS 0x0000000081200000, 0x0000000081100000| Untracked 
|  18|0x0000000081200000, 0x0000000081300000, 0x0000000081300000|100%| O|  |TAMS 0x0000000081245e00, 0x0000000081200000| Untracked 
|  19|0x0000000081300000, 0x00000000813bf400, 0x0000000081400000| 74%| O|  |TAMS 0x0000000081300000, 0x0000000081300000| Untracked 
|  20|0x0000000081400000, 0x0000000081500000, 0x0000000081500000|100%| O|  |TAMS 0x0000000081400000, 0x0000000081400000| Untracked 
|  21|0x0000000081500000, 0x0000000081600000, 0x0000000081600000|100%| O|  |TAMS 0x0000000081500000, 0x0000000081500000| Untracked 
|  22|0x0000000081600000, 0x0000000081700000, 0x0000000081700000|100%| O|  |TAMS 0x0000000081600000, 0x0000000081600000| Untracked 
|  23|0x0000000081700000, 0x0000000081800000, 0x0000000081800000|100%| O|  |TAMS 0x0000000081700000, 0x0000000081700000| Untracked 
|  24|0x0000000081800000, 0x000000008188d200, 0x0000000081900000| 55%| O|  |TAMS 0x0000000081800000, 0x0000000081800000| Untracked 
|  25|0x0000000081900000, 0x0000000081a00000, 0x0000000081a00000|100%|HS|  |TAMS 0x0000000081900000, 0x0000000081900000| Complete 
|  26|0x0000000081a00000, 0x0000000081b00000, 0x0000000081b00000|100%|HS|  |TAMS 0x0000000081a00000, 0x0000000081a00000| Complete 
|  27|0x0000000081b00000, 0x0000000081c00000, 0x0000000081c00000|100%|HC|  |TAMS 0x0000000081b00000, 0x0000000081b00000| Complete 
|  28|0x0000000081c00000, 0x0000000081d00000, 0x0000000081d00000|100%|HS|  |TAMS 0x0000000081c00000, 0x0000000081c00000| Complete 
|  29|0x0000000081d00000, 0x0000000081e00000, 0x0000000081e00000|100%|HC|  |TAMS 0x0000000081d00000, 0x0000000081d00000| Complete 
|  30|0x0000000081e00000, 0x0000000081e00000, 0x0000000081f00000|  0%| F|  |TAMS 0x0000000081e00000, 0x0000000081e00000| Untracked 
|  31|0x0000000081f00000, 0x0000000081f00000, 0x0000000082000000|  0%| F|  |TAMS 0x0000000081f00000, 0x0000000081f00000| Untracked 
|  32|0x0000000082000000, 0x0000000082000000, 0x0000000082100000|  0%| F|  |TAMS 0x0000000082000000, 0x0000000082000000| Untracked 
|  33|0x0000000082100000, 0x0000000082100000, 0x0000000082200000|  0%| F|  |TAMS 0x0000000082100000, 0x0000000082100000| Untracked 
|  34|0x0000000082200000, 0x0000000082200000, 0x0000000082300000|  0%| F|  |TAMS 0x0000000082200000, 0x0000000082200000| Untracked 
|  35|0x0000000082300000, 0x0000000082300000, 0x0000000082400000|  0%| F|  |TAMS 0x0000000082300000, 0x0000000082300000| Untracked 
|  36|0x0000000082400000, 0x0000000082400000, 0x0000000082500000|  0%| F|  |TAMS 0x0000000082400000, 0x0000000082400000| Untracked 
|  37|0x0000000082500000, 0x0000000082500000, 0x0000000082600000|  0%| F|  |TAMS 0x0000000082500000, 0x0000000082500000| Untracked 
|  38|0x0000000082600000, 0x0000000082600000, 0x0000000082700000|  0%| F|  |TAMS 0x0000000082600000, 0x0000000082600000| Untracked 
|  39|0x0000000082700000, 0x0000000082700000, 0x0000000082800000|  0%| F|  |TAMS 0x0000000082700000, 0x0000000082700000| Untracked 
|  40|0x0000000082800000, 0x0000000082800000, 0x0000000082900000|  0%| F|  |TAMS 0x0000000082800000, 0x0000000082800000| Untracked 
|  41|0x0000000082900000, 0x0000000082900000, 0x0000000082a00000|  0%| F|  |TAMS 0x0000000082900000, 0x0000000082900000| Untracked 
|  42|0x0000000082a00000, 0x0000000082a00000, 0x0000000082b00000|  0%| F|  |TAMS 0x0000000082a00000, 0x0000000082a00000| Untracked 
|  43|0x0000000082b00000, 0x0000000082b00000, 0x0000000082c00000|  0%| F|  |TAMS 0x0000000082b00000, 0x0000000082b00000| Untracked 
|  44|0x0000000082c00000, 0x0000000082c00000, 0x0000000082d00000|  0%| F|  |TAMS 0x0000000082c00000, 0x0000000082c00000| Untracked 
|  45|0x0000000082d00000, 0x0000000082d00000, 0x0000000082e00000|  0%| F|  |TAMS 0x0000000082d00000, 0x0000000082d00000| Untracked 
|  46|0x0000000082e00000, 0x0000000082eee478, 0x0000000082f00000| 93%| S|CS|TAMS 0x0000000082e00000, 0x0000000082e00000| Complete 
|  47|0x0000000082f00000, 0x0000000083000000, 0x0000000083000000|100%| S|CS|TAMS 0x0000000082f00000, 0x0000000082f00000| Complete 
|  48|0x0000000083000000, 0x0000000083100000, 0x0000000083100000|100%| S|CS|TAMS 0x0000000083000000, 0x0000000083000000| Complete 
|  49|0x0000000083100000, 0x0000000083200000, 0x0000000083200000|100%| S|CS|TAMS 0x0000000083100000, 0x0000000083100000| Complete 
|  50|0x0000000083200000, 0x0000000083300000, 0x0000000083300000|100%| S|CS|TAMS 0x0000000083200000, 0x0000000083200000| Complete 
|  51|0x0000000083300000, 0x0000000083400000, 0x0000000083400000|100%| S|CS|TAMS 0x0000000083300000, 0x0000000083300000| Complete 
|  52|0x0000000083400000, 0x0000000083400000, 0x0000000083500000|  0%| F|  |TAMS 0x0000000083400000, 0x0000000083400000| Untracked 
|  53|0x0000000083500000, 0x0000000083500000, 0x0000000083600000|  0%| F|  |TAMS 0x0000000083500000, 0x0000000083500000| Untracked 
|  54|0x0000000083600000, 0x0000000083600000, 0x0000000083700000|  0%| F|  |TAMS 0x0000000083600000, 0x0000000083600000| Untracked 
|  55|0x0000000083700000, 0x0000000083700000, 0x0000000083800000|  0%| F|  |TAMS 0x0000000083700000, 0x0000000083700000| Untracked 
|  56|0x0000000083800000, 0x0000000083800000, 0x0000000083900000|  0%| F|  |TAMS 0x0000000083800000, 0x0000000083800000| Untracked 
|  57|0x0000000083900000, 0x0000000083900000, 0x0000000083a00000|  0%| F|  |TAMS 0x0000000083900000, 0x0000000083900000| Untracked 
|  58|0x0000000083a00000, 0x0000000083a00000, 0x0000000083b00000|  0%| F|  |TAMS 0x0000000083a00000, 0x0000000083a00000| Untracked 
|  59|0x0000000083b00000, 0x0000000083b00000, 0x0000000083c00000|  0%| F|  |TAMS 0x0000000083b00000, 0x0000000083b00000| Untracked 
|  60|0x0000000083c00000, 0x0000000083c00000, 0x0000000083d00000|  0%| F|  |TAMS 0x0000000083c00000, 0x0000000083c00000| Untracked 
|  61|0x0000000083d00000, 0x0000000083d00000, 0x0000000083e00000|  0%| F|  |TAMS 0x0000000083d00000, 0x0000000083d00000| Untracked 
|  62|0x0000000083e00000, 0x0000000083e00000, 0x0000000083f00000|  0%| F|  |TAMS 0x0000000083e00000, 0x0000000083e00000| Untracked 
|  63|0x0000000083f00000, 0x0000000083f00000, 0x0000000084000000|  0%| F|  |TAMS 0x0000000083f00000, 0x0000000083f00000| Untracked 
|  64|0x0000000084000000, 0x0000000084000000, 0x0000000084100000|  0%| F|  |TAMS 0x0000000084000000, 0x0000000084000000| Untracked 
|  65|0x0000000084100000, 0x0000000084100000, 0x0000000084200000|  0%| F|  |TAMS 0x0000000084100000, 0x0000000084100000| Untracked 
|  66|0x0000000084200000, 0x0000000084300000, 0x0000000084300000|100%| E|  |TAMS 0x0000000084200000, 0x0000000084200000| Complete 
|  67|0x0000000084300000, 0x0000000084400000, 0x0000000084400000|100%| E|CS|TAMS 0x0000000084300000, 0x0000000084300000| Complete 
|  68|0x0000000084400000, 0x0000000084500000, 0x0000000084500000|100%| E|  |TAMS 0x0000000084400000, 0x0000000084400000| Complete 
|  69|0x0000000084500000, 0x0000000084600000, 0x0000000084600000|100%| E|CS|TAMS 0x0000000084500000, 0x0000000084500000| Complete 
|  70|0x0000000084600000, 0x0000000084700000, 0x0000000084700000|100%| E|CS|TAMS 0x0000000084600000, 0x0000000084600000| Complete 
|  71|0x0000000084700000, 0x0000000084800000, 0x0000000084800000|100%| E|CS|TAMS 0x0000000084700000, 0x0000000084700000| Complete 
|  72|0x0000000084800000, 0x0000000084900000, 0x0000000084900000|100%| E|CS|TAMS 0x0000000084800000, 0x0000000084800000| Complete 
|  73|0x0000000084900000, 0x0000000084a00000, 0x0000000084a00000|100%| E|CS|TAMS 0x0000000084900000, 0x0000000084900000| Complete 
|  74|0x0000000084a00000, 0x0000000084b00000, 0x0000000084b00000|100%| E|CS|TAMS 0x0000000084a00000, 0x0000000084a00000| Complete 
|  75|0x0000000084b00000, 0x0000000084c00000, 0x0000000084c00000|100%| E|CS|TAMS 0x0000000084b00000, 0x0000000084b00000| Complete 
|  76|0x0000000084c00000, 0x0000000084d00000, 0x0000000084d00000|100%| E|CS|TAMS 0x0000000084c00000, 0x0000000084c00000| Complete 
|  77|0x0000000084d00000, 0x0000000084e00000, 0x0000000084e00000|100%| E|CS|TAMS 0x0000000084d00000, 0x0000000084d00000| Complete 
|  78|0x0000000084e00000, 0x0000000084f00000, 0x0000000084f00000|100%| E|CS|TAMS 0x0000000084e00000, 0x0000000084e00000| Complete 
|  79|0x0000000084f00000, 0x0000000085000000, 0x0000000085000000|100%| E|CS|TAMS 0x0000000084f00000, 0x0000000084f00000| Complete 
|  80|0x0000000085000000, 0x0000000085100000, 0x0000000085100000|100%| E|CS|TAMS 0x0000000085000000, 0x0000000085000000| Complete 
|  81|0x0000000085100000, 0x0000000085200000, 0x0000000085200000|100%| E|CS|TAMS 0x0000000085100000, 0x0000000085100000| Complete 
|  82|0x0000000085200000, 0x0000000085300000, 0x0000000085300000|100%| E|CS|TAMS 0x0000000085200000, 0x0000000085200000| Complete 
|  83|0x0000000085300000, 0x0000000085400000, 0x0000000085400000|100%| E|CS|TAMS 0x0000000085300000, 0x0000000085300000| Complete 
|  84|0x0000000085400000, 0x0000000085500000, 0x0000000085500000|100%| E|CS|TAMS 0x0000000085400000, 0x0000000085400000| Complete 
|  85|0x0000000085500000, 0x0000000085600000, 0x0000000085600000|100%| E|CS|TAMS 0x0000000085500000, 0x0000000085500000| Complete 
|  86|0x0000000085600000, 0x0000000085700000, 0x0000000085700000|100%| E|CS|TAMS 0x0000000085600000, 0x0000000085600000| Complete 
|  87|0x0000000085700000, 0x0000000085800000, 0x0000000085800000|100%| E|CS|TAMS 0x0000000085700000, 0x0000000085700000| Complete 
|  88|0x0000000085800000, 0x0000000085900000, 0x0000000085900000|100%| E|CS|TAMS 0x0000000085800000, 0x0000000085800000| Complete 
|  93|0x0000000085d00000, 0x0000000085e00000, 0x0000000085e00000|100%| E|CS|TAMS 0x0000000085d00000, 0x0000000085d00000| Complete 

Card table byte_map: [0x0000018cb8320000,0x0000018cb8720000] _byte_map_base: 0x0000018cb7f20000

Marking Bits (Prev, Next): (CMBitMap*) 0x0000018ca0f77540, (CMBitMap*) 0x0000018ca0f77500
 Prev Bits: [0x0000018cbab20000, 0x0000018cbcb20000)
 Next Bits: [0x0000018cb8b20000, 0x0000018cbab20000)

Polling page: 0x0000018c9ee10000

Metaspace:

Usage:
  Non-class:     29.31 MB used.
      Class:      4.61 MB used.
       Both:     33.92 MB used.

Virtual space:
  Non-class space:       32.00 MB reserved,      29.50 MB ( 92%) committed,  4 nodes.
      Class space:      412.00 MB reserved,       4.81 MB (  1%) committed,  1 nodes.
              Both:      444.00 MB reserved,      34.31 MB (  8%) committed. 

Chunk freelists:
   Non-Class:  1.41 MB
       Class:  3.04 MB
        Both:  4.45 MB

MaxMetaspaceSize: 512.00 MB
CompressedClassSpaceSize: 412.00 MB
 - commit_granule_bytes: 65536.
 - commit_granule_words: 8192.
 - virtual_space_node_default_size: 1048576.
 - enlarge_chunks_in_place: 1.
 - new_chunks_are_fully_committed: 0.
 - uncommit_free_chunks: 1.
 - use_allocation_guard: 0.
 - handle_deallocations: 1.


Internal statistics:

num_allocs_failed_limit: 3.
num_arena_births: 386.
num_arena_deaths: 0.
num_vsnodes_births: 5.
num_vsnodes_deaths: 0.
num_space_committed: 549.
num_space_uncommitted: 0.
num_chunks_returned_to_freelist: 3.
num_chunks_taken_from_freelist: 1582.
num_chunk_merges: 3.
num_chunk_splits: 1052.
num_chunks_enlarged: 743.
num_purges: 0.

CodeHeap 'non-profiled nmethods': size=119168Kb used=1943Kb max_used=1943Kb free=117224Kb
 bounds [0x0000018cb0240000, 0x0000018cb04b0000, 0x0000018cb76a0000]
CodeHeap 'profiled nmethods': size=119104Kb used=8415Kb max_used=8415Kb free=110688Kb
 bounds [0x0000018ca8df0000, 0x0000018ca9630000, 0x0000018cb0240000]
CodeHeap 'non-nmethods': size=7488Kb used=2870Kb max_used=2870Kb free=4617Kb
 bounds [0x0000018ca86a0000, 0x0000018ca8970000, 0x0000018ca8df0000]
 total_blobs=4816 nmethods=4006 adapters=720
 compilation: enabled
              stopped_count=0, restarted_count=0
 full_count=0

Compilation events (20 events):
Event: 10.534 Thread 0x0000018cc04c1280 nmethod 4086 0x0000018cb0425890 code [0x0000018cb0425a20, 0x0000018cb0425af8]
Event: 10.534 Thread 0x0000018cc04c1280 4087       1       groovy.lang.MetaBeanProperty::getField (5 bytes)
Event: 10.534 Thread 0x0000018cc04c1280 nmethod 4087 0x0000018cb0425b90 code [0x0000018cb0425d20, 0x0000018cb0425df8]
Event: 10.534 Thread 0x0000018cbfa894f0 nmethod 4089 0x0000018ca9622790 code [0x0000018ca9622960, 0x0000018ca9622c48]
Event: 10.560 Thread 0x0000018cbfa894f0 4090       2       org.codehaus.groovy.reflection.ClassInfo::isSAM (13 bytes)
Event: 10.561 Thread 0x0000018cbfa894f0 nmethod 4090 0x0000018ca9622e10 code [0x0000018ca9622fc0, 0x0000018ca96230c8]
Event: 10.575 Thread 0x0000018cc04c1280 4092   !   2       java.lang.ClassValue::getFromHashMap (70 bytes)
Event: 10.575 Thread 0x0000018cbfa894f0 4091       2       java.lang.ClassValue$ClassValueMap::probeBackupLocations (151 bytes)
Event: 10.576 Thread 0x0000018cc04c1280 nmethod 4092 0x0000018ca9623190 code [0x0000018ca96233a0, 0x0000018ca9623898]
Event: 10.576 Thread 0x0000018cbfa894f0 nmethod 4091 0x0000018ca9623c10 code [0x0000018ca9623e20, 0x0000018ca96245c8]
Event: 10.577 Thread 0x0000018cbfa894f0 4093       2       java.util.ArrayList::<init> (63 bytes)
Event: 10.578 Thread 0x0000018cbfa894f0 nmethod 4093 0x0000018ca9624a10 code [0x0000018ca9624be0, 0x0000018ca9624f18]
Event: 10.578 Thread 0x0000018cbfa894f0 4094       2       org.codehaus.groovy.reflection.CachedClass::addSubclassExpandos (138 bytes)
Event: 10.579 Thread 0x0000018cbfa894f0 nmethod 4094 0x0000018ca9625010 code [0x0000018ca9625240, 0x0000018ca9625778]
Event: 10.583 Thread 0x0000018cbfa894f0 4095   !   2       java.lang.reflect.Executable::sharedToGenericString (255 bytes)
Event: 10.583 Thread 0x0000018cc04c1280 4096       2       java.beans.FeatureDescriptor::setValue (11 bytes)
Event: 10.584 Thread 0x0000018cc04c1280 nmethod 4096 0x0000018ca9625b10 code [0x0000018ca9625ce0, 0x0000018ca9625f38]
Event: 10.763 Thread 0x0000018cbfa894f0 nmethod 4095 0x0000018ca9626090 code [0x0000018ca9626480, 0x0000018ca9627138]
Event: 10.763 Thread 0x0000018cbfa894f0 4099  s    2       java.beans.MethodDescriptor::setMethod (41 bytes)
Event: 10.763 Thread 0x0000018cc04c1280 4098       2       java.beans.MethodDescriptor::<init> (48 bytes)

GC Heap History (14 events):
Event: 1.156 GC heap before
{Heap before GC invocations=0 (full 0):
 garbage-first heap   total 96256K, used 26624K [0x0000000080000000, 0x0000000100000000)
  region size 1024K, 23 young (23552K), 0 survivors (0K)
 Metaspace       used 3201K, committed 3328K, reserved 430080K
  class space    used 388K, committed 448K, reserved 421888K
}
Event: 1.166 GC heap after
{Heap after GC invocations=1 (full 0):
 garbage-first heap   total 96256K, used 10990K [0x0000000080000000, 0x0000000100000000)
  region size 1024K, 3 young (3072K), 3 survivors (3072K)
 Metaspace       used 3201K, committed 3328K, reserved 430080K
  class space    used 388K, committed 448K, reserved 421888K
}
Event: 1.780 GC heap before
{Heap before GC invocations=1 (full 0):
 garbage-first heap   total 96256K, used 37614K [0x0000000080000000, 0x0000000100000000)
  region size 1024K, 29 young (29696K), 3 survivors (3072K)
 Metaspace       used 4317K, committed 4480K, reserved 430080K
  class space    used 505K, committed 576K, reserved 421888K
}
Event: 1.786 GC heap after
{Heap after GC invocations=2 (full 0):
 garbage-first heap   total 96256K, used 11599K [0x0000000080000000, 0x0000000100000000)
  region size 1024K, 1 young (1024K), 1 survivors (1024K)
 Metaspace       used 4317K, committed 4480K, reserved 430080K
  class space    used 505K, committed 576K, reserved 421888K
}
Event: 3.387 GC heap before
{Heap before GC invocations=2 (full 0):
 garbage-first heap   total 96256K, used 56655K [0x0000000080000000, 0x0000000100000000)
  region size 1024K, 45 young (46080K), 1 survivors (1024K)
 Metaspace       used 10226K, committed 10496K, reserved 438272K
  class space    used 1344K, committed 1472K, reserved 421888K
}
Event: 3.394 GC heap after
{Heap after GC invocations=3 (full 0):
 garbage-first heap   total 96256K, used 18472K [0x0000000080000000, 0x0000000100000000)
  region size 1024K, 6 young (6144K), 6 survivors (6144K)
 Metaspace       used 10226K, committed 10496K, reserved 438272K
  class space    used 1344K, committed 1472K, reserved 421888K
}
Event: 4.911 GC heap before
{Heap before GC invocations=3 (full 0):
 garbage-first heap   total 96256K, used 56360K [0x0000000080000000, 0x0000000100000000)
  region size 1024K, 44 young (45056K), 6 survivors (6144K)
 Metaspace       used 16403K, committed 16768K, reserved 438272K
  class space    used 2306K, committed 2496K, reserved 421888K
}
Event: 4.915 GC heap after
{Heap after GC invocations=4 (full 0):
 garbage-first heap   total 96256K, used 20722K [0x0000000080000000, 0x0000000100000000)
  region size 1024K, 2 young (2048K), 2 survivors (2048K)
 Metaspace       used 16403K, committed 16768K, reserved 438272K
  class space    used 2306K, committed 2496K, reserved 421888K
}
Event: 5.814 GC heap before
{Heap before GC invocations=4 (full 0):
 garbage-first heap   total 96256K, used 58610K [0x0000000080000000, 0x0000000100000000)
  region size 1024K, 41 young (41984K), 2 survivors (2048K)
 Metaspace       used 20967K, committed 21248K, reserved 446464K
  class space    used 3035K, committed 3200K, reserved 421888K
}
Event: 5.820 GC heap after
{Heap after GC invocations=5 (full 0):
 garbage-first heap   total 96256K, used 26365K [0x0000000080000000, 0x0000000100000000)
  region size 1024K, 6 young (6144K), 6 survivors (6144K)
 Metaspace       used 20967K, committed 21248K, reserved 446464K
  class space    used 3035K, committed 3200K, reserved 421888K
}
Event: 6.995 GC heap before
{Heap before GC invocations=6 (full 0):
 garbage-first heap   total 92160K, used 65277K [0x0000000080000000, 0x0000000100000000)
  region size 1024K, 45 young (46080K), 6 survivors (6144K)
 Metaspace       used 26195K, committed 26560K, reserved 446464K
  class space    used 3809K, committed 4032K, reserved 421888K
}
Event: 7.002 GC heap after
{Heap after GC invocations=7 (full 0):
 garbage-first heap   total 92160K, used 27328K [0x0000000080000000, 0x0000000100000000)
  region size 1024K, 3 young (3072K), 3 survivors (3072K)
 Metaspace       used 26195K, committed 26560K, reserved 446464K
  class space    used 3809K, committed 4032K, reserved 421888K
}
Event: 10.355 GC heap before
{Heap before GC invocations=7 (full 0):
 garbage-first heap   total 92160K, used 65216K [0x0000000080000000, 0x0000000100000000)
  region size 1024K, 41 young (41984K), 3 survivors (3072K)
 Metaspace       used 33662K, committed 34112K, reserved 454656K
  class space    used 4668K, committed 4864K, reserved 421888K
}
Event: 10.360 GC heap after
{Heap after GC invocations=8 (full 0):
 garbage-first heap   total 92160K, used 30954K [0x0000000080000000, 0x0000000100000000)
  region size 1024K, 6 young (6144K), 6 survivors (6144K)
 Metaspace       used 33662K, committed 34112K, reserved 454656K
  class space    used 4668K, committed 4864K, reserved 421888K
}

Deoptimization events (20 events):
Event: 7.475 Thread 0x0000018cc1f32270 DEOPT PACKING pc=0x0000018cb03ec6a0 sp=0x0000000a4f3f7480
Event: 7.475 Thread 0x0000018cc1f32270 DEOPT UNPACKING pc=0x0000018ca86ed72e sp=0x0000000a4f3f7438 mode 2
Event: 7.476 Thread 0x0000018cc1f32270 Uncommon trap: trap_request=0xffffffc6 fr.pc=0x0000018cb03ec6a0 relative=0x0000000000000600
Event: 7.476 Thread 0x0000018cc1f32270 Uncommon trap: reason=bimorphic_or_optimized_type_check action=maybe_recompile pc=0x0000018cb03ec6a0 method=java.io.BufferedInputStream.read([BII)I @ 101 c2
Event: 7.476 Thread 0x0000018cc1f32270 DEOPT PACKING pc=0x0000018cb03ec6a0 sp=0x0000000a4f3f7480
Event: 7.476 Thread 0x0000018cc1f32270 DEOPT UNPACKING pc=0x0000018ca86ed72e sp=0x0000000a4f3f7438 mode 2
Event: 9.871 Thread 0x0000018cc1f32270 Uncommon trap: trap_request=0xffffff45 fr.pc=0x0000018cb0310238 relative=0x0000000000000618
Event: 9.871 Thread 0x0000018cc1f32270 Uncommon trap: reason=unstable_if action=reinterpret pc=0x0000018cb0310238 method=java.util.Properties$LineReader.readLine()I @ 95 c2
Event: 9.871 Thread 0x0000018cc1f32270 DEOPT PACKING pc=0x0000018cb0310238 sp=0x0000000a4f3f7500
Event: 9.871 Thread 0x0000018cc1f32270 DEOPT UNPACKING pc=0x0000018ca86ed72e sp=0x0000000a4f3f74a0 mode 2
Event: 9.930 Thread 0x0000018cc1f32270 DEOPT PACKING pc=0x0000018ca9187d08 sp=0x0000000a4f3f6960
Event: 9.930 Thread 0x0000018cc1f32270 DEOPT UNPACKING pc=0x0000018ca86edece sp=0x0000000a4f3f5e68 mode 0
Event: 10.113 Thread 0x0000018cc1f32270 Uncommon trap: trap_request=0xffffff54 fr.pc=0x0000018cb02ea2f4 relative=0x0000000000000d34
Event: 10.113 Thread 0x0000018cc1f32270 Uncommon trap: reason=speculate_null_assert action=make_not_entrant pc=0x0000018cb02ea2f4 method=jdk.internal.loader.URLClassPath$JarLoader.getResource(Ljava/lang/String;ZLjava/util/Set;)Ljdk/internal/loader/Resource; @ 17 c2
Event: 10.113 Thread 0x0000018cc1f32270 DEOPT PACKING pc=0x0000018cb02ea2f4 sp=0x0000000a4f3f62a0
Event: 10.113 Thread 0x0000018cc1f32270 DEOPT UNPACKING pc=0x0000018ca86ed72e sp=0x0000000a4f3f6238 mode 2
Event: 10.234 Thread 0x0000018cc1f32270 Uncommon trap: trap_request=0xffffffc6 fr.pc=0x0000018cb039eb78 relative=0x00000000000051f8
Event: 10.234 Thread 0x0000018cc1f32270 Uncommon trap: reason=bimorphic_or_optimized_type_check action=maybe_recompile pc=0x0000018cb039eb78 method=java.net.URL.<init>(Ljava/net/URL;Ljava/lang/String;Ljava/net/URLStreamHandler;)V @ 504 c2
Event: 10.234 Thread 0x0000018cc1f32270 DEOPT PACKING pc=0x0000018cb039eb78 sp=0x0000000a4f3f6be0
Event: 10.234 Thread 0x0000018cc1f32270 DEOPT UNPACKING pc=0x0000018ca86ed72e sp=0x0000000a4f3f6b90 mode 2

Classes unloaded (0 events):
No events

Classes redefined (0 events):
No events

Internal exceptions (20 events):
Event: 10.461 Thread 0x0000018cc1f32270 Exception <a 'java/lang/ClassNotFoundException'{0x00000000848fed18}: org/gradle/groovy/scripts/BasicScriptBeanInfo> (0x00000000848fed18) 
thrown [t:\workspace\open\src\hotspot\share\classfile\systemDictionary.cpp, line 256]
Event: 10.461 Thread 0x0000018cc1f32270 Exception <a 'java/lang/ClassNotFoundException'{0x0000000084709aa8}: org/gradle/groovy/scripts/ScriptBeanInfo> (0x0000000084709aa8) 
thrown [t:\workspace\open\src\hotspot\share\classfile\systemDictionary.cpp, line 256]
Event: 10.462 Thread 0x0000018cc1f32270 Exception <a 'java/lang/ClassNotFoundException'{0x0000000084721840}: groovy/lang/ScriptBeanInfo> (0x0000000084721840) 
thrown [t:\workspace\open\src\hotspot\share\classfile\systemDictionary.cpp, line 256]
Event: 10.463 Thread 0x0000018cc1f32270 Exception <a 'java/lang/ClassNotFoundException'{0x00000000847395c8}: groovy/lang/ScriptCustomizer> (0x00000000847395c8) 
thrown [t:\workspace\open\src\hotspot\share\classfile\systemDictionary.cpp, line 256]
Event: 10.464 Thread 0x0000018cc1f32270 Exception <a 'java/lang/ClassNotFoundException'{0x000000008474ba80}: org/gradle/groovy/scripts/ScriptCustomizer> (0x000000008474ba80) 
thrown [t:\workspace\open\src\hotspot\share\classfile\systemDictionary.cpp, line 256]
Event: 10.465 Thread 0x0000018cc1f32270 Exception <a 'java/lang/ClassNotFoundException'{0x000000008475ce30}: org/gradle/groovy/scripts/BasicScriptCustomizer> (0x000000008475ce30) 
thrown [t:\workspace\open\src\hotspot\share\classfile\systemDictionary.cpp, line 256]
Event: 10.468 Thread 0x0000018cc1f32270 Exception <a 'java/lang/ClassNotFoundException'{0x0000000084773d10}: org/gradle/groovy/scripts/DefaultScriptCustomizer> (0x0000000084773d10) 
thrown [t:\workspace\open\src\hotspot\share\classfile\systemDictionary.cpp, line 256]
Event: 10.472 Thread 0x0000018cc1f32270 Exception <a 'java/lang/ClassNotFoundException'{0x000000008479b8b8}: org/gradle/initialization/InitScriptCustomizer> (0x000000008479b8b8) 
thrown [t:\workspace\open\src\hotspot\share\classfile\systemDictionary.cpp, line 256]
Event: 10.473 Thread 0x0000018cc1f32270 Exception <a 'java/lang/ClassNotFoundException'{0x00000000847aa620}: init_5spqzu0krq84c9fnm56cy7gttCustomizer> (0x00000000847aa620) 
thrown [t:\workspace\open\src\hotspot\share\classfile\systemDictionary.cpp, line 256]
Event: 10.493 Thread 0x0000018cc1f32270 Exception <a 'java/lang/ClassNotFoundException'{0x0000000084668a60}: org/gradle/internal/extensibility/DefaultExtraPropertiesExtensionBeanInfo> (0x0000000084668a60) 
thrown [t:\workspace\open\src\hotspot\share\classfile\systemDictionary.cpp, line 256]
Event: 10.493 Thread 0x0000018cc1f32270 Exception <a 'java/lang/ClassNotFoundException'{0x0000000084673310}: org/gradle/internal/extensibility/DefaultExtraPropertiesExtensionCustomizer> (0x0000000084673310) 
thrown [t:\workspace\open\src\hotspot\share\classfile\systemDictionary.cpp, line 256]
Event: 10.517 Thread 0x0000018cc1f32270 Exception <a 'java/lang/ClassNotFoundException'{0x000000008451d180}: groovy/lang/Closure$1BeanInfo> (0x000000008451d180) 
thrown [t:\workspace\open\src\hotspot\share\classfile\systemDictionary.cpp, line 256]
Event: 10.518 Thread 0x0000018cc1f32270 Exception <a 'java/lang/ClassNotFoundException'{0x00000000845410c8}: groovy/lang/ClosureBeanInfo> (0x00000000845410c8) 
thrown [t:\workspace\open\src\hotspot\share\classfile\systemDictionary.cpp, line 256]
Event: 10.520 Thread 0x0000018cc1f32270 Exception <a 'java/lang/ClassNotFoundException'{0x0000000084564790}: groovy/lang/ClosureCustomizer> (0x0000000084564790) 
thrown [t:\workspace\open\src\hotspot\share\classfile\systemDictionary.cpp, line 256]
Event: 10.524 Thread 0x0000018cc1f32270 Exception <a 'java/lang/ClassNotFoundException'{0x00000000845aab10}: groovy/lang/Closure$1Customizer> (0x00000000845aab10) 
thrown [t:\workspace\open\src\hotspot\share\classfile\systemDictionary.cpp, line 256]
Event: 10.580 Thread 0x0000018cc1f32270 Exception <a 'java/lang/ClassNotFoundException'{0x000000008427c7d0}: org/gradle/invocation/DefaultGradle_DecoratedBeanInfo> (0x000000008427c7d0) 
thrown [t:\workspace\open\src\hotspot\share\classfile\systemDictionary.cpp, line 256]
Event: 10.581 Thread 0x0000018cc1f32270 Exception <a 'java/lang/ClassNotFoundException'{0x000000008428cc78}: org/gradle/invocation/DefaultGradleBeanInfo> (0x000000008428cc78) 
thrown [t:\workspace\open\src\hotspot\share\classfile\systemDictionary.cpp, line 256]
Event: 10.582 Thread 0x0000018cc1f32270 Exception <a 'java/lang/ClassNotFoundException'{0x000000008429d4a8}: org/gradle/api/internal/project/AbstractPluginAwareBeanInfo> (0x000000008429d4a8) 
thrown [t:\workspace\open\src\hotspot\share\classfile\systemDictionary.cpp, line 256]
Event: 10.583 Thread 0x0000018cc1f32270 Exception <a 'java/lang/ClassNotFoundException'{0x00000000842adc70}: org/gradle/api/internal/project/AbstractPluginAwareCustomizer> (0x00000000842adc70) 
thrown [t:\workspace\open\src\hotspot\share\classfile\systemDictionary.cpp, line 256]
Event: 10.584 Thread 0x0000018cc1f32270 Exception <a 'java/lang/ClassNotFoundException'{0x00000000842c3820}: org/gradle/invocation/DefaultGradleCustomizer> (0x00000000842c3820) 
thrown [t:\workspace\open\src\hotspot\share\classfile\systemDictionary.cpp, line 256]

Events (20 events):
Event: 10.345 loading class java/util/function/BooleanSupplier
Event: 10.345 loading class java/util/function/BooleanSupplier done
Event: 10.345 loading class jdk/internal/jimage/ImageReader$Resource
Event: 10.345 loading class jdk/internal/jimage/ImageReader$Resource done
Event: 10.355 Executing  VM operation: G1CollectForAllocation
Event: 10.360 Executing  VM operation: G1CollectForAllocation done
Event: 10.373 loading class jdk/internal/access/foreign/MemorySegmentProxy
Event: 10.374 loading class jdk/internal/access/foreign/MemorySegmentProxy done
Event: 10.438 loading class java/util/WeakHashMap$KeyIterator
Event: 10.438 loading class java/util/WeakHashMap$HashIterator
Event: 10.439 loading class java/util/WeakHashMap$HashIterator done
Event: 10.439 loading class java/util/WeakHashMap$KeyIterator done
Event: 10.524 loading class com/sun/beans/finder/MethodFinder
Event: 10.525 loading class com/sun/beans/finder/AbstractFinder
Event: 10.525 loading class com/sun/beans/finder/AbstractFinder done
Event: 10.525 loading class com/sun/beans/finder/MethodFinder done
Event: 10.525 loading class com/sun/beans/finder/MethodFinder$1
Event: 10.525 loading class com/sun/beans/finder/MethodFinder$1 done
Event: 10.525 loading class com/sun/beans/finder/FinderUtils
Event: 10.526 loading class com/sun/beans/finder/FinderUtils done


Dynamic libraries:
0x00007ff7df810000 - 0x00007ff7df820000 	C:\Program Files\Java\jdk-16.0.2\bin\java.exe
0x00007ffb4a2e0000 - 0x00007ffb4a548000 	C:\WINDOWS\SYSTEM32\ntdll.dll
0x00007ffb49570000 - 0x00007ffb49639000 	C:\WINDOWS\System32\KERNEL32.DLL
0x00007ffb47a80000 - 0x00007ffb47e6d000 	C:\WINDOWS\System32\KERNELBASE.dll
0x00007ffb475b0000 - 0x00007ffb476fb000 	C:\WINDOWS\System32\ucrtbase.dll
0x00007ffb37d50000 - 0x00007ffb37d69000 	C:\Program Files\Java\jdk-16.0.2\bin\VCRUNTIME140.dll
0x00007ffb37cc0000 - 0x00007ffb37cd8000 	C:\Program Files\Java\jdk-16.0.2\bin\jli.dll
0x00007ffb48080000 - 0x00007ffb48134000 	C:\WINDOWS\System32\ADVAPI32.dll
0x00007ffb49370000 - 0x00007ffb49419000 	C:\WINDOWS\System32\msvcrt.dll
0x00007ffb49a50000 - 0x00007ffb49af6000 	C:\WINDOWS\System32\sechost.dll
0x00007ffb49040000 - 0x00007ffb49158000 	C:\WINDOWS\System32\RPCRT4.dll
0x00007ffb49ba0000 - 0x00007ffb49d6c000 	C:\WINDOWS\System32\USER32.dll
0x00007ffb35580000 - 0x00007ffb3581a000 	C:\WINDOWS\WinSxS\amd64_microsoft.windows.common-controls_6595b64144ccf1df_6.0.26100.4484_none_3e0e6d4ce32ef3b3\COMCTL32.dll
0x00007ffb48050000 - 0x00007ffb48077000 	C:\WINDOWS\System32\win32u.dll
0x00007ffb49730000 - 0x00007ffb4975b000 	C:\WINDOWS\System32\GDI32.dll
0x00007ffb47940000 - 0x00007ffb47a77000 	C:\WINDOWS\System32\gdi32full.dll
0x00007ffb47fa0000 - 0x00007ffb48043000 	C:\WINDOWS\System32\msvcp_win.dll
0x00007ffb3fd60000 - 0x00007ffb3fd6b000 	C:\WINDOWS\SYSTEM32\VERSION.dll
0x00007ffb49a10000 - 0x00007ffb49a3f000 	C:\WINDOWS\System32\IMM32.DLL
0x00007ffb39960000 - 0x00007ffb3996c000 	C:\Program Files\Java\jdk-16.0.2\bin\vcruntime140_1.dll
0x00007ffafe4b0000 - 0x00007ffafe541000 	C:\Program Files\Java\jdk-16.0.2\bin\msvcp140.dll
0x00007ffa685d0000 - 0x00007ffa6917b000 	C:\Program Files\Java\jdk-16.0.2\bin\server\jvm.dll
0x00007ffb49d70000 - 0x00007ffb49d78000 	C:\WINDOWS\System32\PSAPI.DLL
0x00007ffb3c6c0000 - 0x00007ffb3c6f5000 	C:\WINDOWS\SYSTEM32\WINMM.dll
0x00007ffb28230000 - 0x00007ffb2823a000 	C:\WINDOWS\SYSTEM32\WSOCK32.dll
0x00007ffb49b20000 - 0x00007ffb49b94000 	C:\WINDOWS\System32\WS2_32.dll
0x00007ffb461d0000 - 0x00007ffb461eb000 	C:\WINDOWS\SYSTEM32\kernel.appcore.dll
0x00007ffb37f90000 - 0x00007ffb37f9a000 	C:\Program Files\Java\jdk-16.0.2\bin\jimage.dll
0x00007ffb44de0000 - 0x00007ffb45021000 	C:\WINDOWS\SYSTEM32\DBGHELP.DLL
0x00007ffb48170000 - 0x00007ffb484f6000 	C:\WINDOWS\System32\combase.dll
0x00007ffb49640000 - 0x00007ffb49720000 	C:\WINDOWS\System32\OLEAUT32.dll
0x00007ffb32700000 - 0x00007ffb32743000 	C:\WINDOWS\SYSTEM32\dbgcore.DLL
0x00007ffb47f00000 - 0x00007ffb47f99000 	C:\WINDOWS\System32\bcryptPrimitives.dll
0x00007ffb37b30000 - 0x00007ffb37b3e000 	C:\Program Files\Java\jdk-16.0.2\bin\instrument.dll
0x00007ffb351f0000 - 0x00007ffb35215000 	C:\Program Files\Java\jdk-16.0.2\bin\java.dll
0x00007ffb48740000 - 0x00007ffb48e8a000 	C:\WINDOWS\System32\SHELL32.dll
0x00007ffb47700000 - 0x00007ffb47874000 	C:\WINDOWS\System32\wintypes.dll
0x00007ffb45060000 - 0x00007ffb458bb000 	C:\WINDOWS\SYSTEM32\windows.storage.dll
0x00007ffb48f40000 - 0x00007ffb49035000 	C:\WINDOWS\System32\SHCORE.dll
0x00007ffb49760000 - 0x00007ffb497ca000 	C:\WINDOWS\System32\shlwapi.dll
0x00007ffb47340000 - 0x00007ffb4736f000 	C:\WINDOWS\SYSTEM32\profapi.dll
0x00007ffb348a0000 - 0x00007ffb348b8000 	C:\Program Files\Java\jdk-16.0.2\bin\zip.dll
0x00007ffb342f0000 - 0x00007ffb34309000 	C:\Program Files\Java\jdk-16.0.2\bin\net.dll
0x00007ffb3f9d0000 - 0x00007ffb3faee000 	C:\WINDOWS\SYSTEM32\WINHTTP.dll
0x00007ffb46760000 - 0x00007ffb467ca000 	C:\WINDOWS\system32\mswsock.dll
0x00007ffb297e0000 - 0x00007ffb297f3000 	C:\Program Files\Java\jdk-16.0.2\bin\nio.dll
0x00007ffb378f0000 - 0x00007ffb37900000 	C:\Program Files\Java\jdk-16.0.2\bin\verify.dll
0x00007ffb20fc0000 - 0x00007ffb20fe7000 	C:\Users\DAFI\.gradle\native\68d5fa5c4cc2d200863cafc0d521ce42e7d3e7ee720ec0a83991735586a16f82\windows-amd64\native-platform.dll
0x00007ffafe2b0000 - 0x00007ffafe3f4000 	C:\Users\DAFI\.gradle\native\e376f236ea51e6404a007f0833ffe2c6e607c4080706a723a18a27aeea778392\windows-amd64\native-platform-file-events.dll
0x00007ffb374f0000 - 0x00007ffb374f9000 	C:\Program Files\Java\jdk-16.0.2\bin\management.dll
0x00007ffb37230000 - 0x00007ffb3723b000 	C:\Program Files\Java\jdk-16.0.2\bin\management_ext.dll
0x00007ffb46a10000 - 0x00007ffb46a2b000 	C:\WINDOWS\SYSTEM32\CRYPTSP.dll
0x00007ffb46130000 - 0x00007ffb4616b000 	C:\WINDOWS\system32\rsaenh.dll
0x00007ffb46800000 - 0x00007ffb4682b000 	C:\WINDOWS\SYSTEM32\USERENV.dll
0x00007ffb47310000 - 0x00007ffb47336000 	C:\WINDOWS\SYSTEM32\bcrypt.dll
0x00007ffb46a30000 - 0x00007ffb46a3c000 	C:\WINDOWS\SYSTEM32\CRYPTBASE.dll
0x00007ffb45bb0000 - 0x00007ffb45be3000 	C:\WINDOWS\SYSTEM32\IPHLPAPI.DLL
0x00007ffb49d80000 - 0x00007ffb49d8a000 	C:\WINDOWS\System32\NSI.dll
0x00007ffb3fd70000 - 0x00007ffb3fd8f000 	C:\WINDOWS\SYSTEM32\dhcpcsvc6.DLL
0x00007ffb3f930000 - 0x00007ffb3f955000 	C:\WINDOWS\SYSTEM32\dhcpcsvc.DLL
0x00007ffb45bf0000 - 0x00007ffb45d16000 	C:\WINDOWS\SYSTEM32\DNSAPI.dll
0x00007ffb35cb0000 - 0x00007ffb35cbe000 	C:\Program Files\Java\jdk-16.0.2\bin\sunmscapi.dll
0x00007ffb47430000 - 0x00007ffb475a7000 	C:\WINDOWS\System32\CRYPT32.dll
0x00007ffb46bb0000 - 0x00007ffb46be0000 	C:\WINDOWS\SYSTEM32\ncrypt.dll
0x00007ffb46b60000 - 0x00007ffb46b9f000 	C:\WINDOWS\SYSTEM32\NTASN1.dll
0x00007ffb35190000 - 0x00007ffb35198000 	C:\WINDOWS\system32\wshunix.dll

dbghelp: loaded successfully - version: 4.0.5 - missing functions: none
symbol engine: initialized successfully - sym options: 0x614 - pdb path: .;C:\Program Files\Java\jdk-16.0.2\bin;C:\WINDOWS\SYSTEM32;C:\WINDOWS\WinSxS\amd64_microsoft.windows.common-controls_6595b64144ccf1df_6.0.26100.4484_none_3e0e6d4ce32ef3b3;C:\Program Files\Java\jdk-16.0.2\bin\server;C:\Users\DAFI\.gradle\native\68d5fa5c4cc2d200863cafc0d521ce42e7d3e7ee720ec0a83991735586a16f82\windows-amd64;C:\Users\DAFI\.gradle\native\e376f236ea51e6404a007f0833ffe2c6e607c4080706a723a18a27aeea778392\windows-amd64

VM Arguments:
jvm_args: -XX:MaxMetaspaceSize=512m --add-opens=java.base/java.util=ALL-UNNAMED --add-opens=java.base/java.lang=ALL-UNNAMED --add-opens=java.base/java.lang.invoke=ALL-UNNAMED --add-opens=java.prefs/java.util.prefs=ALL-UNNAMED --add-opens=java.base/java.nio.charset=ALL-UNNAMED --add-opens=java.base/java.net=ALL-UNNAMED --add-opens=java.base/java.util.concurrent.atomic=ALL-UNNAMED -Xmx2048m -Dfile.encoding=utf8 -Duser.country=ID -Duser.language=en -Duser.variant -javaagent:C:\Users\DAFI\.gradle\wrapper\dists\gradle-8.3-all\6en3ugtfdg5xnpx44z4qbwgas\gradle-8.3\lib\agents\gradle-instrumentation-agent-8.3.jar 
java_command: org.gradle.launcher.daemon.bootstrap.GradleDaemon 8.3
java_class_path (initial): C:\Users\DAFI\.gradle\wrapper\dists\gradle-8.3-all\6en3ugtfdg5xnpx44z4qbwgas\gradle-8.3\lib\gradle-launcher-8.3.jar
Launcher Type: SUN_STANDARD

[Global flags]
     intx CICompilerCount                          = 12                                        {product} {ergonomic}
   size_t CompressedClassSpaceSize                 = 432013312                                 {product} {ergonomic}
     uint ConcGCThreads                            = 3                                         {product} {ergonomic}
     uint G1ConcRefinementThreads                  = 13                                        {product} {ergonomic}
   size_t G1HeapRegionSize                         = 1048576                                   {product} {ergonomic}
    uintx GCDrainStackTargetSize                   = 64                                        {product} {ergonomic}
   size_t InitialHeapSize                          = 98566144                                  {product} {ergonomic}
   size_t MarkStackSize                            = 4194304                                   {product} {ergonomic}
   size_t MaxHeapSize                              = 2147483648                                {product} {command line}
   size_t MaxMetaspaceSize                         = 536870912                                 {product} {command line}
   size_t MaxNewSize                               = 1287651328                                {product} {ergonomic}
   size_t MinHeapDeltaBytes                        = 1048576                                   {product} {ergonomic}
   size_t MinHeapSize                              = 8388608                                   {product} {ergonomic}
    uintx NonNMethodCodeHeapSize                   = 7602480                                {pd product} {ergonomic}
    uintx NonProfiledCodeHeapSize                  = 122027880                              {pd product} {ergonomic}
    uintx ProfiledCodeHeapSize                     = 122027880                              {pd product} {ergonomic}
    uintx ReservedCodeCacheSize                    = 251658240                              {pd product} {ergonomic}
     bool SegmentedCodeCache                       = true                                      {product} {ergonomic}
   size_t SoftMaxHeapSize                          = 2147483648                             {manageable} {ergonomic}
     bool UseCompressedClassPointers               = true                           {product lp64_product} {ergonomic}
     bool UseCompressedOops                        = true                           {product lp64_product} {ergonomic}
     bool UseG1GC                                  = true                                      {product} {ergonomic}
     bool UseLargePagesIndividualAllocation        = false                                  {pd product} {ergonomic}

Logging:
Log output configuration:
 #0: stdout all=warning uptime,level,tags
 #1: stderr all=off uptime,level,tags

Environment Variables:
PATH=C:\Users\DAFI\AppData\Local\Programs\Microsoft VS Code;C:\Python314\Scripts\;C:\Python314\;D:\Program Files\Python\Scripts\;D:\Program Files\Python\;C:\db_home\bin;C:\Oracle_21c\WINDOWS.X64_213000_db_home\bin;D:\app\dafi\product\12.2.0\dbhome_1\bin;D:\app\DAFI\virtual\product\12.2.0\dbhome_1\bin;C:\Program Files\Common Files\Oracle\Java\javapath;C:\Program Files (x86)\Common Files\Oracle\Java\java8path;C:\Program Files (x86)\Common Files\Oracle\Java\javapath;C:\Program Files (x86)\Common Files\Intel\Shared Files\cpp\bin\Intel64;C:\WINDOWS\system32;C:\WINDOWS;C:\WINDOWS\System32\Wbem;C:\WINDOWS\System32\WindowsPowerShell\v1.0\;C:\WINDOWS\System32\OpenSSH\;C:\Program Files\MySQL\MySQL Server 8.0\bin;C:\ProgramData\chocolatey\bin;C:\Program Files\Git\cmd;C:\Program Files (x86)\QuickTime\QTSystem\;C:\xampp\php;C:\ProgramData\ComposerSetup\bin;C:\Gradle\gradle-7.3\bin;C:\JavaFX\javafx-sdk-19\bin;C:\Program Files\WireGuard\;C:\Program Files\Java\jdk-22\bin;C:\Program Files\MongoDB\Server\7.0\bin;C:\Users\DAFI\AppData\Local\Packages\PythonSoftwareFoundation.Python.3.12_qbz5n2kfra8p0\LocalCache\local-packages\Python312\Scripts\;C:\Program Files\Maven\apache-maven-3.9.14\bin;C:\Program Files\apache-maven-3.9.14\bin;C:\Users\DAFI\.local\bin;C:\Program Files\nodejs\;C:\Users\DAFI\AppData\Local\Microsoft\WindowsApps;C:\Program Files\mingw-w64\x86_64-8.1.0-posix-seh-rt_v6-rev0\mingw64\bin;C:\Users\DAFI\AppData\Local\Programs\Microsoft VS Code\bin;C:\ProgramData\chocolatey\lib\mingw\tools\install\mingw64\bin;C:\Users\DAFI\AppData\Roaming\Composer\vendor\bin;C:\Program Files\swipl\bin;D:\Program Files\Python\Scripts\;D:\Program Files\Python\;C:\Program Files\mongosh\;C:\Users\DAFI\AppData\Local\GitHubDesktop\bin;C:\Users\DAFI\AppData\Local\PowerToys\DSCModules\;C:\Users\DAFI\AppData\Local\Programs\Antigravity\bin;C:\Users\DAFI\AppData\Local\Google\Cloud SDK\google-cloud-sdk\bin;C:\Users\DAFI\.local\bin;C:\Users\DAFI\AppData\Roaming\npm;
USERNAME=DAFI
OS=Windows_NT
PROCESSOR_IDENTIFIER=AMD64 Family 23 Model 104 Stepping 1, AuthenticAMD



---------------  S Y S T E M  ---------------

OS:
 Windows 10 , 64 bit Build 26100 (10.0.26100.4484)
OS uptime: 1 days 21:06 hours
Hyper-V role detected

CPU: total 16 (initial active 16) (16 cores per cpu, 2 threads per core) family 23 model 104 stepping 1 microcode 0x8608103, cx8, cmov, fxsr, ht, mmx, 3dnowpref, sse, sse2, sse3, ssse3, sse4a, sse4.1, sse4.2, popcnt, lzcnt, tsc, tscinvbit, avx, avx2, aes, clmul, bmi1, bmi2, adx, sha, fma, vzeroupper, clflush, clflushopt, hv

Memory: 4k page, system-wide physical 6005M (312M free)
TotalPageFile size 24437M (AvailPageFile size 12M)
current process WorkingSet (physical memory assigned to process): 204M, peak: 213M
current process commit charge ("private bytes"): 273M, peak: 285M

vm_info: Java HotSpot(TM) 64-Bit Server VM (16.0.2+7-67) for windows-amd64 JRE (16.0.2+7-67), built on Jun  8 2021 23:24:19 by "mach5one" with MS VC++ 16.7 (VS2019)

END.
